CRITICAL - 2024-05-16 03:46:56 --> ErrorException: Undefined variable: title
in APPPATH/Views/layout/template.php on line 8.
 1 APPPATH/Views/layout/template.php(8): CodeIgniter\Debug\Exceptions->errorHandler(8, 'Undefined variable: title', '/Volumes/mf480 - Data/Alifya/app/Views/layout/template.php', 8, [])
 2 SYSTEMPATH/View/View.php(228): include('/Volumes/mf480 - Data/Alifya/app/Views/layout/template.php')
 3 SYSTEMPATH/View/View.php(231): CodeIgniter\View\View->CodeIgniter\View\{closure}()
 4 SYSTEMPATH/View/View.php(244): CodeIgniter\View\View->render('layout/template', [], true)
 5 SYSTEMPATH/Common.php(1178): CodeIgniter\View\View->render('admin/dashboard_v', [], true)
 6 APPPATH/Controllers/Admin/DashboardController.php(12): view('admin/dashboard_v')
 7 SYSTEMPATH/CodeIgniter.php(941): App\Controllers\Admin\DashboardController->index()
 8 SYSTEMPATH/CodeIgniter.php(502): CodeIgniter\CodeIgniter->runController(Object(App\Controllers\Admin\DashboardController))
 9 SYSTEMPATH/CodeIgniter.php(361): CodeIgniter\CodeIgniter->handleRequest(null, Object(Config\Cache), false)
10 FCPATH/index.php(79): CodeIgniter\CodeIgniter->run()
11 SYSTEMPATH/Commands/Server/rewrite.php(47): require_once('/Volumes/mf480 - Data/Alifya/public/index.php')
CRITICAL - 2024-05-16 03:47:00 --> CodeIgniter\View\Exceptions\ViewException: Invalid file: "admin/hari_v.php"
in SYSTEMPATH/Exceptions/FrameworkException.php on line 39.
 1 SYSTEMPATH/View/View.php(216): CodeIgniter\Exceptions\FrameworkException::forInvalidFile('admin/hari_v.php')
 2 SYSTEMPATH/Common.php(1178): CodeIgniter\View\View->render('admin/hari_v', [], true)
 3 APPPATH/Controllers/Admin/HariController.php(28): view('admin/hari_v', [...])
 4 SYSTEMPATH/CodeIgniter.php(941): App\Controllers\Admin\HariController->index()
 5 SYSTEMPATH/CodeIgniter.php(502): CodeIgniter\CodeIgniter->runController(Object(App\Controllers\Admin\HariController))
 6 SYSTEMPATH/CodeIgniter.php(361): CodeIgniter\CodeIgniter->handleRequest(null, Object(Config\Cache), false)
 7 FCPATH/index.php(79): CodeIgniter\CodeIgniter->run()
 8 SYSTEMPATH/Commands/Server/rewrite.php(47): require_once('/Volumes/mf480 - Data/Alifya/public/index.php')
CRITICAL - 2024-05-16 03:47:04 --> Error: Class 'App\Controllers\Admin\waktuModel' not found
in APPPATH/Controllers/Admin/WaktuController.php on line 15.
 1 SYSTEMPATH/CodeIgniter.php(913): App\Controllers\Admin\WaktuController->__construct()
 2 SYSTEMPATH/CodeIgniter.php(493): CodeIgniter\CodeIgniter->createController()
 3 SYSTEMPATH/CodeIgniter.php(361): CodeIgniter\CodeIgniter->handleRequest(null, Object(Config\Cache), false)
 4 FCPATH/index.php(79): CodeIgniter\CodeIgniter->run()
 5 SYSTEMPATH/Commands/Server/rewrite.php(47): require_once('/Volumes/mf480 - Data/Alifya/public/index.php')
CRITICAL - 2024-05-16 03:58:49 --> Error: Class 'App\Controllers\Admin\waktuModel' not found
in APPPATH/Controllers/Admin/WaktuController.php on line 15.
 1 SYSTEMPATH/CodeIgniter.php(913): App\Controllers\Admin\WaktuController->__construct()
 2 SYSTEMPATH/CodeIgniter.php(493): CodeIgniter\CodeIgniter->createController()
 3 SYSTEMPATH/CodeIgniter.php(361): CodeIgniter\CodeIgniter->handleRequest(null, Object(Config\Cache), false)
 4 FCPATH/index.php(79): CodeIgniter\CodeIgniter->run()
 5 SYSTEMPATH/Commands/Server/rewrite.php(47): require_once('/Volumes/mf480 - Data/Alifya/public/index.php')
CRITICAL - 2024-05-16 03:58:52 --> ErrorException: Undefined variable: hari
in APPPATH/Views/admin/hari_v.php on line 48.
 1 APPPATH/Views/admin/hari_v.php(48): CodeIgniter\Debug\Exceptions->errorHandler(8, 'Undefined variable: hari', '/Volumes/mf480 - Data/Alifya/app/Views/admin/hari_v.php', 48, [...])
 2 SYSTEMPATH/View/View.php(228): include('/Volumes/mf480 - Data/Alifya/app/Views/admin/hari_v.php')
 3 SYSTEMPATH/View/View.php(231): CodeIgniter\View\View->CodeIgniter\View\{closure}()
 4 SYSTEMPATH/Common.php(1178): CodeIgniter\View\View->render('admin/hari_v', [], true)
 5 APPPATH/Controllers/Admin/HariController.php(28): view('admin/hari_v', [...])
 6 SYSTEMPATH/CodeIgniter.php(941): App\Controllers\Admin\HariController->index()
 7 SYSTEMPATH/CodeIgniter.php(502): CodeIgniter\CodeIgniter->runController(Object(App\Controllers\Admin\HariController))
 8 SYSTEMPATH/CodeIgniter.php(361): CodeIgniter\CodeIgniter->handleRequest(null, Object(Config\Cache), false)
 9 FCPATH/index.php(79): CodeIgniter\CodeIgniter->run()
10 SYSTEMPATH/Commands/Server/rewrite.php(47): require_once('/Volumes/mf480 - Data/Alifya/public/index.php')
CRITICAL - 2024-05-16 04:04:58 --> ErrorException: Undefined variable: nama_hari
in APPPATH/Views/admin/hari_v.php on line 48.
 1 APPPATH/Views/admin/hari_v.php(48): CodeIgniter\Debug\Exceptions->errorHandler(8, 'Undefined variable: nama_hari', '/Volumes/mf480 - Data/Alifya/app/Views/admin/hari_v.php', 48, [...])
 2 SYSTEMPATH/View/View.php(228): include('/Volumes/mf480 - Data/Alifya/app/Views/admin/hari_v.php')
 3 SYSTEMPATH/View/View.php(231): CodeIgniter\View\View->CodeIgniter\View\{closure}()
 4 SYSTEMPATH/Common.php(1178): CodeIgniter\View\View->render('admin/hari_v', [], true)
 5 APPPATH/Controllers/Admin/HariController.php(28): view('admin/hari_v', [...])
 6 SYSTEMPATH/CodeIgniter.php(941): App\Controllers\Admin\HariController->index()
 7 SYSTEMPATH/CodeIgniter.php(502): CodeIgniter\CodeIgniter->runController(Object(App\Controllers\Admin\HariController))
 8 SYSTEMPATH/CodeIgniter.php(361): CodeIgniter\CodeIgniter->handleRequest(null, Object(Config\Cache), false)
 9 FCPATH/index.php(79): CodeIgniter\CodeIgniter->run()
10 SYSTEMPATH/Commands/Server/rewrite.php(47): require_once('/Volumes/mf480 - Data/Alifya/public/index.php')
CRITICAL - 2024-05-16 04:24:11 --> Error: Class 'App\Controllers\Admin\waktuModel' not found
in APPPATH/Controllers/Admin/WaktuController.php on line 15.
 1 SYSTEMPATH/CodeIgniter.php(913): App\Controllers\Admin\WaktuController->__construct()
 2 SYSTEMPATH/CodeIgniter.php(493): CodeIgniter\CodeIgniter->createController()
 3 SYSTEMPATH/CodeIgniter.php(361): CodeIgniter\CodeIgniter->handleRequest(null, Object(Config\Cache), false)
 4 FCPATH/index.php(79): CodeIgniter\CodeIgniter->run()
 5 SYSTEMPATH/Commands/Server/rewrite.php(47): require_once('/Volumes/mf480 - Data/Alifya/public/index.php')
CRITICAL - 2024-05-16 04:24:46 --> CodeIgniter\View\Exceptions\ViewException: Invalid file: "admin/waktu_v.php"
in SYSTEMPATH/Exceptions/FrameworkException.php on line 39.
 1 SYSTEMPATH/View/View.php(216): CodeIgniter\Exceptions\FrameworkException::forInvalidFile('admin/waktu_v.php')
 2 SYSTEMPATH/Common.php(1178): CodeIgniter\View\View->render('admin/waktu_v', [], true)
 3 APPPATH/Controllers/Admin/WaktuController.php(28): view('admin/waktu_v', [...])
 4 SYSTEMPATH/CodeIgniter.php(941): App\Controllers\Admin\WaktuController->index()
 5 SYSTEMPATH/CodeIgniter.php(502): CodeIgniter\CodeIgniter->runController(Object(App\Controllers\Admin\WaktuController))
 6 SYSTEMPATH/CodeIgniter.php(361): CodeIgniter\CodeIgniter->handleRequest(null, Object(Config\Cache), false)
 7 FCPATH/index.php(79): CodeIgniter\CodeIgniter->run()
 8 SYSTEMPATH/Commands/Server/rewrite.php(47): require_once('/Volumes/mf480 - Data/Alifya/public/index.php')
