INFO - 2024-09-26 01:14:21 --> Session: Class initialized using 'CodeIgniter\Session\Handlers\FileHandler' driver.
ERROR - 2024-09-26 01:14:21 --> mysqli_sql_exception: Unknown column 'program_belajar_table.usia_anak' in 'field list' in /Volumes/mf480 - Data/Alifya/vendor/codeigniter4/framework/system/Database/MySQLi/Connection.php:306
Stack trace:
#0 /Volumes/mf480 - Data/Alifya/vendor/codeigniter4/framework/system/Database/MySQLi/Connection.php(306): mysqli->query('SELECT `program...', 0)
#1 /Volumes/mf480 - Data/Alifya/vendor/codeigniter4/framework/system/Database/BaseConnection.php(693): CodeIgniter\Database\MySQLi\Connection->execute('SELECT `program...')
#2 /Volumes/mf480 - Data/Alifya/vendor/codeigniter4/framework/system/Database/BaseConnection.php(607): CodeIgniter\Database\BaseConnection->simpleQuery('SELECT `program...')
#3 /Volumes/mf480 - Data/Alifya/vendor/codeigniter4/framework/system/Database/BaseBuilder.php(1616): CodeIgniter\Database\BaseConnection->query('SELECT `program...', Array, false)
#4 /Volumes/mf480 - Data/Alifya/vendor/codeigniter4/framework/system/Model.php(872): CodeIgniter\Database\BaseBuilder->get()
#5 /Volumes/mf480 - Data/Alifya/app/Models/Admin/ProgramBelajarModel.php(25): CodeIgniter\Model->__call('get', Array)
#6 /Volumes/mf480 - Data/Alifya/app/Controllers/Users/UsersController.php(36): App\Models\Admin\ProgramBelajarModel->getProgramBelajar()
#7 /Volumes/mf480 - Data/Alifya/vendor/codeigniter4/framework/system/CodeIgniter.php(941): App\Controllers\Users\UsersController->index()
#8 /Volumes/mf480 - Data/Alifya/vendor/codeigniter4/framework/system/CodeIgniter.php(502): CodeIgniter\CodeIgniter->runController(Object(App\Controllers\Users\UsersController))
#9 /Volumes/mf480 - Data/Alifya/vendor/codeigniter4/framework/system/CodeIgniter.php(361): CodeIgniter\CodeIgniter->handleRequest(NULL, Object(Config\Cache), false)
#10 /Volumes/mf480 - Data/Alifya/public/index.php(79): CodeIgniter\CodeIgniter->run()
#11 /Volumes/mf480 - Data/Alifya/vendor/codeigniter4/framework/system/Commands/Server/rewrite.php(47): require_once('/Volumes/mf480 ...')
#12 {main}
CRITICAL - 2024-09-26 01:14:21 --> CodeIgniter\Database\Exceptions\DatabaseException: Unknown column 'program_belajar_table.usia_anak' in 'field list'
in SYSTEMPATH/Database/BaseConnection.php on line 647.
 1 SYSTEMPATH/Database/BaseBuilder.php(1616): CodeIgniter\Database\BaseConnection->query('SELECT `program_belajar_table`.`id`, `program_belajar_table`.`nama_program`, `program_belajar_table`.`usia_anak`, `program_belajar_table`.`banner`
FROM `program_belajar_table`
ORDER BY `program_belajar_table`.`id` desc', [], false)
 2 SYSTEMPATH/Model.php(872): CodeIgniter\Database\BaseBuilder->get()
 3 APPPATH/Models/Admin/ProgramBelajarModel.php(25): CodeIgniter\Model->__call('get', [])
 4 APPPATH/Controllers/Users/UsersController.php(36): App\Models\Admin\ProgramBelajarModel->getProgramBelajar()
 5 SYSTEMPATH/CodeIgniter.php(941): App\Controllers\Users\UsersController->index()
 6 SYSTEMPATH/CodeIgniter.php(502): CodeIgniter\CodeIgniter->runController(Object(App\Controllers\Users\UsersController))
 7 SYSTEMPATH/CodeIgniter.php(361): CodeIgniter\CodeIgniter->handleRequest(null, Object(Config\Cache), false)
 8 FCPATH/index.php(79): CodeIgniter\CodeIgniter->run()
 9 SYSTEMPATH/Commands/Server/rewrite.php(47): require_once('/Volumes/mf480 - Data/Alifya/public/index.php')
CRITICAL - 2024-09-26 01:14:21 --> [Caused by] CodeIgniter\Database\Exceptions\DatabaseException: Unknown column 'program_belajar_table.usia_anak' in 'field list'
in SYSTEMPATH/Database/MySQLi/Connection.php on line 311.
 1 SYSTEMPATH/Database/BaseConnection.php(693): CodeIgniter\Database\MySQLi\Connection->execute('SELECT `program_belajar_table`.`id`, `program_belajar_table`.`nama_program`, `program_belajar_table`.`usia_anak`, `program_belajar_table`.`banner`
FROM `program_belajar_table`
ORDER BY `program_belajar_table`.`id` desc')
 2 SYSTEMPATH/Database/BaseConnection.php(607): CodeIgniter\Database\BaseConnection->simpleQuery('SELECT `program_belajar_table`.`id`, `program_belajar_table`.`nama_program`, `program_belajar_table`.`usia_anak`, `program_belajar_table`.`banner`
FROM `program_belajar_table`
ORDER BY `program_belajar_table`.`id` desc')
 3 SYSTEMPATH/Database/BaseBuilder.php(1616): CodeIgniter\Database\BaseConnection->query('SELECT `program_belajar_table`.`id`, `program_belajar_table`.`nama_program`, `program_belajar_table`.`usia_anak`, `program_belajar_table`.`banner`
FROM `program_belajar_table`
ORDER BY `program_belajar_table`.`id` desc', [], false)
 4 SYSTEMPATH/Model.php(872): CodeIgniter\Database\BaseBuilder->get()
 5 APPPATH/Models/Admin/ProgramBelajarModel.php(25): CodeIgniter\Model->__call('get', [])
 6 APPPATH/Controllers/Users/UsersController.php(36): App\Models\Admin\ProgramBelajarModel->getProgramBelajar()
 7 SYSTEMPATH/CodeIgniter.php(941): App\Controllers\Users\UsersController->index()
 8 SYSTEMPATH/CodeIgniter.php(502): CodeIgniter\CodeIgniter->runController(Object(App\Controllers\Users\UsersController))
 9 SYSTEMPATH/CodeIgniter.php(361): CodeIgniter\CodeIgniter->handleRequest(null, Object(Config\Cache), false)
10 FCPATH/index.php(79): CodeIgniter\CodeIgniter->run()
11 SYSTEMPATH/Commands/Server/rewrite.php(47): require_once('/Volumes/mf480 - Data/Alifya/public/index.php')
CRITICAL - 2024-09-26 01:14:21 --> [Caused by] mysqli_sql_exception: Unknown column 'program_belajar_table.usia_anak' in 'field list'
in SYSTEMPATH/Database/MySQLi/Connection.php on line 306.
 1 SYSTEMPATH/Database/MySQLi/Connection.php(306): mysqli->query('SELECT `program_belajar_table`.`id`, `program_belajar_table`.`nama_program`, `program_belajar_table`.`usia_anak`, `program_belajar_table`.`banner`
FROM `program_belajar_table`
ORDER BY `program_belajar_table`.`id` desc', 0)
 2 SYSTEMPATH/Database/BaseConnection.php(693): CodeIgniter\Database\MySQLi\Connection->execute('SELECT `program_belajar_table`.`id`, `program_belajar_table`.`nama_program`, `program_belajar_table`.`usia_anak`, `program_belajar_table`.`banner`
FROM `program_belajar_table`
ORDER BY `program_belajar_table`.`id` desc')
 3 SYSTEMPATH/Database/BaseConnection.php(607): CodeIgniter\Database\BaseConnection->simpleQuery('SELECT `program_belajar_table`.`id`, `program_belajar_table`.`nama_program`, `program_belajar_table`.`usia_anak`, `program_belajar_table`.`banner`
FROM `program_belajar_table`
ORDER BY `program_belajar_table`.`id` desc')
 4 SYSTEMPATH/Database/BaseBuilder.php(1616): CodeIgniter\Database\BaseConnection->query('SELECT `program_belajar_table`.`id`, `program_belajar_table`.`nama_program`, `program_belajar_table`.`usia_anak`, `program_belajar_table`.`banner`
FROM `program_belajar_table`
ORDER BY `program_belajar_table`.`id` desc', [], false)
 5 SYSTEMPATH/Model.php(872): CodeIgniter\Database\BaseBuilder->get()
 6 APPPATH/Models/Admin/ProgramBelajarModel.php(25): CodeIgniter\Model->__call('get', [])
 7 APPPATH/Controllers/Users/UsersController.php(36): App\Models\Admin\ProgramBelajarModel->getProgramBelajar()
 8 SYSTEMPATH/CodeIgniter.php(941): App\Controllers\Users\UsersController->index()
 9 SYSTEMPATH/CodeIgniter.php(502): CodeIgniter\CodeIgniter->runController(Object(App\Controllers\Users\UsersController))
10 SYSTEMPATH/CodeIgniter.php(361): CodeIgniter\CodeIgniter->handleRequest(null, Object(Config\Cache), false)
11 FCPATH/index.php(79): CodeIgniter\CodeIgniter->run()
12 SYSTEMPATH/Commands/Server/rewrite.php(47): require_once('/Volumes/mf480 - Data/Alifya/public/index.php')
INFO - 2024-09-26 01:14:41 --> Session: Class initialized using 'CodeIgniter\Session\Handlers\FileHandler' driver.
INFO - 2024-09-26 01:14:47 --> Session: Class initialized using 'CodeIgniter\Session\Handlers\FileHandler' driver.
INFO - 2024-09-26 01:14:57 --> Session: Class initialized using 'CodeIgniter\Session\Handlers\FileHandler' driver.
INFO - 2024-09-26 01:15:00 --> Session: Class initialized using 'CodeIgniter\Session\Handlers\FileHandler' driver.
INFO - 2024-09-26 01:16:01 --> Session: Class initialized using 'CodeIgniter\Session\Handlers\FileHandler' driver.
INFO - 2024-09-26 01:17:55 --> Session: Class initialized using 'CodeIgniter\Session\Handlers\FileHandler' driver.
INFO - 2024-09-26 01:18:03 --> Session: Class initialized using 'CodeIgniter\Session\Handlers\FileHandler' driver.
INFO - 2024-09-26 01:18:06 --> Session: Class initialized using 'CodeIgniter\Session\Handlers\FileHandler' driver.
INFO - 2024-09-26 01:18:07 --> Session: Class initialized using 'CodeIgniter\Session\Handlers\FileHandler' driver.
INFO - 2024-09-26 01:18:19 --> Session: Class initialized using 'CodeIgniter\Session\Handlers\FileHandler' driver.
INFO - 2024-09-26 01:18:20 --> Session: Class initialized using 'CodeIgniter\Session\Handlers\FileHandler' driver.
INFO - 2024-09-26 01:18:26 --> Session: Class initialized using 'CodeIgniter\Session\Handlers\FileHandler' driver.
ERROR - 2024-09-26 01:18:26 --> mysqli_sql_exception: Unknown column 'alat_pengajaran_table.materi_belajar' in 'field list' in /Volumes/mf480 - Data/Alifya/vendor/codeigniter4/framework/system/Database/MySQLi/Connection.php:306
Stack trace:
#0 /Volumes/mf480 - Data/Alifya/vendor/codeigniter4/framework/system/Database/MySQLi/Connection.php(306): mysqli->query('SELECT `alat_pe...', 0)
#1 /Volumes/mf480 - Data/Alifya/vendor/codeigniter4/framework/system/Database/BaseConnection.php(693): CodeIgniter\Database\MySQLi\Connection->execute('SELECT `alat_pe...')
#2 /Volumes/mf480 - Data/Alifya/vendor/codeigniter4/framework/system/Database/BaseConnection.php(607): CodeIgniter\Database\BaseConnection->simpleQuery('SELECT `alat_pe...')
#3 /Volumes/mf480 - Data/Alifya/vendor/codeigniter4/framework/system/Database/BaseBuilder.php(1616): CodeIgniter\Database\BaseConnection->query('SELECT `alat_pe...', Array, false)
#4 /Volumes/mf480 - Data/Alifya/vendor/codeigniter4/framework/system/Model.php(872): CodeIgniter\Database\BaseBuilder->get()
#5 /Volumes/mf480 - Data/Alifya/app/Models/Admin/AlatPengajaranModel.php(25): CodeIgniter\Model->__call('get', Array)
#6 /Volumes/mf480 - Data/Alifya/app/Controllers/Admin/AlatPengajaranController.php(30): App\Models\Admin\AlatPengajaranModel->getAlatPengajaran()
#7 /Volumes/mf480 - Data/Alifya/vendor/codeigniter4/framework/system/CodeIgniter.php(941): App\Controllers\Admin\AlatPengajaranController->index()
#8 /Volumes/mf480 - Data/Alifya/vendor/codeigniter4/framework/system/CodeIgniter.php(502): CodeIgniter\CodeIgniter->runController(Object(App\Controllers\Admin\AlatPengajaranController))
#9 /Volumes/mf480 - Data/Alifya/vendor/codeigniter4/framework/system/CodeIgniter.php(361): CodeIgniter\CodeIgniter->handleRequest(NULL, Object(Config\Cache), false)
#10 /Volumes/mf480 - Data/Alifya/public/index.php(79): CodeIgniter\CodeIgniter->run()
#11 /Volumes/mf480 - Data/Alifya/vendor/codeigniter4/framework/system/Commands/Server/rewrite.php(47): require_once('/Volumes/mf480 ...')
#12 {main}
CRITICAL - 2024-09-26 01:18:26 --> CodeIgniter\Database\Exceptions\DatabaseException: Unknown column 'alat_pengajaran_table.materi_belajar' in 'field list'
in SYSTEMPATH/Database/BaseConnection.php on line 647.
 1 SYSTEMPATH/Database/BaseBuilder.php(1616): CodeIgniter\Database\BaseConnection->query('SELECT `alat_pengajaran_table`.`id`, `alat_pengajaran_table`.`materi_belajar`, `alat_pengajaran_table`.`link`
FROM `alat_pengajaran_table`
ORDER BY `alat_pengajaran_table`.`id` desc', [], false)
 2 SYSTEMPATH/Model.php(872): CodeIgniter\Database\BaseBuilder->get()
 3 APPPATH/Models/Admin/AlatPengajaranModel.php(25): CodeIgniter\Model->__call('get', [])
 4 APPPATH/Controllers/Admin/AlatPengajaranController.php(30): App\Models\Admin\AlatPengajaranModel->getAlatPengajaran()
 5 SYSTEMPATH/CodeIgniter.php(941): App\Controllers\Admin\AlatPengajaranController->index()
 6 SYSTEMPATH/CodeIgniter.php(502): CodeIgniter\CodeIgniter->runController(Object(App\Controllers\Admin\AlatPengajaranController))
 7 SYSTEMPATH/CodeIgniter.php(361): CodeIgniter\CodeIgniter->handleRequest(null, Object(Config\Cache), false)
 8 FCPATH/index.php(79): CodeIgniter\CodeIgniter->run()
 9 SYSTEMPATH/Commands/Server/rewrite.php(47): require_once('/Volumes/mf480 - Data/Alifya/public/index.php')
CRITICAL - 2024-09-26 01:18:26 --> [Caused by] CodeIgniter\Database\Exceptions\DatabaseException: Unknown column 'alat_pengajaran_table.materi_belajar' in 'field list'
in SYSTEMPATH/Database/MySQLi/Connection.php on line 311.
 1 SYSTEMPATH/Database/BaseConnection.php(693): CodeIgniter\Database\MySQLi\Connection->execute('SELECT `alat_pengajaran_table`.`id`, `alat_pengajaran_table`.`materi_belajar`, `alat_pengajaran_table`.`link`
FROM `alat_pengajaran_table`
ORDER BY `alat_pengajaran_table`.`id` desc')
 2 SYSTEMPATH/Database/BaseConnection.php(607): CodeIgniter\Database\BaseConnection->simpleQuery('SELECT `alat_pengajaran_table`.`id`, `alat_pengajaran_table`.`materi_belajar`, `alat_pengajaran_table`.`link`
FROM `alat_pengajaran_table`
ORDER BY `alat_pengajaran_table`.`id` desc')
 3 SYSTEMPATH/Database/BaseBuilder.php(1616): CodeIgniter\Database\BaseConnection->query('SELECT `alat_pengajaran_table`.`id`, `alat_pengajaran_table`.`materi_belajar`, `alat_pengajaran_table`.`link`
FROM `alat_pengajaran_table`
ORDER BY `alat_pengajaran_table`.`id` desc', [], false)
 4 SYSTEMPATH/Model.php(872): CodeIgniter\Database\BaseBuilder->get()
 5 APPPATH/Models/Admin/AlatPengajaranModel.php(25): CodeIgniter\Model->__call('get', [])
 6 APPPATH/Controllers/Admin/AlatPengajaranController.php(30): App\Models\Admin\AlatPengajaranModel->getAlatPengajaran()
 7 SYSTEMPATH/CodeIgniter.php(941): App\Controllers\Admin\AlatPengajaranController->index()
 8 SYSTEMPATH/CodeIgniter.php(502): CodeIgniter\CodeIgniter->runController(Object(App\Controllers\Admin\AlatPengajaranController))
 9 SYSTEMPATH/CodeIgniter.php(361): CodeIgniter\CodeIgniter->handleRequest(null, Object(Config\Cache), false)
10 FCPATH/index.php(79): CodeIgniter\CodeIgniter->run()
11 SYSTEMPATH/Commands/Server/rewrite.php(47): require_once('/Volumes/mf480 - Data/Alifya/public/index.php')
CRITICAL - 2024-09-26 01:18:26 --> [Caused by] mysqli_sql_exception: Unknown column 'alat_pengajaran_table.materi_belajar' in 'field list'
in SYSTEMPATH/Database/MySQLi/Connection.php on line 306.
 1 SYSTEMPATH/Database/MySQLi/Connection.php(306): mysqli->query('SELECT `alat_pengajaran_table`.`id`, `alat_pengajaran_table`.`materi_belajar`, `alat_pengajaran_table`.`link`
FROM `alat_pengajaran_table`
ORDER BY `alat_pengajaran_table`.`id` desc', 0)
 2 SYSTEMPATH/Database/BaseConnection.php(693): CodeIgniter\Database\MySQLi\Connection->execute('SELECT `alat_pengajaran_table`.`id`, `alat_pengajaran_table`.`materi_belajar`, `alat_pengajaran_table`.`link`
FROM `alat_pengajaran_table`
ORDER BY `alat_pengajaran_table`.`id` desc')
 3 SYSTEMPATH/Database/BaseConnection.php(607): CodeIgniter\Database\BaseConnection->simpleQuery('SELECT `alat_pengajaran_table`.`id`, `alat_pengajaran_table`.`materi_belajar`, `alat_pengajaran_table`.`link`
FROM `alat_pengajaran_table`
ORDER BY `alat_pengajaran_table`.`id` desc')
 4 SYSTEMPATH/Database/BaseBuilder.php(1616): CodeIgniter\Database\BaseConnection->query('SELECT `alat_pengajaran_table`.`id`, `alat_pengajaran_table`.`materi_belajar`, `alat_pengajaran_table`.`link`
FROM `alat_pengajaran_table`
ORDER BY `alat_pengajaran_table`.`id` desc', [], false)
 5 SYSTEMPATH/Model.php(872): CodeIgniter\Database\BaseBuilder->get()
 6 APPPATH/Models/Admin/AlatPengajaranModel.php(25): CodeIgniter\Model->__call('get', [])
 7 APPPATH/Controllers/Admin/AlatPengajaranController.php(30): App\Models\Admin\AlatPengajaranModel->getAlatPengajaran()
 8 SYSTEMPATH/CodeIgniter.php(941): App\Controllers\Admin\AlatPengajaranController->index()
 9 SYSTEMPATH/CodeIgniter.php(502): CodeIgniter\CodeIgniter->runController(Object(App\Controllers\Admin\AlatPengajaranController))
10 SYSTEMPATH/CodeIgniter.php(361): CodeIgniter\CodeIgniter->handleRequest(null, Object(Config\Cache), false)
11 FCPATH/index.php(79): CodeIgniter\CodeIgniter->run()
12 SYSTEMPATH/Commands/Server/rewrite.php(47): require_once('/Volumes/mf480 - Data/Alifya/public/index.php')
INFO - 2024-09-26 01:18:29 --> Session: Class initialized using 'CodeIgniter\Session\Handlers\FileHandler' driver.
ERROR - 2024-09-26 01:18:29 --> mysqli_sql_exception: Unknown column 'alat_pengajaran_table.materi_belajar' in 'field list' in /Volumes/mf480 - Data/Alifya/vendor/codeigniter4/framework/system/Database/MySQLi/Connection.php:306
Stack trace:
#0 /Volumes/mf480 - Data/Alifya/vendor/codeigniter4/framework/system/Database/MySQLi/Connection.php(306): mysqli->query('SELECT `alat_pe...', 0)
#1 /Volumes/mf480 - Data/Alifya/vendor/codeigniter4/framework/system/Database/BaseConnection.php(693): CodeIgniter\Database\MySQLi\Connection->execute('SELECT `alat_pe...')
#2 /Volumes/mf480 - Data/Alifya/vendor/codeigniter4/framework/system/Database/BaseConnection.php(607): CodeIgniter\Database\BaseConnection->simpleQuery('SELECT `alat_pe...')
#3 /Volumes/mf480 - Data/Alifya/vendor/codeigniter4/framework/system/Database/BaseBuilder.php(1616): CodeIgniter\Database\BaseConnection->query('SELECT `alat_pe...', Array, false)
#4 /Volumes/mf480 - Data/Alifya/vendor/codeigniter4/framework/system/Model.php(872): CodeIgniter\Database\BaseBuilder->get()
#5 /Volumes/mf480 - Data/Alifya/app/Models/Admin/AlatPengajaranModel.php(25): CodeIgniter\Model->__call('get', Array)
#6 /Volumes/mf480 - Data/Alifya/app/Controllers/Admin/AlatPengajaranController.php(30): App\Models\Admin\AlatPengajaranModel->getAlatPengajaran()
#7 /Volumes/mf480 - Data/Alifya/vendor/codeigniter4/framework/system/CodeIgniter.php(941): App\Controllers\Admin\AlatPengajaranController->index()
#8 /Volumes/mf480 - Data/Alifya/vendor/codeigniter4/framework/system/CodeIgniter.php(502): CodeIgniter\CodeIgniter->runController(Object(App\Controllers\Admin\AlatPengajaranController))
#9 /Volumes/mf480 - Data/Alifya/vendor/codeigniter4/framework/system/CodeIgniter.php(361): CodeIgniter\CodeIgniter->handleRequest(NULL, Object(Config\Cache), false)
#10 /Volumes/mf480 - Data/Alifya/public/index.php(79): CodeIgniter\CodeIgniter->run()
#11 /Volumes/mf480 - Data/Alifya/vendor/codeigniter4/framework/system/Commands/Server/rewrite.php(47): require_once('/Volumes/mf480 ...')
#12 {main}
CRITICAL - 2024-09-26 01:18:29 --> CodeIgniter\Database\Exceptions\DatabaseException: Unknown column 'alat_pengajaran_table.materi_belajar' in 'field list'
in SYSTEMPATH/Database/BaseConnection.php on line 647.
 1 SYSTEMPATH/Database/BaseBuilder.php(1616): CodeIgniter\Database\BaseConnection->query('SELECT `alat_pengajaran_table`.`id`, `alat_pengajaran_table`.`materi_belajar`, `alat_pengajaran_table`.`link`
FROM `alat_pengajaran_table`
ORDER BY `alat_pengajaran_table`.`id` desc', [], false)
 2 SYSTEMPATH/Model.php(872): CodeIgniter\Database\BaseBuilder->get()
 3 APPPATH/Models/Admin/AlatPengajaranModel.php(25): CodeIgniter\Model->__call('get', [])
 4 APPPATH/Controllers/Admin/AlatPengajaranController.php(30): App\Models\Admin\AlatPengajaranModel->getAlatPengajaran()
 5 SYSTEMPATH/CodeIgniter.php(941): App\Controllers\Admin\AlatPengajaranController->index()
 6 SYSTEMPATH/CodeIgniter.php(502): CodeIgniter\CodeIgniter->runController(Object(App\Controllers\Admin\AlatPengajaranController))
 7 SYSTEMPATH/CodeIgniter.php(361): CodeIgniter\CodeIgniter->handleRequest(null, Object(Config\Cache), false)
 8 FCPATH/index.php(79): CodeIgniter\CodeIgniter->run()
 9 SYSTEMPATH/Commands/Server/rewrite.php(47): require_once('/Volumes/mf480 - Data/Alifya/public/index.php')
CRITICAL - 2024-09-26 01:18:29 --> [Caused by] CodeIgniter\Database\Exceptions\DatabaseException: Unknown column 'alat_pengajaran_table.materi_belajar' in 'field list'
in SYSTEMPATH/Database/MySQLi/Connection.php on line 311.
 1 SYSTEMPATH/Database/BaseConnection.php(693): CodeIgniter\Database\MySQLi\Connection->execute('SELECT `alat_pengajaran_table`.`id`, `alat_pengajaran_table`.`materi_belajar`, `alat_pengajaran_table`.`link`
FROM `alat_pengajaran_table`
ORDER BY `alat_pengajaran_table`.`id` desc')
 2 SYSTEMPATH/Database/BaseConnection.php(607): CodeIgniter\Database\BaseConnection->simpleQuery('SELECT `alat_pengajaran_table`.`id`, `alat_pengajaran_table`.`materi_belajar`, `alat_pengajaran_table`.`link`
FROM `alat_pengajaran_table`
ORDER BY `alat_pengajaran_table`.`id` desc')
 3 SYSTEMPATH/Database/BaseBuilder.php(1616): CodeIgniter\Database\BaseConnection->query('SELECT `alat_pengajaran_table`.`id`, `alat_pengajaran_table`.`materi_belajar`, `alat_pengajaran_table`.`link`
FROM `alat_pengajaran_table`
ORDER BY `alat_pengajaran_table`.`id` desc', [], false)
 4 SYSTEMPATH/Model.php(872): CodeIgniter\Database\BaseBuilder->get()
 5 APPPATH/Models/Admin/AlatPengajaranModel.php(25): CodeIgniter\Model->__call('get', [])
 6 APPPATH/Controllers/Admin/AlatPengajaranController.php(30): App\Models\Admin\AlatPengajaranModel->getAlatPengajaran()
 7 SYSTEMPATH/CodeIgniter.php(941): App\Controllers\Admin\AlatPengajaranController->index()
 8 SYSTEMPATH/CodeIgniter.php(502): CodeIgniter\CodeIgniter->runController(Object(App\Controllers\Admin\AlatPengajaranController))
 9 SYSTEMPATH/CodeIgniter.php(361): CodeIgniter\CodeIgniter->handleRequest(null, Object(Config\Cache), false)
10 FCPATH/index.php(79): CodeIgniter\CodeIgniter->run()
11 SYSTEMPATH/Commands/Server/rewrite.php(47): require_once('/Volumes/mf480 - Data/Alifya/public/index.php')
CRITICAL - 2024-09-26 01:18:29 --> [Caused by] mysqli_sql_exception: Unknown column 'alat_pengajaran_table.materi_belajar' in 'field list'
in SYSTEMPATH/Database/MySQLi/Connection.php on line 306.
 1 SYSTEMPATH/Database/MySQLi/Connection.php(306): mysqli->query('SELECT `alat_pengajaran_table`.`id`, `alat_pengajaran_table`.`materi_belajar`, `alat_pengajaran_table`.`link`
FROM `alat_pengajaran_table`
ORDER BY `alat_pengajaran_table`.`id` desc', 0)
 2 SYSTEMPATH/Database/BaseConnection.php(693): CodeIgniter\Database\MySQLi\Connection->execute('SELECT `alat_pengajaran_table`.`id`, `alat_pengajaran_table`.`materi_belajar`, `alat_pengajaran_table`.`link`
FROM `alat_pengajaran_table`
ORDER BY `alat_pengajaran_table`.`id` desc')
 3 SYSTEMPATH/Database/BaseConnection.php(607): CodeIgniter\Database\BaseConnection->simpleQuery('SELECT `alat_pengajaran_table`.`id`, `alat_pengajaran_table`.`materi_belajar`, `alat_pengajaran_table`.`link`
FROM `alat_pengajaran_table`
ORDER BY `alat_pengajaran_table`.`id` desc')
 4 SYSTEMPATH/Database/BaseBuilder.php(1616): CodeIgniter\Database\BaseConnection->query('SELECT `alat_pengajaran_table`.`id`, `alat_pengajaran_table`.`materi_belajar`, `alat_pengajaran_table`.`link`
FROM `alat_pengajaran_table`
ORDER BY `alat_pengajaran_table`.`id` desc', [], false)
 5 SYSTEMPATH/Model.php(872): CodeIgniter\Database\BaseBuilder->get()
 6 APPPATH/Models/Admin/AlatPengajaranModel.php(25): CodeIgniter\Model->__call('get', [])
 7 APPPATH/Controllers/Admin/AlatPengajaranController.php(30): App\Models\Admin\AlatPengajaranModel->getAlatPengajaran()
 8 SYSTEMPATH/CodeIgniter.php(941): App\Controllers\Admin\AlatPengajaranController->index()
 9 SYSTEMPATH/CodeIgniter.php(502): CodeIgniter\CodeIgniter->runController(Object(App\Controllers\Admin\AlatPengajaranController))
10 SYSTEMPATH/CodeIgniter.php(361): CodeIgniter\CodeIgniter->handleRequest(null, Object(Config\Cache), false)
11 FCPATH/index.php(79): CodeIgniter\CodeIgniter->run()
12 SYSTEMPATH/Commands/Server/rewrite.php(47): require_once('/Volumes/mf480 - Data/Alifya/public/index.php')
INFO - 2024-09-26 01:20:54 --> Session: Class initialized using 'CodeIgniter\Session\Handlers\FileHandler' driver.
INFO - 2024-09-26 01:21:06 --> Session: Class initialized using 'CodeIgniter\Session\Handlers\FileHandler' driver.
INFO - 2024-09-26 01:22:58 --> Session: Class initialized using 'CodeIgniter\Session\Handlers\FileHandler' driver.
INFO - 2024-09-26 01:23:03 --> Session: Class initialized using 'CodeIgniter\Session\Handlers\FileHandler' driver.
INFO - 2024-09-26 01:23:07 --> Session: Class initialized using 'CodeIgniter\Session\Handlers\FileHandler' driver.
INFO - 2024-09-26 01:23:14 --> Session: Class initialized using 'CodeIgniter\Session\Handlers\FileHandler' driver.
INFO - 2024-09-26 01:23:15 --> Session: Class initialized using 'CodeIgniter\Session\Handlers\FileHandler' driver.
INFO - 2024-09-26 01:23:17 --> Session: Class initialized using 'CodeIgniter\Session\Handlers\FileHandler' driver.
INFO - 2024-09-26 01:23:18 --> Session: Class initialized using 'CodeIgniter\Session\Handlers\FileHandler' driver.
INFO - 2024-09-26 01:23:19 --> Session: Class initialized using 'CodeIgniter\Session\Handlers\FileHandler' driver.
INFO - 2024-09-26 01:24:34 --> Session: Class initialized using 'CodeIgniter\Session\Handlers\FileHandler' driver.
INFO - 2024-09-26 01:35:11 --> Session: Class initialized using 'CodeIgniter\Session\Handlers\FileHandler' driver.
INFO - 2024-09-26 01:36:18 --> Session: Class initialized using 'CodeIgniter\Session\Handlers\FileHandler' driver.
INFO - 2024-09-26 01:45:30 --> Session: Class initialized using 'CodeIgniter\Session\Handlers\FileHandler' driver.
INFO - 2024-09-26 01:59:04 --> Session: Class initialized using 'CodeIgniter\Session\Handlers\FileHandler' driver.
INFO - 2024-09-26 08:49:09 --> Session: Class initialized using 'CodeIgniter\Session\Handlers\FileHandler' driver.
INFO - 2024-09-26 09:12:29 --> Session: Class initialized using 'CodeIgniter\Session\Handlers\FileHandler' driver.
INFO - 2024-09-26 09:50:57 --> Session: Class initialized using 'CodeIgniter\Session\Handlers\FileHandler' driver.
INFO - 2024-09-26 10:11:47 --> Session: Class initialized using 'CodeIgniter\Session\Handlers\FileHandler' driver.
INFO - 2024-09-26 10:32:10 --> Session: Class initialized using 'CodeIgniter\Session\Handlers\FileHandler' driver.
INFO - 2024-09-26 10:32:15 --> Session: Class initialized using 'CodeIgniter\Session\Handlers\FileHandler' driver.
INFO - 2024-09-26 10:32:24 --> Session: Class initialized using 'CodeIgniter\Session\Handlers\FileHandler' driver.
INFO - 2024-09-26 10:32:29 --> Session: Class initialized using 'CodeIgniter\Session\Handlers\FileHandler' driver.
INFO - 2024-09-26 10:32:30 --> Session: Class initialized using 'CodeIgniter\Session\Handlers\FileHandler' driver.
INFO - 2024-09-26 10:32:33 --> Session: Class initialized using 'CodeIgniter\Session\Handlers\FileHandler' driver.
INFO - 2024-09-26 10:33:16 --> Session: Class initialized using 'CodeIgniter\Session\Handlers\FileHandler' driver.
INFO - 2024-09-26 13:22:42 --> Session: Class initialized using 'CodeIgniter\Session\Handlers\FileHandler' driver.
INFO - 2024-09-26 13:22:49 --> Session: Class initialized using 'CodeIgniter\Session\Handlers\FileHandler' driver.
