CRITICAL - 2024-04-05 02:12:08 --> ErrorException: Undefined variable: materi_belajar
in APPPATH/Views/admin/materi_belajar_v.php on line 49.
 1 APPPATH/Views/admin/materi_belajar_v.php(49): CodeIgniter\Debug\Exceptions->errorHandler(8, 'Undefined variable: materi_belajar', '/Volumes/mf480 - Data/Alifya/app/Views/admin/materi_belajar_v.php', 49, [...])
 2 SYSTEMPATH/View/View.php(228): include('/Volumes/mf480 - Data/Alifya/app/Views/admin/materi_belajar_v.php')
 3 SYSTEMPATH/View/View.php(231): CodeIgniter\View\View->CodeIgniter\View\{closure}()
 4 SYSTEMPATH/Common.php(1178): CodeIgniter\View\View->render('admin/materi_belajar_v', [], true)
 5 APPPATH/Controllers/Admin/StatusPengajarController.php(28): view('admin/materi_belajar_v', [...])
 6 SYSTEMPATH/CodeIgniter.php(941): App\Controllers\Admin\StatusPengajarController->index()
 7 SYSTEMPATH/CodeIgniter.php(502): CodeIgniter\CodeIgniter->runController(Object(App\Controllers\Admin\StatusPengajarController))
 8 SYSTEMPATH/CodeIgniter.php(361): CodeIgniter\CodeIgniter->handleRequest(null, Object(Config\Cache), false)
 9 FCPATH/index.php(79): CodeIgniter\CodeIgniter->run()
10 SYSTEMPATH/Commands/Server/rewrite.php(47): require_once('/Volumes/mf480 - Data/Alifya/public/index.php')
CRITICAL - 2024-04-05 02:16:44 --> CodeIgniter\View\Exceptions\ViewException: Invalid file: "admin/status_pengajar_v.php"
in SYSTEMPATH/Exceptions/FrameworkException.php on line 39.
 1 SYSTEMPATH/View/View.php(216): CodeIgniter\Exceptions\FrameworkException::forInvalidFile('admin/status_pengajar_v.php')
 2 SYSTEMPATH/Common.php(1178): CodeIgniter\View\View->render('admin/status_pengajar_v', [], true)
 3 APPPATH/Controllers/Admin/StatusPengajarController.php(28): view('admin/status_pengajar_v', [...])
 4 SYSTEMPATH/CodeIgniter.php(941): App\Controllers\Admin\StatusPengajarController->index()
 5 SYSTEMPATH/CodeIgniter.php(502): CodeIgniter\CodeIgniter->runController(Object(App\Controllers\Admin\StatusPengajarController))
 6 SYSTEMPATH/CodeIgniter.php(361): CodeIgniter\CodeIgniter->handleRequest(null, Object(Config\Cache), false)
 7 FCPATH/index.php(79): CodeIgniter\CodeIgniter->run()
 8 SYSTEMPATH/Commands/Server/rewrite.php(47): require_once('/Volumes/mf480 - Data/Alifya/public/index.php')
CRITICAL - 2024-04-05 02:35:00 --> ErrorException: Undefined variable: title
in APPPATH/Views/layout/template.php on line 8.
 1 APPPATH/Views/layout/template.php(8): CodeIgniter\Debug\Exceptions->errorHandler(8, 'Undefined variable: title', '/Volumes/mf480 - Data/Alifya/app/Views/layout/template.php', 8, [])
 2 SYSTEMPATH/View/View.php(228): include('/Volumes/mf480 - Data/Alifya/app/Views/layout/template.php')
 3 SYSTEMPATH/View/View.php(231): CodeIgniter\View\View->CodeIgniter\View\{closure}()
 4 SYSTEMPATH/View/View.php(244): CodeIgniter\View\View->render('layout/template', [], true)
 5 SYSTEMPATH/Common.php(1178): CodeIgniter\View\View->render('admin/dashboard_v', [], true)
 6 APPPATH/Controllers/Admin/DashboardController.php(12): view('admin/dashboard_v')
 7 SYSTEMPATH/CodeIgniter.php(941): App\Controllers\Admin\DashboardController->index()
 8 SYSTEMPATH/CodeIgniter.php(502): CodeIgniter\CodeIgniter->runController(Object(App\Controllers\Admin\DashboardController))
 9 SYSTEMPATH/CodeIgniter.php(361): CodeIgniter\CodeIgniter->handleRequest(null, Object(Config\Cache), false)
10 FCPATH/index.php(79): CodeIgniter\CodeIgniter->run()
11 SYSTEMPATH/Commands/Server/rewrite.php(47): require_once('/Volumes/mf480 - Data/Alifya/public/index.php')
