CRITICAL - 2024-04-17 03:46:17 --> CodeIgniter\View\Exceptions\ViewException: Invalid file: "admin/users_profile_v.php"
in SYSTEMPATH/Exceptions/FrameworkException.php on line 39.
 1 SYSTEMPATH/View/View.php(216): CodeIgniter\Exceptions\FrameworkException::forInvalidFile('admin/users_profile_v.php')
 2 SYSTEMPATH/Common.php(1178): CodeIgniter\View\View->render('admin/users_profile_v', [], true)
 3 APPPATH/Controllers/Admin/PengajarController.php(280): view('admin/users_profile_v', [...])
 4 SYSTEMPATH/CodeIgniter.php(941): App\Controllers\Admin\PengajarController->view()
 5 SYSTEMPATH/CodeIgniter.php(502): CodeIgniter\CodeIgniter->runController(Object(App\Controllers\Admin\PengajarController))
 6 SYSTEMPATH/CodeIgniter.php(361): CodeIgniter\CodeIgniter->handleRequest(null, Object(Config\Cache), false)
 7 FCPATH/index.php(79): CodeIgniter\CodeIgniter->run()
 8 SYSTEMPATH/Commands/Server/rewrite.php(47): require_once('/Volumes/mf480 - Data/Alifya/public/index.php')
CRITICAL - 2024-04-17 03:53:56 --> ErrorException: Undefined variable: nama_lengkap
in APPPATH/Views/admin/users_profil_v.php on line 23.
 1 APPPATH/Views/admin/users_profil_v.php(23): CodeIgniter\Debug\Exceptions->errorHandler(8, 'Undefined variable: nama_lengkap', '/Volumes/mf480 - Data/Alifya/app/Views/admin/users_profil_v.php', 23, [...])
 2 SYSTEMPATH/View/View.php(228): include('/Volumes/mf480 - Data/Alifya/app/Views/admin/users_profil_v.php')
 3 SYSTEMPATH/View/View.php(231): CodeIgniter\View\View->CodeIgniter\View\{closure}()
 4 SYSTEMPATH/Common.php(1178): CodeIgniter\View\View->render('admin/users_profil_v', [], true)
 5 APPPATH/Controllers/Admin/PengajarController.php(283): view('admin/users_profil_v', [...])
 6 SYSTEMPATH/CodeIgniter.php(941): App\Controllers\Admin\PengajarController->view('chanchanbayub@gmail.com')
 7 SYSTEMPATH/CodeIgniter.php(502): CodeIgniter\CodeIgniter->runController(Object(App\Controllers\Admin\PengajarController))
 8 SYSTEMPATH/CodeIgniter.php(361): CodeIgniter\CodeIgniter->handleRequest(null, Object(Config\Cache), false)
 9 FCPATH/index.php(79): CodeIgniter\CodeIgniter->run()
10 SYSTEMPATH/Commands/Server/rewrite.php(47): require_once('/Volumes/mf480 - Data/Alifya/public/index.php')
CRITICAL - 2024-04-17 03:54:55 --> ErrorException: Trying to get property 'nama_lengkap' of non-object
in APPPATH/Views/admin/users_profil_v.php on line 23.
 1 APPPATH/Views/admin/users_profil_v.php(23): CodeIgniter\Debug\Exceptions->errorHandler(8, 'Trying to get property \'nama_lengkap\' of non-object', '/Volumes/mf480 - Data/Alifya/app/Views/admin/users_profil_v.php', 23, [...])
 2 SYSTEMPATH/View/View.php(228): include('/Volumes/mf480 - Data/Alifya/app/Views/admin/users_profil_v.php')
 3 SYSTEMPATH/View/View.php(231): CodeIgniter\View\View->CodeIgniter\View\{closure}()
 4 SYSTEMPATH/Common.php(1178): CodeIgniter\View\View->render('admin/users_profil_v', [], true)
 5 APPPATH/Controllers/Admin/PengajarController.php(284): view('admin/users_profil_v', [...])
 6 SYSTEMPATH/CodeIgniter.php(941): App\Controllers\Admin\PengajarController->view('assets', 'img', 'profile-img.jpg')
 7 SYSTEMPATH/CodeIgniter.php(502): CodeIgniter\CodeIgniter->runController(Object(App\Controllers\Admin\PengajarController))
 8 SYSTEMPATH/CodeIgniter.php(361): CodeIgniter\CodeIgniter->handleRequest(null, Object(Config\Cache), false)
 9 FCPATH/index.php(79): CodeIgniter\CodeIgniter->run()
10 SYSTEMPATH/Commands/Server/rewrite.php(47): require_once('/Volumes/mf480 - Data/Alifya/public/index.php')
CRITICAL - 2024-04-17 03:55:41 --> ErrorException: Trying to get property 'foto' of non-object
in APPPATH/Views/admin/users_profil_v.php on line 22.
 1 APPPATH/Views/admin/users_profil_v.php(22): CodeIgniter\Debug\Exceptions->errorHandler(8, 'Trying to get property \'foto\' of non-object', '/Volumes/mf480 - Data/Alifya/app/Views/admin/users_profil_v.php', 22, [...])
 2 SYSTEMPATH/View/View.php(228): include('/Volumes/mf480 - Data/Alifya/app/Views/admin/users_profil_v.php')
 3 SYSTEMPATH/View/View.php(231): CodeIgniter\View\View->CodeIgniter\View\{closure}()
 4 SYSTEMPATH/Common.php(1178): CodeIgniter\View\View->render('admin/users_profil_v', [], true)
 5 APPPATH/Controllers/Admin/PengajarController.php(284): view('admin/users_profil_v', [...])
 6 SYSTEMPATH/CodeIgniter.php(941): App\Controllers\Admin\PengajarController->view('assets', 'img', 'profile-img.jpg')
 7 SYSTEMPATH/CodeIgniter.php(502): CodeIgniter\CodeIgniter->runController(Object(App\Controllers\Admin\PengajarController))
 8 SYSTEMPATH/CodeIgniter.php(361): CodeIgniter\CodeIgniter->handleRequest(null, Object(Config\Cache), false)
 9 FCPATH/index.php(79): CodeIgniter\CodeIgniter->run()
10 SYSTEMPATH/Commands/Server/rewrite.php(47): require_once('/Volumes/mf480 - Data/Alifya/public/index.php')
CRITICAL - 2024-04-17 03:55:56 --> ErrorException: Trying to get property 'foto' of non-object
in APPPATH/Views/admin/users_profil_v.php on line 22.
 1 APPPATH/Views/admin/users_profil_v.php(22): CodeIgniter\Debug\Exceptions->errorHandler(8, 'Trying to get property \'foto\' of non-object', '/Volumes/mf480 - Data/Alifya/app/Views/admin/users_profil_v.php', 22, [...])
 2 SYSTEMPATH/View/View.php(228): include('/Volumes/mf480 - Data/Alifya/app/Views/admin/users_profil_v.php')
 3 SYSTEMPATH/View/View.php(231): CodeIgniter\View\View->CodeIgniter\View\{closure}()
 4 SYSTEMPATH/Common.php(1178): CodeIgniter\View\View->render('admin/users_profil_v', [], true)
 5 APPPATH/Controllers/Admin/PengajarController.php(284): view('admin/users_profil_v', [...])
 6 SYSTEMPATH/CodeIgniter.php(941): App\Controllers\Admin\PengajarController->view('assets', 'img', 'profile-img.jpg')
 7 SYSTEMPATH/CodeIgniter.php(502): CodeIgniter\CodeIgniter->runController(Object(App\Controllers\Admin\PengajarController))
 8 SYSTEMPATH/CodeIgniter.php(361): CodeIgniter\CodeIgniter->handleRequest(null, Object(Config\Cache), false)
 9 FCPATH/index.php(79): CodeIgniter\CodeIgniter->run()
10 SYSTEMPATH/Commands/Server/rewrite.php(47): require_once('/Volumes/mf480 - Data/Alifya/public/index.php')
CRITICAL - 2024-04-17 03:56:21 --> ErrorException: Trying to get property 'foto' of non-object
in APPPATH/Views/admin/users_profil_v.php on line 22.
 1 APPPATH/Views/admin/users_profil_v.php(22): CodeIgniter\Debug\Exceptions->errorHandler(8, 'Trying to get property \'foto\' of non-object', '/Volumes/mf480 - Data/Alifya/app/Views/admin/users_profil_v.php', 22, [...])
 2 SYSTEMPATH/View/View.php(228): include('/Volumes/mf480 - Data/Alifya/app/Views/admin/users_profil_v.php')
 3 SYSTEMPATH/View/View.php(231): CodeIgniter\View\View->CodeIgniter\View\{closure}()
 4 SYSTEMPATH/Common.php(1178): CodeIgniter\View\View->render('admin/users_profil_v', [], true)
 5 APPPATH/Controllers/Admin/PengajarController.php(284): view('admin/users_profil_v', [...])
 6 SYSTEMPATH/CodeIgniter.php(941): App\Controllers\Admin\PengajarController->view('assets', 'img', 'profile-img.jpg')
 7 SYSTEMPATH/CodeIgniter.php(502): CodeIgniter\CodeIgniter->runController(Object(App\Controllers\Admin\PengajarController))
 8 SYSTEMPATH/CodeIgniter.php(361): CodeIgniter\CodeIgniter->handleRequest(null, Object(Config\Cache), false)
 9 FCPATH/index.php(79): CodeIgniter\CodeIgniter->run()
10 SYSTEMPATH/Commands/Server/rewrite.php(47): require_once('/Volumes/mf480 - Data/Alifya/public/index.php')
CRITICAL - 2024-04-17 03:56:58 --> ErrorException: Trying to get property 'foto' of non-object
in APPPATH/Views/admin/users_profil_v.php on line 22.
 1 APPPATH/Views/admin/users_profil_v.php(22): CodeIgniter\Debug\Exceptions->errorHandler(8, 'Trying to get property \'foto\' of non-object', '/Volumes/mf480 - Data/Alifya/app/Views/admin/users_profil_v.php', 22, [...])
 2 SYSTEMPATH/View/View.php(228): include('/Volumes/mf480 - Data/Alifya/app/Views/admin/users_profil_v.php')
 3 SYSTEMPATH/View/View.php(231): CodeIgniter\View\View->CodeIgniter\View\{closure}()
 4 SYSTEMPATH/Common.php(1178): CodeIgniter\View\View->render('admin/users_profil_v', [], true)
 5 APPPATH/Controllers/Admin/PengajarController.php(284): view('admin/users_profil_v', [...])
 6 SYSTEMPATH/CodeIgniter.php(941): App\Controllers\Admin\PengajarController->view('assets', 'img', 'profile-img.jpg')
 7 SYSTEMPATH/CodeIgniter.php(502): CodeIgniter\CodeIgniter->runController(Object(App\Controllers\Admin\PengajarController))
 8 SYSTEMPATH/CodeIgniter.php(361): CodeIgniter\CodeIgniter->handleRequest(null, Object(Config\Cache), false)
 9 FCPATH/index.php(79): CodeIgniter\CodeIgniter->run()
10 SYSTEMPATH/Commands/Server/rewrite.php(47): require_once('/Volumes/mf480 - Data/Alifya/public/index.php')
CRITICAL - 2024-04-17 03:57:12 --> ErrorException: Trying to get property 'foto' of non-object
in APPPATH/Views/admin/users_profil_v.php on line 22.
 1 APPPATH/Views/admin/users_profil_v.php(22): CodeIgniter\Debug\Exceptions->errorHandler(8, 'Trying to get property \'foto\' of non-object', '/Volumes/mf480 - Data/Alifya/app/Views/admin/users_profil_v.php', 22, [...])
 2 SYSTEMPATH/View/View.php(228): include('/Volumes/mf480 - Data/Alifya/app/Views/admin/users_profil_v.php')
 3 SYSTEMPATH/View/View.php(231): CodeIgniter\View\View->CodeIgniter\View\{closure}()
 4 SYSTEMPATH/Common.php(1178): CodeIgniter\View\View->render('admin/users_profil_v', [], true)
 5 APPPATH/Controllers/Admin/PengajarController.php(284): view('admin/users_profil_v', [...])
 6 SYSTEMPATH/CodeIgniter.php(941): App\Controllers\Admin\PengajarController->view('assets', 'img', 'profile-img.jpg')
 7 SYSTEMPATH/CodeIgniter.php(502): CodeIgniter\CodeIgniter->runController(Object(App\Controllers\Admin\PengajarController))
 8 SYSTEMPATH/CodeIgniter.php(361): CodeIgniter\CodeIgniter->handleRequest(null, Object(Config\Cache), false)
 9 FCPATH/index.php(79): CodeIgniter\CodeIgniter->run()
10 SYSTEMPATH/Commands/Server/rewrite.php(47): require_once('/Volumes/mf480 - Data/Alifya/public/index.php')
CRITICAL - 2024-04-17 03:58:50 --> ErrorException: Trying to get property 'foto' of non-object
in APPPATH/Views/admin/users_profil_v.php on line 22.
 1 APPPATH/Views/admin/users_profil_v.php(22): CodeIgniter\Debug\Exceptions->errorHandler(8, 'Trying to get property \'foto\' of non-object', '/Volumes/mf480 - Data/Alifya/app/Views/admin/users_profil_v.php', 22, [...])
 2 SYSTEMPATH/View/View.php(228): include('/Volumes/mf480 - Data/Alifya/app/Views/admin/users_profil_v.php')
 3 SYSTEMPATH/View/View.php(231): CodeIgniter\View\View->CodeIgniter\View\{closure}()
 4 SYSTEMPATH/Common.php(1178): CodeIgniter\View\View->render('admin/users_profil_v', [], true)
 5 APPPATH/Controllers/Admin/PengajarController.php(284): view('admin/users_profil_v', [...])
 6 SYSTEMPATH/CodeIgniter.php(941): App\Controllers\Admin\PengajarController->view('assets', 'img', 'profile-img.jpg')
 7 SYSTEMPATH/CodeIgniter.php(502): CodeIgniter\CodeIgniter->runController(Object(App\Controllers\Admin\PengajarController))
 8 SYSTEMPATH/CodeIgniter.php(361): CodeIgniter\CodeIgniter->handleRequest(null, Object(Config\Cache), false)
 9 FCPATH/index.php(79): CodeIgniter\CodeIgniter->run()
10 SYSTEMPATH/Commands/Server/rewrite.php(47): require_once('/Volumes/mf480 - Data/Alifya/public/index.php')
CRITICAL - 2024-04-17 03:59:14 --> ErrorException: Trying to get property 'foto' of non-object
in APPPATH/Views/admin/users_profil_v.php on line 22.
 1 APPPATH/Views/admin/users_profil_v.php(22): CodeIgniter\Debug\Exceptions->errorHandler(8, 'Trying to get property \'foto\' of non-object', '/Volumes/mf480 - Data/Alifya/app/Views/admin/users_profil_v.php', 22, [...])
 2 SYSTEMPATH/View/View.php(228): include('/Volumes/mf480 - Data/Alifya/app/Views/admin/users_profil_v.php')
 3 SYSTEMPATH/View/View.php(231): CodeIgniter\View\View->CodeIgniter\View\{closure}()
 4 SYSTEMPATH/Common.php(1178): CodeIgniter\View\View->render('admin/users_profil_v', [], true)
 5 APPPATH/Controllers/Admin/PengajarController.php(284): view('admin/users_profil_v', [...])
 6 SYSTEMPATH/CodeIgniter.php(941): App\Controllers\Admin\PengajarController->view('assets', 'img', 'profile-img.jpg')
 7 SYSTEMPATH/CodeIgniter.php(502): CodeIgniter\CodeIgniter->runController(Object(App\Controllers\Admin\PengajarController))
 8 SYSTEMPATH/CodeIgniter.php(361): CodeIgniter\CodeIgniter->handleRequest(null, Object(Config\Cache), false)
 9 FCPATH/index.php(79): CodeIgniter\CodeIgniter->run()
10 SYSTEMPATH/Commands/Server/rewrite.php(47): require_once('/Volumes/mf480 - Data/Alifya/public/index.php')
CRITICAL - 2024-04-17 03:59:40 --> ErrorException: Trying to get property 'foto' of non-object
in APPPATH/Views/admin/users_profil_v.php on line 22.
 1 APPPATH/Views/admin/users_profil_v.php(22): CodeIgniter\Debug\Exceptions->errorHandler(8, 'Trying to get property \'foto\' of non-object', '/Volumes/mf480 - Data/Alifya/app/Views/admin/users_profil_v.php', 22, [...])
 2 SYSTEMPATH/View/View.php(228): include('/Volumes/mf480 - Data/Alifya/app/Views/admin/users_profil_v.php')
 3 SYSTEMPATH/View/View.php(231): CodeIgniter\View\View->CodeIgniter\View\{closure}()
 4 SYSTEMPATH/Common.php(1178): CodeIgniter\View\View->render('admin/users_profil_v', [], true)
 5 APPPATH/Controllers/Admin/PengajarController.php(284): view('admin/users_profil_v', [...])
 6 SYSTEMPATH/CodeIgniter.php(941): App\Controllers\Admin\PengajarController->view('assets', 'img', 'profile-img.jpg')
 7 SYSTEMPATH/CodeIgniter.php(502): CodeIgniter\CodeIgniter->runController(Object(App\Controllers\Admin\PengajarController))
 8 SYSTEMPATH/CodeIgniter.php(361): CodeIgniter\CodeIgniter->handleRequest(null, Object(Config\Cache), false)
 9 FCPATH/index.php(79): CodeIgniter\CodeIgniter->run()
10 SYSTEMPATH/Commands/Server/rewrite.php(47): require_once('/Volumes/mf480 - Data/Alifya/public/index.php')
CRITICAL - 2024-04-17 03:59:51 --> ErrorException: Trying to get property 'foto' of non-object
in APPPATH/Views/admin/users_profil_v.php on line 22.
 1 APPPATH/Views/admin/users_profil_v.php(22): CodeIgniter\Debug\Exceptions->errorHandler(8, 'Trying to get property \'foto\' of non-object', '/Volumes/mf480 - Data/Alifya/app/Views/admin/users_profil_v.php', 22, [...])
 2 SYSTEMPATH/View/View.php(228): include('/Volumes/mf480 - Data/Alifya/app/Views/admin/users_profil_v.php')
 3 SYSTEMPATH/View/View.php(231): CodeIgniter\View\View->CodeIgniter\View\{closure}()
 4 SYSTEMPATH/Common.php(1178): CodeIgniter\View\View->render('admin/users_profil_v', [], true)
 5 APPPATH/Controllers/Admin/PengajarController.php(284): view('admin/users_profil_v', [...])
 6 SYSTEMPATH/CodeIgniter.php(941): App\Controllers\Admin\PengajarController->view('assets', 'img', 'profile-img.jpg')
 7 SYSTEMPATH/CodeIgniter.php(502): CodeIgniter\CodeIgniter->runController(Object(App\Controllers\Admin\PengajarController))
 8 SYSTEMPATH/CodeIgniter.php(361): CodeIgniter\CodeIgniter->handleRequest(null, Object(Config\Cache), false)
 9 FCPATH/index.php(79): CodeIgniter\CodeIgniter->run()
10 SYSTEMPATH/Commands/Server/rewrite.php(47): require_once('/Volumes/mf480 - Data/Alifya/public/index.php')
CRITICAL - 2024-04-17 03:59:58 --> ErrorException: Trying to get property 'foto' of non-object
in APPPATH/Views/admin/users_profil_v.php on line 22.
 1 APPPATH/Views/admin/users_profil_v.php(22): CodeIgniter\Debug\Exceptions->errorHandler(8, 'Trying to get property \'foto\' of non-object', '/Volumes/mf480 - Data/Alifya/app/Views/admin/users_profil_v.php', 22, [...])
 2 SYSTEMPATH/View/View.php(228): include('/Volumes/mf480 - Data/Alifya/app/Views/admin/users_profil_v.php')
 3 SYSTEMPATH/View/View.php(231): CodeIgniter\View\View->CodeIgniter\View\{closure}()
 4 SYSTEMPATH/Common.php(1178): CodeIgniter\View\View->render('admin/users_profil_v', [], true)
 5 APPPATH/Controllers/Admin/PengajarController.php(284): view('admin/users_profil_v', [...])
 6 SYSTEMPATH/CodeIgniter.php(941): App\Controllers\Admin\PengajarController->view('assets', 'img', 'profile-img.jpg')
 7 SYSTEMPATH/CodeIgniter.php(502): CodeIgniter\CodeIgniter->runController(Object(App\Controllers\Admin\PengajarController))
 8 SYSTEMPATH/CodeIgniter.php(361): CodeIgniter\CodeIgniter->handleRequest(null, Object(Config\Cache), false)
 9 FCPATH/index.php(79): CodeIgniter\CodeIgniter->run()
10 SYSTEMPATH/Commands/Server/rewrite.php(47): require_once('/Volumes/mf480 - Data/Alifya/public/index.php')
CRITICAL - 2024-04-17 04:00:15 --> ErrorException: Trying to get property 'foto' of non-object
in APPPATH/Views/admin/users_profil_v.php on line 22.
 1 APPPATH/Views/admin/users_profil_v.php(22): CodeIgniter\Debug\Exceptions->errorHandler(8, 'Trying to get property \'foto\' of non-object', '/Volumes/mf480 - Data/Alifya/app/Views/admin/users_profil_v.php', 22, [...])
 2 SYSTEMPATH/View/View.php(228): include('/Volumes/mf480 - Data/Alifya/app/Views/admin/users_profil_v.php')
 3 SYSTEMPATH/View/View.php(231): CodeIgniter\View\View->CodeIgniter\View\{closure}()
 4 SYSTEMPATH/Common.php(1178): CodeIgniter\View\View->render('admin/users_profil_v', [], true)
 5 APPPATH/Controllers/Admin/PengajarController.php(284): view('admin/users_profil_v', [...])
 6 SYSTEMPATH/CodeIgniter.php(941): App\Controllers\Admin\PengajarController->view('assets', 'img', 'profile-img.jpg')
 7 SYSTEMPATH/CodeIgniter.php(502): CodeIgniter\CodeIgniter->runController(Object(App\Controllers\Admin\PengajarController))
 8 SYSTEMPATH/CodeIgniter.php(361): CodeIgniter\CodeIgniter->handleRequest(null, Object(Config\Cache), false)
 9 FCPATH/index.php(79): CodeIgniter\CodeIgniter->run()
10 SYSTEMPATH/Commands/Server/rewrite.php(47): require_once('/Volumes/mf480 - Data/Alifya/public/index.php')
CRITICAL - 2024-04-17 04:02:50 --> ErrorException: Trying to get property 'foto' of non-object
in APPPATH/Views/admin/users_profil_v.php on line 22.
 1 APPPATH/Views/admin/users_profil_v.php(22): CodeIgniter\Debug\Exceptions->errorHandler(8, 'Trying to get property \'foto\' of non-object', '/Volumes/mf480 - Data/Alifya/app/Views/admin/users_profil_v.php', 22, [...])
 2 SYSTEMPATH/View/View.php(228): include('/Volumes/mf480 - Data/Alifya/app/Views/admin/users_profil_v.php')
 3 SYSTEMPATH/View/View.php(231): CodeIgniter\View\View->CodeIgniter\View\{closure}()
 4 SYSTEMPATH/Common.php(1178): CodeIgniter\View\View->render('admin/users_profil_v', [], true)
 5 APPPATH/Controllers/Admin/PengajarController.php(284): view('admin/users_profil_v', [...])
 6 SYSTEMPATH/CodeIgniter.php(941): App\Controllers\Admin\PengajarController->view('assets', 'img', 'profile-img.jpg')
 7 SYSTEMPATH/CodeIgniter.php(502): CodeIgniter\CodeIgniter->runController(Object(App\Controllers\Admin\PengajarController))
 8 SYSTEMPATH/CodeIgniter.php(361): CodeIgniter\CodeIgniter->handleRequest(null, Object(Config\Cache), false)
 9 FCPATH/index.php(79): CodeIgniter\CodeIgniter->run()
10 SYSTEMPATH/Commands/Server/rewrite.php(47): require_once('/Volumes/mf480 - Data/Alifya/public/index.php')
CRITICAL - 2024-04-17 04:05:43 --> ErrorException: Trying to get property 'foto' of non-object
in APPPATH/Views/admin/users_profil_v.php on line 22.
 1 APPPATH/Views/admin/users_profil_v.php(22): CodeIgniter\Debug\Exceptions->errorHandler(8, 'Trying to get property \'foto\' of non-object', '/Volumes/mf480 - Data/Alifya/app/Views/admin/users_profil_v.php', 22, [...])
 2 SYSTEMPATH/View/View.php(228): include('/Volumes/mf480 - Data/Alifya/app/Views/admin/users_profil_v.php')
 3 SYSTEMPATH/View/View.php(231): CodeIgniter\View\View->CodeIgniter\View\{closure}()
 4 SYSTEMPATH/Common.php(1178): CodeIgniter\View\View->render('admin/users_profil_v', [], true)
 5 APPPATH/Controllers/Admin/PengajarController.php(284): view('admin/users_profil_v', [...])
 6 SYSTEMPATH/CodeIgniter.php(941): App\Controllers\Admin\PengajarController->view('assets', 'img', 'profile-img.jpg')
 7 SYSTEMPATH/CodeIgniter.php(502): CodeIgniter\CodeIgniter->runController(Object(App\Controllers\Admin\PengajarController))
 8 SYSTEMPATH/CodeIgniter.php(361): CodeIgniter\CodeIgniter->handleRequest(null, Object(Config\Cache), false)
 9 FCPATH/index.php(79): CodeIgniter\CodeIgniter->run()
10 SYSTEMPATH/Commands/Server/rewrite.php(47): require_once('/Volumes/mf480 - Data/Alifya/public/index.php')
CRITICAL - 2024-04-17 04:07:38 --> ErrorException: Trying to get property 'foto' of non-object
in APPPATH/Views/admin/users_profil_v.php on line 22.
 1 APPPATH/Views/admin/users_profil_v.php(22): CodeIgniter\Debug\Exceptions->errorHandler(8, 'Trying to get property \'foto\' of non-object', '/Volumes/mf480 - Data/Alifya/app/Views/admin/users_profil_v.php', 22, [...])
 2 SYSTEMPATH/View/View.php(228): include('/Volumes/mf480 - Data/Alifya/app/Views/admin/users_profil_v.php')
 3 SYSTEMPATH/View/View.php(231): CodeIgniter\View\View->CodeIgniter\View\{closure}()
 4 SYSTEMPATH/Common.php(1178): CodeIgniter\View\View->render('admin/users_profil_v', [], true)
 5 APPPATH/Controllers/Admin/PengajarController.php(284): view('admin/users_profil_v', [...])
 6 SYSTEMPATH/CodeIgniter.php(941): App\Controllers\Admin\PengajarController->view('assets', 'img', 'profile-img.jpg')
 7 SYSTEMPATH/CodeIgniter.php(502): CodeIgniter\CodeIgniter->runController(Object(App\Controllers\Admin\PengajarController))
 8 SYSTEMPATH/CodeIgniter.php(361): CodeIgniter\CodeIgniter->handleRequest(null, Object(Config\Cache), false)
 9 FCPATH/index.php(79): CodeIgniter\CodeIgniter->run()
10 SYSTEMPATH/Commands/Server/rewrite.php(47): require_once('/Volumes/mf480 - Data/Alifya/public/index.php')
CRITICAL - 2024-04-17 04:08:31 --> ErrorException: Trying to get property 'foto' of non-object
in APPPATH/Views/admin/users_profil_v.php on line 22.
 1 APPPATH/Views/admin/users_profil_v.php(22): CodeIgniter\Debug\Exceptions->errorHandler(8, 'Trying to get property \'foto\' of non-object', '/Volumes/mf480 - Data/Alifya/app/Views/admin/users_profil_v.php', 22, [...])
 2 SYSTEMPATH/View/View.php(228): include('/Volumes/mf480 - Data/Alifya/app/Views/admin/users_profil_v.php')
 3 SYSTEMPATH/View/View.php(231): CodeIgniter\View\View->CodeIgniter\View\{closure}()
 4 SYSTEMPATH/Common.php(1178): CodeIgniter\View\View->render('admin/users_profil_v', [], true)
 5 APPPATH/Controllers/Admin/PengajarController.php(284): view('admin/users_profil_v', [...])
 6 SYSTEMPATH/CodeIgniter.php(941): App\Controllers\Admin\PengajarController->view('assets', 'img', 'profile-img.jpg')
 7 SYSTEMPATH/CodeIgniter.php(502): CodeIgniter\CodeIgniter->runController(Object(App\Controllers\Admin\PengajarController))
 8 SYSTEMPATH/CodeIgniter.php(361): CodeIgniter\CodeIgniter->handleRequest(null, Object(Config\Cache), false)
 9 FCPATH/index.php(79): CodeIgniter\CodeIgniter->run()
10 SYSTEMPATH/Commands/Server/rewrite.php(47): require_once('/Volumes/mf480 - Data/Alifya/public/index.php')
INFO - 2024-04-17 04:09:45 --> Session: Class initialized using 'CodeIgniter\Session\Handlers\FileHandler' driver.
INFO - 2024-04-17 04:10:10 --> Session: Class initialized using 'CodeIgniter\Session\Handlers\FileHandler' driver.
INFO - 2024-04-17 04:11:51 --> Session: Class initialized using 'CodeIgniter\Session\Handlers\FileHandler' driver.
CRITICAL - 2024-04-17 04:42:14 --> ErrorException: Undefined variable: title
in APPPATH/Views/layout/template.php on line 8.
 1 APPPATH/Views/layout/template.php(8): CodeIgniter\Debug\Exceptions->errorHandler(8, 'Undefined variable: title', '/Volumes/mf480 - Data/Alifya/app/Views/layout/template.php', 8, [])
 2 SYSTEMPATH/View/View.php(228): include('/Volumes/mf480 - Data/Alifya/app/Views/layout/template.php')
 3 SYSTEMPATH/View/View.php(231): CodeIgniter\View\View->CodeIgniter\View\{closure}()
 4 SYSTEMPATH/View/View.php(244): CodeIgniter\View\View->render('layout/template', [], true)
 5 SYSTEMPATH/Common.php(1178): CodeIgniter\View\View->render('admin/dashboard_v', [], true)
 6 APPPATH/Controllers/Admin/DashboardController.php(12): view('admin/dashboard_v')
 7 SYSTEMPATH/CodeIgniter.php(941): App\Controllers\Admin\DashboardController->index()
 8 SYSTEMPATH/CodeIgniter.php(502): CodeIgniter\CodeIgniter->runController(Object(App\Controllers\Admin\DashboardController))
 9 SYSTEMPATH/CodeIgniter.php(361): CodeIgniter\CodeIgniter->handleRequest(null, Object(Config\Cache), false)
10 FCPATH/index.php(79): CodeIgniter\CodeIgniter->run()
11 SYSTEMPATH/Commands/Server/rewrite.php(47): require_once('/Volumes/mf480 - Data/Alifya/public/index.php')
