CRITICAL - 2024-07-19 03:01:17 --> CodeIgniter\View\Exceptions\ViewException: Invalid file: "admin/presensi_v.php"
in SYSTEMPATH/Exceptions/FrameworkException.php on line 39.
 1 SYSTEMPATH/View/View.php(216): CodeIgniter\Exceptions\FrameworkException::forInvalidFile('admin/presensi_v.php')
 2 SYSTEMPATH/Common.php(1178): CodeIgniter\View\View->render('admin/presensi_v', [], true)
 3 APPPATH/Controllers/Admin/PresensiController.php(28): view('admin/presensi_v', [...])
 4 SYSTEMPATH/CodeIgniter.php(941): App\Controllers\Admin\PresensiController->index()
 5 SYSTEMPATH/CodeIgniter.php(502): CodeIgniter\CodeIgniter->runController(Object(App\Controllers\Admin\PresensiController))
 6 SYSTEMPATH/CodeIgniter.php(361): CodeIgniter\CodeIgniter->handleRequest(null, Object(Config\Cache), false)
 7 FCPATH/index.php(79): CodeIgniter\CodeIgniter->run()
 8 SYSTEMPATH/Commands/Server/rewrite.php(47): require_once('/Volumes/mf480 - Data/Alifya/public/index.php')
CRITICAL - 2024-07-19 03:03:29 --> CodeIgniter\View\Exceptions\ViewException: Invalid file: "admin/presensi_v.php"
in SYSTEMPATH/Exceptions/FrameworkException.php on line 39.
 1 SYSTEMPATH/View/View.php(216): CodeIgniter\Exceptions\FrameworkException::forInvalidFile('admin/presensi_v.php')
 2 SYSTEMPATH/Common.php(1178): CodeIgniter\View\View->render('admin/presensi_v', [], true)
 3 APPPATH/Controllers/Admin/PresensiController.php(28): view('admin/presensi_v', [...])
 4 SYSTEMPATH/CodeIgniter.php(941): App\Controllers\Admin\PresensiController->index()
 5 SYSTEMPATH/CodeIgniter.php(502): CodeIgniter\CodeIgniter->runController(Object(App\Controllers\Admin\PresensiController))
 6 SYSTEMPATH/CodeIgniter.php(361): CodeIgniter\CodeIgniter->handleRequest(null, Object(Config\Cache), false)
 7 FCPATH/index.php(79): CodeIgniter\CodeIgniter->run()
 8 SYSTEMPATH/Commands/Server/rewrite.php(47): require_once('/Volumes/mf480 - Data/Alifya/public/index.php')
CRITICAL - 2024-07-19 03:05:01 --> CodeIgniter\View\Exceptions\ViewException: Invalid file: "admin/presensi_v.php"
in SYSTEMPATH/Exceptions/FrameworkException.php on line 39.
 1 SYSTEMPATH/View/View.php(216): CodeIgniter\Exceptions\FrameworkException::forInvalidFile('admin/presensi_v.php')
 2 SYSTEMPATH/Common.php(1178): CodeIgniter\View\View->render('admin/presensi_v', [], true)
 3 APPPATH/Controllers/Admin/PresensiController.php(28): view('admin/presensi_v', [...])
 4 SYSTEMPATH/CodeIgniter.php(941): App\Controllers\Admin\PresensiController->index()
 5 SYSTEMPATH/CodeIgniter.php(502): CodeIgniter\CodeIgniter->runController(Object(App\Controllers\Admin\PresensiController))
 6 SYSTEMPATH/CodeIgniter.php(361): CodeIgniter\CodeIgniter->handleRequest(null, Object(Config\Cache), false)
 7 FCPATH/index.php(79): CodeIgniter\CodeIgniter->run()
 8 SYSTEMPATH/Commands/Server/rewrite.php(47): require_once('/Volumes/mf480 - Data/Alifya/public/index.php')
CRITICAL - 2024-07-19 03:34:55 --> ErrorException: Trying to get property 'mitra_pengajar_id' of non-object
in APPPATH/Controllers/Admin/PresensiController.php on line 30.
 1 APPPATH/Controllers/Admin/PresensiController.php(30): CodeIgniter\Debug\Exceptions->errorHandler(8, 'Trying to get property \'mitra_pengajar_id\' of non-object', '/Volumes/mf480 - Data/Alifya/app/Controllers/Admin/PresensiController.php', 30, [...])
 2 SYSTEMPATH/CodeIgniter.php(941): App\Controllers\Admin\PresensiController->index()
 3 SYSTEMPATH/CodeIgniter.php(502): CodeIgniter\CodeIgniter->runController(Object(App\Controllers\Admin\PresensiController))
 4 SYSTEMPATH/CodeIgniter.php(361): CodeIgniter\CodeIgniter->handleRequest(null, Object(Config\Cache), false)
 5 FCPATH/index.php(79): CodeIgniter\CodeIgniter->run()
 6 SYSTEMPATH/Commands/Server/rewrite.php(47): require_once('/Volumes/mf480 - Data/Alifya/public/index.php')
CRITICAL - 2024-07-19 03:35:44 --> ErrorException: Trying to get property 'mitra_pengajar_id' of non-object
in APPPATH/Controllers/Admin/PresensiController.php on line 31.
 1 APPPATH/Controllers/Admin/PresensiController.php(31): CodeIgniter\Debug\Exceptions->errorHandler(8, 'Trying to get property \'mitra_pengajar_id\' of non-object', '/Volumes/mf480 - Data/Alifya/app/Controllers/Admin/PresensiController.php', 31, [...])
 2 SYSTEMPATH/CodeIgniter.php(941): App\Controllers\Admin\PresensiController->index()
 3 SYSTEMPATH/CodeIgniter.php(502): CodeIgniter\CodeIgniter->runController(Object(App\Controllers\Admin\PresensiController))
 4 SYSTEMPATH/CodeIgniter.php(361): CodeIgniter\CodeIgniter->handleRequest(null, Object(Config\Cache), false)
 5 FCPATH/index.php(79): CodeIgniter\CodeIgniter->run()
 6 SYSTEMPATH/Commands/Server/rewrite.php(47): require_once('/Volumes/mf480 - Data/Alifya/public/index.php')
CRITICAL - 2024-07-19 03:54:57 --> ErrorException: Undefined property: stdClass::$kelompok_id
in APPPATH/Controllers/Admin/PresensiController.php on line 37.
 1 APPPATH/Controllers/Admin/PresensiController.php(37): CodeIgniter\Debug\Exceptions->errorHandler(8, 'Undefined property: stdClass::$kelompok_id', '/Volumes/mf480 - Data/Alifya/app/Controllers/Admin/PresensiController.php', 37, [...])
 2 SYSTEMPATH/CodeIgniter.php(941): App\Controllers\Admin\PresensiController->index()
 3 SYSTEMPATH/CodeIgniter.php(502): CodeIgniter\CodeIgniter->runController(Object(App\Controllers\Admin\PresensiController))
 4 SYSTEMPATH/CodeIgniter.php(361): CodeIgniter\CodeIgniter->handleRequest(null, Object(Config\Cache), false)
 5 FCPATH/index.php(79): CodeIgniter\CodeIgniter->run()
 6 SYSTEMPATH/Commands/Server/rewrite.php(47): require_once('/Volumes/mf480 - Data/Alifya/public/index.php')
CRITICAL - 2024-07-19 03:57:13 --> ErrorException: Trying to get property 'mitra_pengajar_id' of non-object
in APPPATH/Views/admin/presensi_v.php on line 98.
 1 APPPATH/Views/admin/presensi_v.php(98): CodeIgniter\Debug\Exceptions->errorHandler(8, 'Trying to get property \'mitra_pengajar_id\' of non-object', '/Volumes/mf480 - Data/Alifya/app/Views/admin/presensi_v.php', 98, [...])
 2 SYSTEMPATH/View/View.php(228): include('/Volumes/mf480 - Data/Alifya/app/Views/admin/presensi_v.php')
 3 SYSTEMPATH/View/View.php(231): CodeIgniter\View\View->CodeIgniter\View\{closure}()
 4 SYSTEMPATH/Common.php(1178): CodeIgniter\View\View->render('admin/presensi_v', [], true)
 5 APPPATH/Controllers/Admin/PresensiController.php(51): view('admin/presensi_v', [...])
 6 SYSTEMPATH/CodeIgniter.php(941): App\Controllers\Admin\PresensiController->index()
 7 SYSTEMPATH/CodeIgniter.php(502): CodeIgniter\CodeIgniter->runController(Object(App\Controllers\Admin\PresensiController))
 8 SYSTEMPATH/CodeIgniter.php(361): CodeIgniter\CodeIgniter->handleRequest(null, Object(Config\Cache), false)
 9 FCPATH/index.php(79): CodeIgniter\CodeIgniter->run()
10 SYSTEMPATH/Commands/Server/rewrite.php(47): require_once('/Volumes/mf480 - Data/Alifya/public/index.php')
CRITICAL - 2024-07-19 03:58:07 --> ErrorException: Trying to get property 'mitra_pengajar_id' of non-object
in APPPATH/Views/admin/presensi_v.php on line 98.
 1 APPPATH/Views/admin/presensi_v.php(98): CodeIgniter\Debug\Exceptions->errorHandler(8, 'Trying to get property \'mitra_pengajar_id\' of non-object', '/Volumes/mf480 - Data/Alifya/app/Views/admin/presensi_v.php', 98, [...])
 2 SYSTEMPATH/View/View.php(228): include('/Volumes/mf480 - Data/Alifya/app/Views/admin/presensi_v.php')
 3 SYSTEMPATH/View/View.php(231): CodeIgniter\View\View->CodeIgniter\View\{closure}()
 4 SYSTEMPATH/Common.php(1178): CodeIgniter\View\View->render('admin/presensi_v', [], true)
 5 APPPATH/Controllers/Admin/PresensiController.php(51): view('admin/presensi_v', [...])
 6 SYSTEMPATH/CodeIgniter.php(941): App\Controllers\Admin\PresensiController->index()
 7 SYSTEMPATH/CodeIgniter.php(502): CodeIgniter\CodeIgniter->runController(Object(App\Controllers\Admin\PresensiController))
 8 SYSTEMPATH/CodeIgniter.php(361): CodeIgniter\CodeIgniter->handleRequest(null, Object(Config\Cache), false)
 9 FCPATH/index.php(79): CodeIgniter\CodeIgniter->run()
10 SYSTEMPATH/Commands/Server/rewrite.php(47): require_once('/Volumes/mf480 - Data/Alifya/public/index.php')
CRITICAL - 2024-07-19 04:08:48 --> ErrorException: date() expects at least 1 parameter, 0 given
in APPPATH/Controllers/Admin/PresensiController.php on line 36.
 1 [internal function]: CodeIgniter\Debug\Exceptions->errorHandler(2, 'date() expects at least 1 parameter, 0 given', '/Volumes/mf480 - Data/Alifya/app/Controllers/Admin/PresensiController.php', 36, [...])
 2 APPPATH/Controllers/Admin/PresensiController.php(36): date()
 3 SYSTEMPATH/CodeIgniter.php(941): App\Controllers\Admin\PresensiController->index()
 4 SYSTEMPATH/CodeIgniter.php(502): CodeIgniter\CodeIgniter->runController(Object(App\Controllers\Admin\PresensiController))
 5 SYSTEMPATH/CodeIgniter.php(361): CodeIgniter\CodeIgniter->handleRequest(null, Object(Config\Cache), false)
 6 FCPATH/index.php(79): CodeIgniter\CodeIgniter->run()
 7 SYSTEMPATH/Commands/Server/rewrite.php(47): require_once('/Volumes/mf480 - Data/Alifya/public/index.php')
CRITICAL - 2024-07-19 04:16:07 --> ErrorException: Undefined variable: date
in APPPATH/Views/admin/presensi_v.php on line 107.
 1 APPPATH/Views/admin/presensi_v.php(107): CodeIgniter\Debug\Exceptions->errorHandler(8, 'Undefined variable: date', '/Volumes/mf480 - Data/Alifya/app/Views/admin/presensi_v.php', 107, [...])
 2 SYSTEMPATH/View/View.php(228): include('/Volumes/mf480 - Data/Alifya/app/Views/admin/presensi_v.php')
 3 SYSTEMPATH/View/View.php(231): CodeIgniter\View\View->CodeIgniter\View\{closure}()
 4 SYSTEMPATH/Common.php(1178): CodeIgniter\View\View->render('admin/presensi_v', [], true)
 5 APPPATH/Controllers/Admin/PresensiController.php(51): view('admin/presensi_v', [...])
 6 SYSTEMPATH/CodeIgniter.php(941): App\Controllers\Admin\PresensiController->index()
 7 SYSTEMPATH/CodeIgniter.php(502): CodeIgniter\CodeIgniter->runController(Object(App\Controllers\Admin\PresensiController))
 8 SYSTEMPATH/CodeIgniter.php(361): CodeIgniter\CodeIgniter->handleRequest(null, Object(Config\Cache), false)
 9 FCPATH/index.php(79): CodeIgniter\CodeIgniter->run()
10 SYSTEMPATH/Commands/Server/rewrite.php(47): require_once('/Volumes/mf480 - Data/Alifya/public/index.php')
CRITICAL - 2024-07-19 04:16:49 --> ErrorException: Undefined variable: tanggal
in APPPATH/Views/admin/presensi_v.php on line 107.
 1 APPPATH/Views/admin/presensi_v.php(107): CodeIgniter\Debug\Exceptions->errorHandler(8, 'Undefined variable: tanggal', '/Volumes/mf480 - Data/Alifya/app/Views/admin/presensi_v.php', 107, [...])
 2 SYSTEMPATH/View/View.php(228): include('/Volumes/mf480 - Data/Alifya/app/Views/admin/presensi_v.php')
 3 SYSTEMPATH/View/View.php(231): CodeIgniter\View\View->CodeIgniter\View\{closure}()
 4 SYSTEMPATH/Common.php(1178): CodeIgniter\View\View->render('admin/presensi_v', [], true)
 5 APPPATH/Controllers/Admin/PresensiController.php(43): view('admin/presensi_v', [...])
 6 SYSTEMPATH/CodeIgniter.php(941): App\Controllers\Admin\PresensiController->index()
 7 SYSTEMPATH/CodeIgniter.php(502): CodeIgniter\CodeIgniter->runController(Object(App\Controllers\Admin\PresensiController))
 8 SYSTEMPATH/CodeIgniter.php(361): CodeIgniter\CodeIgniter->handleRequest(null, Object(Config\Cache), false)
 9 FCPATH/index.php(79): CodeIgniter\CodeIgniter->run()
10 SYSTEMPATH/Commands/Server/rewrite.php(47): require_once('/Volumes/mf480 - Data/Alifya/public/index.php')
