INFO - 2024-08-06 00:08:57 --> Session: Class initialized using 'CodeIgniter\Session\Handlers\FileHandler' driver.
INFO - 2024-08-06 00:09:05 --> Session: Class initialized using 'CodeIgniter\Session\Handlers\FileHandler' driver.
INFO - 2024-08-06 00:09:07 --> Session: Class initialized using 'CodeIgniter\Session\Handlers\FileHandler' driver.
INFO - 2024-08-06 00:09:27 --> Session: Class initialized using 'CodeIgniter\Session\Handlers\FileHandler' driver.
INFO - 2024-08-06 00:13:45 --> Session: Class initialized using 'CodeIgniter\Session\Handlers\FileHandler' driver.
INFO - 2024-08-06 00:26:18 --> Session: Class initialized using 'CodeIgniter\Session\Handlers\FileHandler' driver.
INFO - 2024-08-06 00:34:40 --> Session: Class initialized using 'CodeIgniter\Session\Handlers\FileHandler' driver.
INFO - 2024-08-06 00:39:26 --> Session: Class initialized using 'CodeIgniter\Session\Handlers\FileHandler' driver.
INFO - 2024-08-06 00:39:28 --> Session: Class initialized using 'CodeIgniter\Session\Handlers\FileHandler' driver.
INFO - 2024-08-06 00:40:05 --> Session: Class initialized using 'CodeIgniter\Session\Handlers\FileHandler' driver.
INFO - 2024-08-06 00:40:06 --> Session: Class initialized using 'CodeIgniter\Session\Handlers\FileHandler' driver.
INFO - 2024-08-06 00:40:08 --> Session: Class initialized using 'CodeIgniter\Session\Handlers\FileHandler' driver.
INFO - 2024-08-06 00:40:15 --> Session: Class initialized using 'CodeIgniter\Session\Handlers\FileHandler' driver.
INFO - 2024-08-06 00:40:26 --> Session: Class initialized using 'CodeIgniter\Session\Handlers\FileHandler' driver.
INFO - 2024-08-06 00:40:55 --> Session: Class initialized using 'CodeIgniter\Session\Handlers\FileHandler' driver.
INFO - 2024-08-06 00:40:57 --> Session: Class initialized using 'CodeIgniter\Session\Handlers\FileHandler' driver.
INFO - 2024-08-06 00:40:58 --> Session: Class initialized using 'CodeIgniter\Session\Handlers\FileHandler' driver.
CRITICAL - 2024-08-06 00:40:58 --> ErrorException: Undefined property: App\Controllers\Users\UsersController::$validation
in APPPATH/Controllers/Users/UsersController.php on line 118.
 1 APPPATH/Controllers/Users/UsersController.php(118): CodeIgniter\Debug\Exceptions->errorHandler(8, 'Undefined property: App\\Controllers\\Users\\UsersController::$validation', '/Volumes/mf480 - Data/Alifya/app/Controllers/Users/UsersController.php', 118, [])
 2 SYSTEMPATH/CodeIgniter.php(941): App\Controllers\Users\UsersController->daftar_mitra_pengajar()
 3 SYSTEMPATH/CodeIgniter.php(502): CodeIgniter\CodeIgniter->runController(Object(App\Controllers\Users\UsersController))
 4 SYSTEMPATH/CodeIgniter.php(361): CodeIgniter\CodeIgniter->handleRequest(null, Object(Config\Cache), false)
 5 FCPATH/index.php(79): CodeIgniter\CodeIgniter->run()
 6 SYSTEMPATH/Commands/Server/rewrite.php(47): require_once('/Volumes/mf480 - Data/Alifya/public/index.php')
INFO - 2024-08-06 00:41:04 --> Session: Class initialized using 'CodeIgniter\Session\Handlers\FileHandler' driver.
INFO - 2024-08-06 00:41:34 --> Session: Class initialized using 'CodeIgniter\Session\Handlers\FileHandler' driver.
INFO - 2024-08-06 00:41:34 --> Session: Class initialized using 'CodeIgniter\Session\Handlers\FileHandler' driver.
INFO - 2024-08-06 00:41:36 --> Session: Class initialized using 'CodeIgniter\Session\Handlers\FileHandler' driver.
INFO - 2024-08-06 00:42:12 --> Session: Class initialized using 'CodeIgniter\Session\Handlers\FileHandler' driver.
INFO - 2024-08-06 00:42:14 --> Session: Class initialized using 'CodeIgniter\Session\Handlers\FileHandler' driver.
INFO - 2024-08-06 00:42:53 --> Session: Class initialized using 'CodeIgniter\Session\Handlers\FileHandler' driver.
INFO - 2024-08-06 00:42:57 --> Session: Class initialized using 'CodeIgniter\Session\Handlers\FileHandler' driver.
INFO - 2024-08-06 00:44:08 --> Session: Class initialized using 'CodeIgniter\Session\Handlers\FileHandler' driver.
INFO - 2024-08-06 00:44:18 --> Session: Class initialized using 'CodeIgniter\Session\Handlers\FileHandler' driver.
INFO - 2024-08-06 00:44:30 --> Session: Class initialized using 'CodeIgniter\Session\Handlers\FileHandler' driver.
INFO - 2024-08-06 00:44:34 --> Session: Class initialized using 'CodeIgniter\Session\Handlers\FileHandler' driver.
INFO - 2024-08-06 00:50:50 --> Session: Class initialized using 'CodeIgniter\Session\Handlers\FileHandler' driver.
INFO - 2024-08-06 00:50:54 --> Session: Class initialized using 'CodeIgniter\Session\Handlers\FileHandler' driver.
INFO - 2024-08-06 00:51:20 --> Session: Class initialized using 'CodeIgniter\Session\Handlers\FileHandler' driver.
INFO - 2024-08-06 00:51:30 --> Session: Class initialized using 'CodeIgniter\Session\Handlers\FileHandler' driver.
INFO - 2024-08-06 00:51:36 --> Session: Class initialized using 'CodeIgniter\Session\Handlers\FileHandler' driver.
INFO - 2024-08-06 00:51:43 --> Session: Class initialized using 'CodeIgniter\Session\Handlers\FileHandler' driver.
INFO - 2024-08-06 00:51:45 --> Session: Class initialized using 'CodeIgniter\Session\Handlers\FileHandler' driver.
INFO - 2024-08-06 00:52:18 --> Session: Class initialized using 'CodeIgniter\Session\Handlers\FileHandler' driver.
INFO - 2024-08-06 00:52:20 --> Session: Class initialized using 'CodeIgniter\Session\Handlers\FileHandler' driver.
INFO - 2024-08-06 00:52:22 --> Session: Class initialized using 'CodeIgniter\Session\Handlers\FileHandler' driver.
INFO - 2024-08-06 00:52:23 --> Session: Class initialized using 'CodeIgniter\Session\Handlers\FileHandler' driver.
INFO - 2024-08-06 00:55:03 --> Session: Class initialized using 'CodeIgniter\Session\Handlers\FileHandler' driver.
INFO - 2024-08-06 00:55:04 --> Session: Class initialized using 'CodeIgniter\Session\Handlers\FileHandler' driver.
INFO - 2024-08-06 00:55:23 --> Session: Class initialized using 'CodeIgniter\Session\Handlers\FileHandler' driver.
INFO - 2024-08-06 00:55:25 --> Session: Class initialized using 'CodeIgniter\Session\Handlers\FileHandler' driver.
INFO - 2024-08-06 00:55:42 --> Session: Class initialized using 'CodeIgniter\Session\Handlers\FileHandler' driver.
INFO - 2024-08-06 00:55:43 --> Session: Class initialized using 'CodeIgniter\Session\Handlers\FileHandler' driver.
INFO - 2024-08-06 00:55:54 --> Session: Class initialized using 'CodeIgniter\Session\Handlers\FileHandler' driver.
INFO - 2024-08-06 13:23:03 --> Session: Class initialized using 'CodeIgniter\Session\Handlers\FileHandler' driver.
INFO - 2024-08-06 13:23:06 --> Session: Class initialized using 'CodeIgniter\Session\Handlers\FileHandler' driver.
INFO - 2024-08-06 13:23:10 --> Session: Class initialized using 'CodeIgniter\Session\Handlers\FileHandler' driver.
INFO - 2024-08-06 13:23:14 --> Session: Class initialized using 'CodeIgniter\Session\Handlers\FileHandler' driver.
INFO - 2024-08-06 13:23:15 --> Session: Class initialized using 'CodeIgniter\Session\Handlers\FileHandler' driver.
INFO - 2024-08-06 13:23:16 --> Session: Class initialized using 'CodeIgniter\Session\Handlers\FileHandler' driver.
INFO - 2024-08-06 13:23:53 --> Session: Class initialized using 'CodeIgniter\Session\Handlers\FileHandler' driver.
INFO - 2024-08-06 13:24:02 --> Session: Class initialized using 'CodeIgniter\Session\Handlers\FileHandler' driver.
INFO - 2024-08-06 13:24:06 --> Session: Class initialized using 'CodeIgniter\Session\Handlers\FileHandler' driver.
INFO - 2024-08-06 13:24:07 --> Session: Class initialized using 'CodeIgniter\Session\Handlers\FileHandler' driver.
INFO - 2024-08-06 13:24:08 --> Session: Class initialized using 'CodeIgniter\Session\Handlers\FileHandler' driver.
INFO - 2024-08-06 13:24:09 --> Session: Class initialized using 'CodeIgniter\Session\Handlers\FileHandler' driver.
INFO - 2024-08-06 13:24:09 --> Session: Class initialized using 'CodeIgniter\Session\Handlers\FileHandler' driver.
INFO - 2024-08-06 13:24:10 --> Session: Class initialized using 'CodeIgniter\Session\Handlers\FileHandler' driver.
INFO - 2024-08-06 13:24:10 --> Session: Class initialized using 'CodeIgniter\Session\Handlers\FileHandler' driver.
INFO - 2024-08-06 13:24:12 --> Session: Class initialized using 'CodeIgniter\Session\Handlers\FileHandler' driver.
INFO - 2024-08-06 13:24:13 --> Session: Class initialized using 'CodeIgniter\Session\Handlers\FileHandler' driver.
INFO - 2024-08-06 13:24:14 --> Session: Class initialized using 'CodeIgniter\Session\Handlers\FileHandler' driver.
INFO - 2024-08-06 13:24:15 --> Session: Class initialized using 'CodeIgniter\Session\Handlers\FileHandler' driver.
INFO - 2024-08-06 13:34:16 --> Session: Class initialized using 'CodeIgniter\Session\Handlers\FileHandler' driver.
INFO - 2024-08-06 13:34:18 --> Session: Class initialized using 'CodeIgniter\Session\Handlers\FileHandler' driver.
INFO - 2024-08-06 13:34:27 --> Session: Class initialized using 'CodeIgniter\Session\Handlers\FileHandler' driver.
INFO - 2024-08-06 13:35:44 --> Session: Class initialized using 'CodeIgniter\Session\Handlers\FileHandler' driver.
INFO - 2024-08-06 13:35:46 --> Session: Class initialized using 'CodeIgniter\Session\Handlers\FileHandler' driver.
INFO - 2024-08-06 13:36:56 --> Session: Class initialized using 'CodeIgniter\Session\Handlers\FileHandler' driver.
INFO - 2024-08-06 13:36:58 --> Session: Class initialized using 'CodeIgniter\Session\Handlers\FileHandler' driver.
INFO - 2024-08-06 13:37:05 --> Session: Class initialized using 'CodeIgniter\Session\Handlers\FileHandler' driver.
INFO - 2024-08-06 13:37:48 --> Session: Class initialized using 'CodeIgniter\Session\Handlers\FileHandler' driver.
INFO - 2024-08-06 13:39:22 --> Session: Class initialized using 'CodeIgniter\Session\Handlers\FileHandler' driver.
INFO - 2024-08-06 13:40:16 --> Session: Class initialized using 'CodeIgniter\Session\Handlers\FileHandler' driver.
INFO - 2024-08-06 13:41:13 --> Session: Class initialized using 'CodeIgniter\Session\Handlers\FileHandler' driver.
CRITICAL - 2024-08-06 13:41:13 --> CodeIgniter\HTTP\Exceptions\HTTPException: The uploaded file has already been moved.
in SYSTEMPATH/HTTP/Files/UploadedFile.php on line 142.
 1 SYSTEMPATH/HTTP/Files/UploadedFile.php(142): CodeIgniter\HTTP\Exceptions\HTTPException::forAlreadyMoved()
 2 APPPATH/Controllers/Users/UsersController.php(247): CodeIgniter\HTTP\Files\UploadedFile->move('ijazah/', '1722926473_c6c19c82a605322e08d9.pdf')
 3 SYSTEMPATH/CodeIgniter.php(941): App\Controllers\Users\UsersController->daftar_mitra_pengajar()
 4 SYSTEMPATH/CodeIgniter.php(502): CodeIgniter\CodeIgniter->runController(Object(App\Controllers\Users\UsersController))
 5 SYSTEMPATH/CodeIgniter.php(361): CodeIgniter\CodeIgniter->handleRequest(null, Object(Config\Cache), false)
 6 FCPATH/index.php(79): CodeIgniter\CodeIgniter->run()
 7 SYSTEMPATH/Commands/Server/rewrite.php(47): require_once('/Volumes/mf480 - Data/Alifya/public/index.php')
INFO - 2024-08-06 13:44:26 --> Session: Class initialized using 'CodeIgniter\Session\Handlers\FileHandler' driver.
CRITICAL - 2024-08-06 13:44:26 --> CodeIgniter\HTTP\Exceptions\HTTPException: The uploaded file has already been moved.
in SYSTEMPATH/HTTP/Files/UploadedFile.php on line 142.
 1 SYSTEMPATH/HTTP/Files/UploadedFile.php(142): CodeIgniter\HTTP\Exceptions\HTTPException::forAlreadyMoved()
 2 APPPATH/Controllers/Users/UsersController.php(247): CodeIgniter\HTTP\Files\UploadedFile->move('ijazah/', '1722926666_a197ab94b9841908e8d0.pdf')
 3 SYSTEMPATH/CodeIgniter.php(941): App\Controllers\Users\UsersController->daftar_mitra_pengajar()
 4 SYSTEMPATH/CodeIgniter.php(502): CodeIgniter\CodeIgniter->runController(Object(App\Controllers\Users\UsersController))
 5 SYSTEMPATH/CodeIgniter.php(361): CodeIgniter\CodeIgniter->handleRequest(null, Object(Config\Cache), false)
 6 FCPATH/index.php(79): CodeIgniter\CodeIgniter->run()
 7 SYSTEMPATH/Commands/Server/rewrite.php(47): require_once('/Volumes/mf480 - Data/Alifya/public/index.php')
INFO - 2024-08-06 13:44:53 --> Session: Class initialized using 'CodeIgniter\Session\Handlers\FileHandler' driver.
INFO - 2024-08-06 13:44:54 --> Session: Class initialized using 'CodeIgniter\Session\Handlers\FileHandler' driver.
INFO - 2024-08-06 13:45:25 --> Session: Class initialized using 'CodeIgniter\Session\Handlers\FileHandler' driver.
INFO - 2024-08-06 13:46:25 --> Session: Class initialized using 'CodeIgniter\Session\Handlers\FileHandler' driver.
INFO - 2024-08-06 13:46:27 --> Session: Class initialized using 'CodeIgniter\Session\Handlers\FileHandler' driver.
INFO - 2024-08-06 13:46:31 --> Session: Class initialized using 'CodeIgniter\Session\Handlers\FileHandler' driver.
INFO - 2024-08-06 13:51:10 --> Session: Class initialized using 'CodeIgniter\Session\Handlers\FileHandler' driver.
INFO - 2024-08-06 13:51:13 --> Session: Class initialized using 'CodeIgniter\Session\Handlers\FileHandler' driver.
INFO - 2024-08-06 13:51:16 --> Session: Class initialized using 'CodeIgniter\Session\Handlers\FileHandler' driver.
INFO - 2024-08-06 13:52:06 --> Session: Class initialized using 'CodeIgniter\Session\Handlers\FileHandler' driver.
INFO - 2024-08-06 13:52:34 --> Session: Class initialized using 'CodeIgniter\Session\Handlers\FileHandler' driver.
INFO - 2024-08-06 13:53:02 --> Session: Class initialized using 'CodeIgniter\Session\Handlers\FileHandler' driver.
INFO - 2024-08-06 13:53:52 --> Session: Class initialized using 'CodeIgniter\Session\Handlers\FileHandler' driver.
INFO - 2024-08-06 13:54:14 --> Session: Class initialized using 'CodeIgniter\Session\Handlers\FileHandler' driver.
INFO - 2024-08-06 13:54:39 --> Session: Class initialized using 'CodeIgniter\Session\Handlers\FileHandler' driver.
INFO - 2024-08-06 13:55:41 --> Session: Class initialized using 'CodeIgniter\Session\Handlers\FileHandler' driver.
ERROR - 2024-08-06 13:55:41 --> mysqli_sql_exception: Cannot add or update a child row: a foreign key constraint fails (`alifya_private_db`.`data_pendukung_table`, CONSTRAINT `data_pendukung_table_mitra_pengajar_id_foreign` FOREIGN KEY (`mitra_pengajar_id`) REFERENCES `data_pengajar_table` (`id`) ON DELETE CASC) in /Volumes/mf480 - Data/Alifya/vendor/codeigniter4/framework/system/Database/MySQLi/Connection.php:306
Stack trace:
#0 /Volumes/mf480 - Data/Alifya/vendor/codeigniter4/framework/system/Database/MySQLi/Connection.php(306): mysqli->query('INSERT INTO `da...', 0)
#1 /Volumes/mf480 - Data/Alifya/vendor/codeigniter4/framework/system/Database/BaseConnection.php(693): CodeIgniter\Database\MySQLi\Connection->execute('INSERT INTO `da...')
#2 /Volumes/mf480 - Data/Alifya/vendor/codeigniter4/framework/system/Database/BaseConnection.php(607): CodeIgniter\Database\BaseConnection->simpleQuery('INSERT INTO `da...')
#3 /Volumes/mf480 - Data/Alifya/vendor/codeigniter4/framework/system/Database/BaseBuilder.php(2307): CodeIgniter\Database\BaseConnection->query('INSERT INTO `da...', Array, false)
#4 /Volumes/mf480 - Data/Alifya/vendor/codeigniter4/framework/system/Model.php(326): CodeIgniter\Database\BaseBuilder->insert()
#5 /Volumes/mf480 - Data/Alifya/vendor/codeigniter4/framework/system/BaseModel.php(802): CodeIgniter\Model->doInsert(Array)
#6 /Volumes/mf480 - Data/Alifya/vendor/codeigniter4/framework/system/Model.php(744): CodeIgniter\BaseModel->insert(Array, false)
#7 /Volumes/mf480 - Data/Alifya/vendor/codeigniter4/framework/system/BaseModel.php(713): CodeIgniter\Model->insert(Array, false)
#8 /Volumes/mf480 - Data/Alifya/app/Controllers/Users/UsersController.php(243): CodeIgniter\BaseModel->save(Array)
#9 /Volumes/mf480 - Data/Alifya/vendor/codeigniter4/framework/system/CodeIgniter.php(941): App\Controllers\Users\UsersController->daftar_mitra_pengajar()
#10 /Volumes/mf480 - Data/Alifya/vendor/codeigniter4/framework/system/CodeIgniter.php(502): CodeIgniter\CodeIgniter->runController(Object(App\Controllers\Users\UsersController))
#11 /Volumes/mf480 - Data/Alifya/vendor/codeigniter4/framework/system/CodeIgniter.php(361): CodeIgniter\CodeIgniter->handleRequest(NULL, Object(Config\Cache), false)
#12 /Volumes/mf480 - Data/Alifya/public/index.php(79): CodeIgniter\CodeIgniter->run()
#13 /Volumes/mf480 - Data/Alifya/vendor/codeigniter4/framework/system/Commands/Server/rewrite.php(47): require_once('/Volumes/mf480 ...')
#14 {main}
CRITICAL - 2024-08-06 13:55:41 --> CodeIgniter\Database\Exceptions\DatabaseException: Cannot add or update a child row: a foreign key constraint fails (`alifya_private_db`.`data_pendukung_table`, CONSTRAINT `data_pendukung_table_mitra_pengajar_id_foreign` FOREIGN KEY (`mitra_pengajar_id`) REFERENCES `data_pengajar_table` (`id`) ON DELETE CASC)
in SYSTEMPATH/Database/BaseConnection.php on line 647.
 1 SYSTEMPATH/Database/BaseBuilder.php(2307): CodeIgniter\Database\BaseConnection->query('INSERT INTO `data_pendukung_table` (`mitra_pengajar_id`, `pekerjaan`, `kontrak`, `kendaraan_pribadi`, `media_belajar`, `alasan_bergabung`, `kelebihan`, `info_loker`, `ijazah`, `created_at`, `updated_at`) VALUES (:mitra_pengajar_id:, :pekerjaan:, :kontrak:, :kendaraan_pribadi:, :media_belajar:, :alasan_bergabung:, :kelebihan:, :info_loker:, :ijazah:, :created_at:, :updated_at:)', [...], false)
 2 SYSTEMPATH/Model.php(326): CodeIgniter\Database\BaseBuilder->insert()
 3 SYSTEMPATH/BaseModel.php(802): CodeIgniter\Model->doInsert([...])
 4 SYSTEMPATH/Model.php(744): CodeIgniter\BaseModel->insert([...], false)
 5 SYSTEMPATH/BaseModel.php(713): CodeIgniter\Model->insert([...], false)
 6 APPPATH/Controllers/Users/UsersController.php(243): CodeIgniter\BaseModel->save([...])
 7 SYSTEMPATH/CodeIgniter.php(941): App\Controllers\Users\UsersController->daftar_mitra_pengajar()
 8 SYSTEMPATH/CodeIgniter.php(502): CodeIgniter\CodeIgniter->runController(Object(App\Controllers\Users\UsersController))
 9 SYSTEMPATH/CodeIgniter.php(361): CodeIgniter\CodeIgniter->handleRequest(null, Object(Config\Cache), false)
10 FCPATH/index.php(79): CodeIgniter\CodeIgniter->run()
11 SYSTEMPATH/Commands/Server/rewrite.php(47): require_once('/Volumes/mf480 - Data/Alifya/public/index.php')
CRITICAL - 2024-08-06 13:55:41 --> [Caused by] CodeIgniter\Database\Exceptions\DatabaseException: Cannot add or update a child row: a foreign key constraint fails (`alifya_private_db`.`data_pendukung_table`, CONSTRAINT `data_pendukung_table_mitra_pengajar_id_foreign` FOREIGN KEY (`mitra_pengajar_id`) REFERENCES `data_pengajar_table` (`id`) ON DELETE CASC)
in SYSTEMPATH/Database/MySQLi/Connection.php on line 311.
 1 SYSTEMPATH/Database/BaseConnection.php(693): CodeIgniter\Database\MySQLi\Connection->execute('INSERT INTO `data_pendukung_table` (`mitra_pengajar_id`, `pekerjaan`, `kontrak`, `kendaraan_pribadi`, `media_belajar`, `alasan_bergabung`, `kelebihan`, `info_loker`, `ijazah`, `created_at`, `updated_at`) VALUES (7, \'-\', \'1\', \'\', \'-\', \'-\', \'-\', \'-\', \'1722927341_df26d8d703aee34cc7ab.pdf\', \'2024-08-06 13:55:41\', \'2024-08-06 13:55:41\')')
 2 SYSTEMPATH/Database/BaseConnection.php(607): CodeIgniter\Database\BaseConnection->simpleQuery('INSERT INTO `data_pendukung_table` (`mitra_pengajar_id`, `pekerjaan`, `kontrak`, `kendaraan_pribadi`, `media_belajar`, `alasan_bergabung`, `kelebihan`, `info_loker`, `ijazah`, `created_at`, `updated_at`) VALUES (7, \'-\', \'1\', \'\', \'-\', \'-\', \'-\', \'-\', \'1722927341_df26d8d703aee34cc7ab.pdf\', \'2024-08-06 13:55:41\', \'2024-08-06 13:55:41\')')
 3 SYSTEMPATH/Database/BaseBuilder.php(2307): CodeIgniter\Database\BaseConnection->query('INSERT INTO `data_pendukung_table` (`mitra_pengajar_id`, `pekerjaan`, `kontrak`, `kendaraan_pribadi`, `media_belajar`, `alasan_bergabung`, `kelebihan`, `info_loker`, `ijazah`, `created_at`, `updated_at`) VALUES (:mitra_pengajar_id:, :pekerjaan:, :kontrak:, :kendaraan_pribadi:, :media_belajar:, :alasan_bergabung:, :kelebihan:, :info_loker:, :ijazah:, :created_at:, :updated_at:)', [...], false)
 4 SYSTEMPATH/Model.php(326): CodeIgniter\Database\BaseBuilder->insert()
 5 SYSTEMPATH/BaseModel.php(802): CodeIgniter\Model->doInsert([...])
 6 SYSTEMPATH/Model.php(744): CodeIgniter\BaseModel->insert([...], false)
 7 SYSTEMPATH/BaseModel.php(713): CodeIgniter\Model->insert([...], false)
 8 APPPATH/Controllers/Users/UsersController.php(243): CodeIgniter\BaseModel->save([...])
 9 SYSTEMPATH/CodeIgniter.php(941): App\Controllers\Users\UsersController->daftar_mitra_pengajar()
10 SYSTEMPATH/CodeIgniter.php(502): CodeIgniter\CodeIgniter->runController(Object(App\Controllers\Users\UsersController))
11 SYSTEMPATH/CodeIgniter.php(361): CodeIgniter\CodeIgniter->handleRequest(null, Object(Config\Cache), false)
12 FCPATH/index.php(79): CodeIgniter\CodeIgniter->run()
13 SYSTEMPATH/Commands/Server/rewrite.php(47): require_once('/Volumes/mf480 - Data/Alifya/public/index.php')
CRITICAL - 2024-08-06 13:55:41 --> [Caused by] mysqli_sql_exception: Cannot add or update a child row: a foreign key constraint fails (`alifya_private_db`.`data_pendukung_table`, CONSTRAINT `data_pendukung_table_mitra_pengajar_id_foreign` FOREIGN KEY (`mitra_pengajar_id`) REFERENCES `data_pengajar_table` (`id`) ON DELETE CASC)
in SYSTEMPATH/Database/MySQLi/Connection.php on line 306.
 1 SYSTEMPATH/Database/MySQLi/Connection.php(306): mysqli->query('INSERT INTO `data_pendukung_table` (`mitra_pengajar_id`, `pekerjaan`, `kontrak`, `kendaraan_pribadi`, `media_belajar`, `alasan_bergabung`, `kelebihan`, `info_loker`, `ijazah`, `created_at`, `updated_at`) VALUES (7, \'-\', \'1\', \'\', \'-\', \'-\', \'-\', \'-\', \'1722927341_df26d8d703aee34cc7ab.pdf\', \'2024-08-06 13:55:41\', \'2024-08-06 13:55:41\')', 0)
 2 SYSTEMPATH/Database/BaseConnection.php(693): CodeIgniter\Database\MySQLi\Connection->execute('INSERT INTO `data_pendukung_table` (`mitra_pengajar_id`, `pekerjaan`, `kontrak`, `kendaraan_pribadi`, `media_belajar`, `alasan_bergabung`, `kelebihan`, `info_loker`, `ijazah`, `created_at`, `updated_at`) VALUES (7, \'-\', \'1\', \'\', \'-\', \'-\', \'-\', \'-\', \'1722927341_df26d8d703aee34cc7ab.pdf\', \'2024-08-06 13:55:41\', \'2024-08-06 13:55:41\')')
 3 SYSTEMPATH/Database/BaseConnection.php(607): CodeIgniter\Database\BaseConnection->simpleQuery('INSERT INTO `data_pendukung_table` (`mitra_pengajar_id`, `pekerjaan`, `kontrak`, `kendaraan_pribadi`, `media_belajar`, `alasan_bergabung`, `kelebihan`, `info_loker`, `ijazah`, `created_at`, `updated_at`) VALUES (7, \'-\', \'1\', \'\', \'-\', \'-\', \'-\', \'-\', \'1722927341_df26d8d703aee34cc7ab.pdf\', \'2024-08-06 13:55:41\', \'2024-08-06 13:55:41\')')
 4 SYSTEMPATH/Database/BaseBuilder.php(2307): CodeIgniter\Database\BaseConnection->query('INSERT INTO `data_pendukung_table` (`mitra_pengajar_id`, `pekerjaan`, `kontrak`, `kendaraan_pribadi`, `media_belajar`, `alasan_bergabung`, `kelebihan`, `info_loker`, `ijazah`, `created_at`, `updated_at`) VALUES (:mitra_pengajar_id:, :pekerjaan:, :kontrak:, :kendaraan_pribadi:, :media_belajar:, :alasan_bergabung:, :kelebihan:, :info_loker:, :ijazah:, :created_at:, :updated_at:)', [...], false)
 5 SYSTEMPATH/Model.php(326): CodeIgniter\Database\BaseBuilder->insert()
 6 SYSTEMPATH/BaseModel.php(802): CodeIgniter\Model->doInsert([...])
 7 SYSTEMPATH/Model.php(744): CodeIgniter\BaseModel->insert([...], false)
 8 SYSTEMPATH/BaseModel.php(713): CodeIgniter\Model->insert([...], false)
 9 APPPATH/Controllers/Users/UsersController.php(243): CodeIgniter\BaseModel->save([...])
10 SYSTEMPATH/CodeIgniter.php(941): App\Controllers\Users\UsersController->daftar_mitra_pengajar()
11 SYSTEMPATH/CodeIgniter.php(502): CodeIgniter\CodeIgniter->runController(Object(App\Controllers\Users\UsersController))
12 SYSTEMPATH/CodeIgniter.php(361): CodeIgniter\CodeIgniter->handleRequest(null, Object(Config\Cache), false)
13 FCPATH/index.php(79): CodeIgniter\CodeIgniter->run()
14 SYSTEMPATH/Commands/Server/rewrite.php(47): require_once('/Volumes/mf480 - Data/Alifya/public/index.php')
INFO - 2024-08-06 13:55:54 --> Session: Class initialized using 'CodeIgniter\Session\Handlers\FileHandler' driver.
ERROR - 2024-08-06 13:55:54 --> mysqli_sql_exception: Cannot add or update a child row: a foreign key constraint fails (`alifya_private_db`.`data_pendukung_table`, CONSTRAINT `data_pendukung_table_mitra_pengajar_id_foreign` FOREIGN KEY (`mitra_pengajar_id`) REFERENCES `data_pengajar_table` (`id`) ON DELETE CASC) in /Volumes/mf480 - Data/Alifya/vendor/codeigniter4/framework/system/Database/MySQLi/Connection.php:306
Stack trace:
#0 /Volumes/mf480 - Data/Alifya/vendor/codeigniter4/framework/system/Database/MySQLi/Connection.php(306): mysqli->query('INSERT INTO `da...', 0)
#1 /Volumes/mf480 - Data/Alifya/vendor/codeigniter4/framework/system/Database/BaseConnection.php(693): CodeIgniter\Database\MySQLi\Connection->execute('INSERT INTO `da...')
#2 /Volumes/mf480 - Data/Alifya/vendor/codeigniter4/framework/system/Database/BaseConnection.php(607): CodeIgniter\Database\BaseConnection->simpleQuery('INSERT INTO `da...')
#3 /Volumes/mf480 - Data/Alifya/vendor/codeigniter4/framework/system/Database/BaseBuilder.php(2307): CodeIgniter\Database\BaseConnection->query('INSERT INTO `da...', Array, false)
#4 /Volumes/mf480 - Data/Alifya/vendor/codeigniter4/framework/system/Model.php(326): CodeIgniter\Database\BaseBuilder->insert()
#5 /Volumes/mf480 - Data/Alifya/vendor/codeigniter4/framework/system/BaseModel.php(802): CodeIgniter\Model->doInsert(Array)
#6 /Volumes/mf480 - Data/Alifya/vendor/codeigniter4/framework/system/Model.php(744): CodeIgniter\BaseModel->insert(Array, false)
#7 /Volumes/mf480 - Data/Alifya/vendor/codeigniter4/framework/system/BaseModel.php(713): CodeIgniter\Model->insert(Array, false)
#8 /Volumes/mf480 - Data/Alifya/app/Controllers/Users/UsersController.php(243): CodeIgniter\BaseModel->save(Array)
#9 /Volumes/mf480 - Data/Alifya/vendor/codeigniter4/framework/system/CodeIgniter.php(941): App\Controllers\Users\UsersController->daftar_mitra_pengajar()
#10 /Volumes/mf480 - Data/Alifya/vendor/codeigniter4/framework/system/CodeIgniter.php(502): CodeIgniter\CodeIgniter->runController(Object(App\Controllers\Users\UsersController))
#11 /Volumes/mf480 - Data/Alifya/vendor/codeigniter4/framework/system/CodeIgniter.php(361): CodeIgniter\CodeIgniter->handleRequest(NULL, Object(Config\Cache), false)
#12 /Volumes/mf480 - Data/Alifya/public/index.php(79): CodeIgniter\CodeIgniter->run()
#13 /Volumes/mf480 - Data/Alifya/vendor/codeigniter4/framework/system/Commands/Server/rewrite.php(47): require_once('/Volumes/mf480 ...')
#14 {main}
CRITICAL - 2024-08-06 13:55:54 --> CodeIgniter\Database\Exceptions\DatabaseException: Cannot add or update a child row: a foreign key constraint fails (`alifya_private_db`.`data_pendukung_table`, CONSTRAINT `data_pendukung_table_mitra_pengajar_id_foreign` FOREIGN KEY (`mitra_pengajar_id`) REFERENCES `data_pengajar_table` (`id`) ON DELETE CASC)
in SYSTEMPATH/Database/BaseConnection.php on line 647.
 1 SYSTEMPATH/Database/BaseBuilder.php(2307): CodeIgniter\Database\BaseConnection->query('INSERT INTO `data_pendukung_table` (`mitra_pengajar_id`, `pekerjaan`, `kontrak`, `kendaraan_pribadi`, `media_belajar`, `alasan_bergabung`, `kelebihan`, `info_loker`, `ijazah`, `created_at`, `updated_at`) VALUES (:mitra_pengajar_id:, :pekerjaan:, :kontrak:, :kendaraan_pribadi:, :media_belajar:, :alasan_bergabung:, :kelebihan:, :info_loker:, :ijazah:, :created_at:, :updated_at:)', [...], false)
 2 SYSTEMPATH/Model.php(326): CodeIgniter\Database\BaseBuilder->insert()
 3 SYSTEMPATH/BaseModel.php(802): CodeIgniter\Model->doInsert([...])
 4 SYSTEMPATH/Model.php(744): CodeIgniter\BaseModel->insert([...], false)
 5 SYSTEMPATH/BaseModel.php(713): CodeIgniter\Model->insert([...], false)
 6 APPPATH/Controllers/Users/UsersController.php(243): CodeIgniter\BaseModel->save([...])
 7 SYSTEMPATH/CodeIgniter.php(941): App\Controllers\Users\UsersController->daftar_mitra_pengajar()
 8 SYSTEMPATH/CodeIgniter.php(502): CodeIgniter\CodeIgniter->runController(Object(App\Controllers\Users\UsersController))
 9 SYSTEMPATH/CodeIgniter.php(361): CodeIgniter\CodeIgniter->handleRequest(null, Object(Config\Cache), false)
10 FCPATH/index.php(79): CodeIgniter\CodeIgniter->run()
11 SYSTEMPATH/Commands/Server/rewrite.php(47): require_once('/Volumes/mf480 - Data/Alifya/public/index.php')
CRITICAL - 2024-08-06 13:55:54 --> [Caused by] CodeIgniter\Database\Exceptions\DatabaseException: Cannot add or update a child row: a foreign key constraint fails (`alifya_private_db`.`data_pendukung_table`, CONSTRAINT `data_pendukung_table_mitra_pengajar_id_foreign` FOREIGN KEY (`mitra_pengajar_id`) REFERENCES `data_pengajar_table` (`id`) ON DELETE CASC)
in SYSTEMPATH/Database/MySQLi/Connection.php on line 311.
 1 SYSTEMPATH/Database/BaseConnection.php(693): CodeIgniter\Database\MySQLi\Connection->execute('INSERT INTO `data_pendukung_table` (`mitra_pengajar_id`, `pekerjaan`, `kontrak`, `kendaraan_pribadi`, `media_belajar`, `alasan_bergabung`, `kelebihan`, `info_loker`, `ijazah`, `created_at`, `updated_at`) VALUES (8, \'-\', \'1\', \'\', \'-\', \'-\', \'-\', \'-\', \'1722927354_e89ce60066791bddf954.pdf\', \'2024-08-06 13:55:54\', \'2024-08-06 13:55:54\')')
 2 SYSTEMPATH/Database/BaseConnection.php(607): CodeIgniter\Database\BaseConnection->simpleQuery('INSERT INTO `data_pendukung_table` (`mitra_pengajar_id`, `pekerjaan`, `kontrak`, `kendaraan_pribadi`, `media_belajar`, `alasan_bergabung`, `kelebihan`, `info_loker`, `ijazah`, `created_at`, `updated_at`) VALUES (8, \'-\', \'1\', \'\', \'-\', \'-\', \'-\', \'-\', \'1722927354_e89ce60066791bddf954.pdf\', \'2024-08-06 13:55:54\', \'2024-08-06 13:55:54\')')
 3 SYSTEMPATH/Database/BaseBuilder.php(2307): CodeIgniter\Database\BaseConnection->query('INSERT INTO `data_pendukung_table` (`mitra_pengajar_id`, `pekerjaan`, `kontrak`, `kendaraan_pribadi`, `media_belajar`, `alasan_bergabung`, `kelebihan`, `info_loker`, `ijazah`, `created_at`, `updated_at`) VALUES (:mitra_pengajar_id:, :pekerjaan:, :kontrak:, :kendaraan_pribadi:, :media_belajar:, :alasan_bergabung:, :kelebihan:, :info_loker:, :ijazah:, :created_at:, :updated_at:)', [...], false)
 4 SYSTEMPATH/Model.php(326): CodeIgniter\Database\BaseBuilder->insert()
 5 SYSTEMPATH/BaseModel.php(802): CodeIgniter\Model->doInsert([...])
 6 SYSTEMPATH/Model.php(744): CodeIgniter\BaseModel->insert([...], false)
 7 SYSTEMPATH/BaseModel.php(713): CodeIgniter\Model->insert([...], false)
 8 APPPATH/Controllers/Users/UsersController.php(243): CodeIgniter\BaseModel->save([...])
 9 SYSTEMPATH/CodeIgniter.php(941): App\Controllers\Users\UsersController->daftar_mitra_pengajar()
10 SYSTEMPATH/CodeIgniter.php(502): CodeIgniter\CodeIgniter->runController(Object(App\Controllers\Users\UsersController))
11 SYSTEMPATH/CodeIgniter.php(361): CodeIgniter\CodeIgniter->handleRequest(null, Object(Config\Cache), false)
12 FCPATH/index.php(79): CodeIgniter\CodeIgniter->run()
13 SYSTEMPATH/Commands/Server/rewrite.php(47): require_once('/Volumes/mf480 - Data/Alifya/public/index.php')
CRITICAL - 2024-08-06 13:55:54 --> [Caused by] mysqli_sql_exception: Cannot add or update a child row: a foreign key constraint fails (`alifya_private_db`.`data_pendukung_table`, CONSTRAINT `data_pendukung_table_mitra_pengajar_id_foreign` FOREIGN KEY (`mitra_pengajar_id`) REFERENCES `data_pengajar_table` (`id`) ON DELETE CASC)
in SYSTEMPATH/Database/MySQLi/Connection.php on line 306.
 1 SYSTEMPATH/Database/MySQLi/Connection.php(306): mysqli->query('INSERT INTO `data_pendukung_table` (`mitra_pengajar_id`, `pekerjaan`, `kontrak`, `kendaraan_pribadi`, `media_belajar`, `alasan_bergabung`, `kelebihan`, `info_loker`, `ijazah`, `created_at`, `updated_at`) VALUES (8, \'-\', \'1\', \'\', \'-\', \'-\', \'-\', \'-\', \'1722927354_e89ce60066791bddf954.pdf\', \'2024-08-06 13:55:54\', \'2024-08-06 13:55:54\')', 0)
 2 SYSTEMPATH/Database/BaseConnection.php(693): CodeIgniter\Database\MySQLi\Connection->execute('INSERT INTO `data_pendukung_table` (`mitra_pengajar_id`, `pekerjaan`, `kontrak`, `kendaraan_pribadi`, `media_belajar`, `alasan_bergabung`, `kelebihan`, `info_loker`, `ijazah`, `created_at`, `updated_at`) VALUES (8, \'-\', \'1\', \'\', \'-\', \'-\', \'-\', \'-\', \'1722927354_e89ce60066791bddf954.pdf\', \'2024-08-06 13:55:54\', \'2024-08-06 13:55:54\')')
 3 SYSTEMPATH/Database/BaseConnection.php(607): CodeIgniter\Database\BaseConnection->simpleQuery('INSERT INTO `data_pendukung_table` (`mitra_pengajar_id`, `pekerjaan`, `kontrak`, `kendaraan_pribadi`, `media_belajar`, `alasan_bergabung`, `kelebihan`, `info_loker`, `ijazah`, `created_at`, `updated_at`) VALUES (8, \'-\', \'1\', \'\', \'-\', \'-\', \'-\', \'-\', \'1722927354_e89ce60066791bddf954.pdf\', \'2024-08-06 13:55:54\', \'2024-08-06 13:55:54\')')
 4 SYSTEMPATH/Database/BaseBuilder.php(2307): CodeIgniter\Database\BaseConnection->query('INSERT INTO `data_pendukung_table` (`mitra_pengajar_id`, `pekerjaan`, `kontrak`, `kendaraan_pribadi`, `media_belajar`, `alasan_bergabung`, `kelebihan`, `info_loker`, `ijazah`, `created_at`, `updated_at`) VALUES (:mitra_pengajar_id:, :pekerjaan:, :kontrak:, :kendaraan_pribadi:, :media_belajar:, :alasan_bergabung:, :kelebihan:, :info_loker:, :ijazah:, :created_at:, :updated_at:)', [...], false)
 5 SYSTEMPATH/Model.php(326): CodeIgniter\Database\BaseBuilder->insert()
 6 SYSTEMPATH/BaseModel.php(802): CodeIgniter\Model->doInsert([...])
 7 SYSTEMPATH/Model.php(744): CodeIgniter\BaseModel->insert([...], false)
 8 SYSTEMPATH/BaseModel.php(713): CodeIgniter\Model->insert([...], false)
 9 APPPATH/Controllers/Users/UsersController.php(243): CodeIgniter\BaseModel->save([...])
10 SYSTEMPATH/CodeIgniter.php(941): App\Controllers\Users\UsersController->daftar_mitra_pengajar()
11 SYSTEMPATH/CodeIgniter.php(502): CodeIgniter\CodeIgniter->runController(Object(App\Controllers\Users\UsersController))
12 SYSTEMPATH/CodeIgniter.php(361): CodeIgniter\CodeIgniter->handleRequest(null, Object(Config\Cache), false)
13 FCPATH/index.php(79): CodeIgniter\CodeIgniter->run()
14 SYSTEMPATH/Commands/Server/rewrite.php(47): require_once('/Volumes/mf480 - Data/Alifya/public/index.php')
INFO - 2024-08-06 13:56:05 --> Session: Class initialized using 'CodeIgniter\Session\Handlers\FileHandler' driver.
INFO - 2024-08-06 13:56:37 --> Session: Class initialized using 'CodeIgniter\Session\Handlers\FileHandler' driver.
INFO - 2024-08-06 13:56:39 --> Session: Class initialized using 'CodeIgniter\Session\Handlers\FileHandler' driver.
INFO - 2024-08-06 13:56:52 --> Session: Class initialized using 'CodeIgniter\Session\Handlers\FileHandler' driver.
INFO - 2024-08-06 13:56:53 --> Session: Class initialized using 'CodeIgniter\Session\Handlers\FileHandler' driver.
INFO - 2024-08-06 13:57:16 --> Session: Class initialized using 'CodeIgniter\Session\Handlers\FileHandler' driver.
INFO - 2024-08-06 13:57:19 --> Session: Class initialized using 'CodeIgniter\Session\Handlers\FileHandler' driver.
INFO - 2024-08-06 13:57:19 --> Session: Class initialized using 'CodeIgniter\Session\Handlers\FileHandler' driver.
INFO - 2024-08-06 13:57:28 --> Session: Class initialized using 'CodeIgniter\Session\Handlers\FileHandler' driver.
INFO - 2024-08-06 13:57:33 --> Session: Class initialized using 'CodeIgniter\Session\Handlers\FileHandler' driver.
INFO - 2024-08-06 13:57:45 --> Session: Class initialized using 'CodeIgniter\Session\Handlers\FileHandler' driver.
INFO - 2024-08-06 13:57:46 --> Session: Class initialized using 'CodeIgniter\Session\Handlers\FileHandler' driver.
INFO - 2024-08-06 13:57:48 --> Session: Class initialized using 'CodeIgniter\Session\Handlers\FileHandler' driver.
INFO - 2024-08-06 13:57:50 --> Session: Class initialized using 'CodeIgniter\Session\Handlers\FileHandler' driver.
INFO - 2024-08-06 13:57:54 --> Session: Class initialized using 'CodeIgniter\Session\Handlers\FileHandler' driver.
INFO - 2024-08-06 13:57:57 --> Session: Class initialized using 'CodeIgniter\Session\Handlers\FileHandler' driver.
INFO - 2024-08-06 13:58:02 --> Session: Class initialized using 'CodeIgniter\Session\Handlers\FileHandler' driver.
INFO - 2024-08-06 13:58:03 --> Session: Class initialized using 'CodeIgniter\Session\Handlers\FileHandler' driver.
INFO - 2024-08-06 13:58:04 --> Session: Class initialized using 'CodeIgniter\Session\Handlers\FileHandler' driver.
INFO - 2024-08-06 13:58:07 --> Session: Class initialized using 'CodeIgniter\Session\Handlers\FileHandler' driver.
INFO - 2024-08-06 13:58:08 --> Session: Class initialized using 'CodeIgniter\Session\Handlers\FileHandler' driver.
INFO - 2024-08-06 13:58:09 --> Session: Class initialized using 'CodeIgniter\Session\Handlers\FileHandler' driver.
INFO - 2024-08-06 13:58:12 --> Session: Class initialized using 'CodeIgniter\Session\Handlers\FileHandler' driver.
INFO - 2024-08-06 13:58:13 --> Session: Class initialized using 'CodeIgniter\Session\Handlers\FileHandler' driver.
INFO - 2024-08-06 13:58:15 --> Session: Class initialized using 'CodeIgniter\Session\Handlers\FileHandler' driver.
INFO - 2024-08-06 14:00:08 --> Session: Class initialized using 'CodeIgniter\Session\Handlers\FileHandler' driver.
INFO - 2024-08-06 14:00:09 --> Session: Class initialized using 'CodeIgniter\Session\Handlers\FileHandler' driver.
INFO - 2024-08-06 14:00:30 --> Session: Class initialized using 'CodeIgniter\Session\Handlers\FileHandler' driver.
INFO - 2024-08-06 14:00:32 --> Session: Class initialized using 'CodeIgniter\Session\Handlers\FileHandler' driver.
INFO - 2024-08-06 14:00:34 --> Session: Class initialized using 'CodeIgniter\Session\Handlers\FileHandler' driver.
INFO - 2024-08-06 14:00:35 --> Session: Class initialized using 'CodeIgniter\Session\Handlers\FileHandler' driver.
INFO - 2024-08-06 14:00:37 --> Session: Class initialized using 'CodeIgniter\Session\Handlers\FileHandler' driver.
INFO - 2024-08-06 14:00:37 --> Session: Class initialized using 'CodeIgniter\Session\Handlers\FileHandler' driver.
INFO - 2024-08-06 14:00:39 --> Session: Class initialized using 'CodeIgniter\Session\Handlers\FileHandler' driver.
INFO - 2024-08-06 14:11:12 --> Session: Class initialized using 'CodeIgniter\Session\Handlers\FileHandler' driver.
INFO - 2024-08-06 14:11:15 --> Session: Class initialized using 'CodeIgniter\Session\Handlers\FileHandler' driver.
INFO - 2024-08-06 14:11:15 --> Session: Class initialized using 'CodeIgniter\Session\Handlers\FileHandler' driver.
INFO - 2024-08-06 14:11:23 --> Session: Class initialized using 'CodeIgniter\Session\Handlers\FileHandler' driver.
INFO - 2024-08-06 14:11:26 --> Session: Class initialized using 'CodeIgniter\Session\Handlers\FileHandler' driver.
INFO - 2024-08-06 14:12:34 --> Session: Class initialized using 'CodeIgniter\Session\Handlers\FileHandler' driver.
CRITICAL - 2024-08-06 14:12:34 --> ErrorException: Object of class stdClass could not be converted to number
in APPPATH/Controllers/Users/UsersController.php on line 234.
 1 APPPATH/Controllers/Users/UsersController.php(234): CodeIgniter\Debug\Exceptions->errorHandler(8, 'Object of class stdClass could not be converted to number', '/Volumes/mf480 - Data/Alifya/app/Controllers/Users/UsersController.php', 234, [...])
 2 SYSTEMPATH/CodeIgniter.php(941): App\Controllers\Users\UsersController->daftar_mitra_pengajar()
 3 SYSTEMPATH/CodeIgniter.php(502): CodeIgniter\CodeIgniter->runController(Object(App\Controllers\Users\UsersController))
 4 SYSTEMPATH/CodeIgniter.php(361): CodeIgniter\CodeIgniter->handleRequest(null, Object(Config\Cache), false)
 5 FCPATH/index.php(79): CodeIgniter\CodeIgniter->run()
 6 SYSTEMPATH/Commands/Server/rewrite.php(47): require_once('/Volumes/mf480 - Data/Alifya/public/index.php')
INFO - 2024-08-06 14:12:43 --> Session: Class initialized using 'CodeIgniter\Session\Handlers\FileHandler' driver.
CRITICAL - 2024-08-06 14:12:43 --> ErrorException: Object of class stdClass could not be converted to number
in APPPATH/Controllers/Users/UsersController.php on line 234.
 1 APPPATH/Controllers/Users/UsersController.php(234): CodeIgniter\Debug\Exceptions->errorHandler(8, 'Object of class stdClass could not be converted to number', '/Volumes/mf480 - Data/Alifya/app/Controllers/Users/UsersController.php', 234, [...])
 2 SYSTEMPATH/CodeIgniter.php(941): App\Controllers\Users\UsersController->daftar_mitra_pengajar()
 3 SYSTEMPATH/CodeIgniter.php(502): CodeIgniter\CodeIgniter->runController(Object(App\Controllers\Users\UsersController))
 4 SYSTEMPATH/CodeIgniter.php(361): CodeIgniter\CodeIgniter->handleRequest(null, Object(Config\Cache), false)
 5 FCPATH/index.php(79): CodeIgniter\CodeIgniter->run()
 6 SYSTEMPATH/Commands/Server/rewrite.php(47): require_once('/Volumes/mf480 - Data/Alifya/public/index.php')
INFO - 2024-08-06 14:13:15 --> Session: Class initialized using 'CodeIgniter\Session\Handlers\FileHandler' driver.
INFO - 2024-08-06 14:15:38 --> Session: Class initialized using 'CodeIgniter\Session\Handlers\FileHandler' driver.
ERROR - 2024-08-06 14:15:38 --> mysqli_sql_exception: Cannot add or update a child row: a foreign key constraint fails (`alifya_private_db`.`data_pendukung_table`, CONSTRAINT `data_pendukung_table_mitra_pengajar_id_foreign` FOREIGN KEY (`mitra_pengajar_id`) REFERENCES `data_pengajar_table` (`id`) ON DELETE CASC) in /Volumes/mf480 - Data/Alifya/vendor/codeigniter4/framework/system/Database/MySQLi/Connection.php:306
Stack trace:
#0 /Volumes/mf480 - Data/Alifya/vendor/codeigniter4/framework/system/Database/MySQLi/Connection.php(306): mysqli->query('INSERT INTO `da...', 0)
#1 /Volumes/mf480 - Data/Alifya/vendor/codeigniter4/framework/system/Database/BaseConnection.php(693): CodeIgniter\Database\MySQLi\Connection->execute('INSERT INTO `da...')
#2 /Volumes/mf480 - Data/Alifya/vendor/codeigniter4/framework/system/Database/BaseConnection.php(607): CodeIgniter\Database\BaseConnection->simpleQuery('INSERT INTO `da...')
#3 /Volumes/mf480 - Data/Alifya/vendor/codeigniter4/framework/system/Database/BaseBuilder.php(2307): CodeIgniter\Database\BaseConnection->query('INSERT INTO `da...', Array, false)
#4 /Volumes/mf480 - Data/Alifya/vendor/codeigniter4/framework/system/Model.php(326): CodeIgniter\Database\BaseBuilder->insert()
#5 /Volumes/mf480 - Data/Alifya/vendor/codeigniter4/framework/system/BaseModel.php(802): CodeIgniter\Model->doInsert(Array)
#6 /Volumes/mf480 - Data/Alifya/vendor/codeigniter4/framework/system/Model.php(744): CodeIgniter\BaseModel->insert(Array, false)
#7 /Volumes/mf480 - Data/Alifya/vendor/codeigniter4/framework/system/BaseModel.php(713): CodeIgniter\Model->insert(Array, false)
#8 /Volumes/mf480 - Data/Alifya/app/Controllers/Users/UsersController.php(243): CodeIgniter\BaseModel->save(Array)
#9 /Volumes/mf480 - Data/Alifya/vendor/codeigniter4/framework/system/CodeIgniter.php(941): App\Controllers\Users\UsersController->daftar_mitra_pengajar()
#10 /Volumes/mf480 - Data/Alifya/vendor/codeigniter4/framework/system/CodeIgniter.php(502): CodeIgniter\CodeIgniter->runController(Object(App\Controllers\Users\UsersController))
#11 /Volumes/mf480 - Data/Alifya/vendor/codeigniter4/framework/system/CodeIgniter.php(361): CodeIgniter\CodeIgniter->handleRequest(NULL, Object(Config\Cache), false)
#12 /Volumes/mf480 - Data/Alifya/public/index.php(79): CodeIgniter\CodeIgniter->run()
#13 /Volumes/mf480 - Data/Alifya/vendor/codeigniter4/framework/system/Commands/Server/rewrite.php(47): require_once('/Volumes/mf480 ...')
#14 {main}
CRITICAL - 2024-08-06 14:15:38 --> CodeIgniter\Database\Exceptions\DatabaseException: Cannot add or update a child row: a foreign key constraint fails (`alifya_private_db`.`data_pendukung_table`, CONSTRAINT `data_pendukung_table_mitra_pengajar_id_foreign` FOREIGN KEY (`mitra_pengajar_id`) REFERENCES `data_pengajar_table` (`id`) ON DELETE CASC)
in SYSTEMPATH/Database/BaseConnection.php on line 647.
 1 SYSTEMPATH/Database/BaseBuilder.php(2307): CodeIgniter\Database\BaseConnection->query('INSERT INTO `data_pendukung_table` (`mitra_pengajar_id`, `pekerjaan`, `kontrak`, `kendaraan_pribadi`, `media_belajar`, `alasan_bergabung`, `kelebihan`, `info_loker`, `ijazah`, `created_at`, `updated_at`) VALUES (:mitra_pengajar_id:, :pekerjaan:, :kontrak:, :kendaraan_pribadi:, :media_belajar:, :alasan_bergabung:, :kelebihan:, :info_loker:, :ijazah:, :created_at:, :updated_at:)', [...], false)
 2 SYSTEMPATH/Model.php(326): CodeIgniter\Database\BaseBuilder->insert()
 3 SYSTEMPATH/BaseModel.php(802): CodeIgniter\Model->doInsert([...])
 4 SYSTEMPATH/Model.php(744): CodeIgniter\BaseModel->insert([...], false)
 5 SYSTEMPATH/BaseModel.php(713): CodeIgniter\Model->insert([...], false)
 6 APPPATH/Controllers/Users/UsersController.php(243): CodeIgniter\BaseModel->save([...])
 7 SYSTEMPATH/CodeIgniter.php(941): App\Controllers\Users\UsersController->daftar_mitra_pengajar()
 8 SYSTEMPATH/CodeIgniter.php(502): CodeIgniter\CodeIgniter->runController(Object(App\Controllers\Users\UsersController))
 9 SYSTEMPATH/CodeIgniter.php(361): CodeIgniter\CodeIgniter->handleRequest(null, Object(Config\Cache), false)
10 FCPATH/index.php(79): CodeIgniter\CodeIgniter->run()
11 SYSTEMPATH/Commands/Server/rewrite.php(47): require_once('/Volumes/mf480 - Data/Alifya/public/index.php')
CRITICAL - 2024-08-06 14:15:38 --> [Caused by] CodeIgniter\Database\Exceptions\DatabaseException: Cannot add or update a child row: a foreign key constraint fails (`alifya_private_db`.`data_pendukung_table`, CONSTRAINT `data_pendukung_table_mitra_pengajar_id_foreign` FOREIGN KEY (`mitra_pengajar_id`) REFERENCES `data_pengajar_table` (`id`) ON DELETE CASC)
in SYSTEMPATH/Database/MySQLi/Connection.php on line 311.
 1 SYSTEMPATH/Database/BaseConnection.php(693): CodeIgniter\Database\MySQLi\Connection->execute('INSERT INTO `data_pendukung_table` (`mitra_pengajar_id`, `pekerjaan`, `kontrak`, `kendaraan_pribadi`, `media_belajar`, `alasan_bergabung`, `kelebihan`, `info_loker`, `ijazah`, `created_at`, `updated_at`) VALUES (11, \'-\', \'1\', \'\', \'-\', \'-\', \'-\', \'-\', \'1722928538_0f42e6db01168730ed22.pdf\', \'2024-08-06 14:15:38\', \'2024-08-06 14:15:38\')')
 2 SYSTEMPATH/Database/BaseConnection.php(607): CodeIgniter\Database\BaseConnection->simpleQuery('INSERT INTO `data_pendukung_table` (`mitra_pengajar_id`, `pekerjaan`, `kontrak`, `kendaraan_pribadi`, `media_belajar`, `alasan_bergabung`, `kelebihan`, `info_loker`, `ijazah`, `created_at`, `updated_at`) VALUES (11, \'-\', \'1\', \'\', \'-\', \'-\', \'-\', \'-\', \'1722928538_0f42e6db01168730ed22.pdf\', \'2024-08-06 14:15:38\', \'2024-08-06 14:15:38\')')
 3 SYSTEMPATH/Database/BaseBuilder.php(2307): CodeIgniter\Database\BaseConnection->query('INSERT INTO `data_pendukung_table` (`mitra_pengajar_id`, `pekerjaan`, `kontrak`, `kendaraan_pribadi`, `media_belajar`, `alasan_bergabung`, `kelebihan`, `info_loker`, `ijazah`, `created_at`, `updated_at`) VALUES (:mitra_pengajar_id:, :pekerjaan:, :kontrak:, :kendaraan_pribadi:, :media_belajar:, :alasan_bergabung:, :kelebihan:, :info_loker:, :ijazah:, :created_at:, :updated_at:)', [...], false)
 4 SYSTEMPATH/Model.php(326): CodeIgniter\Database\BaseBuilder->insert()
 5 SYSTEMPATH/BaseModel.php(802): CodeIgniter\Model->doInsert([...])
 6 SYSTEMPATH/Model.php(744): CodeIgniter\BaseModel->insert([...], false)
 7 SYSTEMPATH/BaseModel.php(713): CodeIgniter\Model->insert([...], false)
 8 APPPATH/Controllers/Users/UsersController.php(243): CodeIgniter\BaseModel->save([...])
 9 SYSTEMPATH/CodeIgniter.php(941): App\Controllers\Users\UsersController->daftar_mitra_pengajar()
10 SYSTEMPATH/CodeIgniter.php(502): CodeIgniter\CodeIgniter->runController(Object(App\Controllers\Users\UsersController))
11 SYSTEMPATH/CodeIgniter.php(361): CodeIgniter\CodeIgniter->handleRequest(null, Object(Config\Cache), false)
12 FCPATH/index.php(79): CodeIgniter\CodeIgniter->run()
13 SYSTEMPATH/Commands/Server/rewrite.php(47): require_once('/Volumes/mf480 - Data/Alifya/public/index.php')
CRITICAL - 2024-08-06 14:15:38 --> [Caused by] mysqli_sql_exception: Cannot add or update a child row: a foreign key constraint fails (`alifya_private_db`.`data_pendukung_table`, CONSTRAINT `data_pendukung_table_mitra_pengajar_id_foreign` FOREIGN KEY (`mitra_pengajar_id`) REFERENCES `data_pengajar_table` (`id`) ON DELETE CASC)
in SYSTEMPATH/Database/MySQLi/Connection.php on line 306.
 1 SYSTEMPATH/Database/MySQLi/Connection.php(306): mysqli->query('INSERT INTO `data_pendukung_table` (`mitra_pengajar_id`, `pekerjaan`, `kontrak`, `kendaraan_pribadi`, `media_belajar`, `alasan_bergabung`, `kelebihan`, `info_loker`, `ijazah`, `created_at`, `updated_at`) VALUES (11, \'-\', \'1\', \'\', \'-\', \'-\', \'-\', \'-\', \'1722928538_0f42e6db01168730ed22.pdf\', \'2024-08-06 14:15:38\', \'2024-08-06 14:15:38\')', 0)
 2 SYSTEMPATH/Database/BaseConnection.php(693): CodeIgniter\Database\MySQLi\Connection->execute('INSERT INTO `data_pendukung_table` (`mitra_pengajar_id`, `pekerjaan`, `kontrak`, `kendaraan_pribadi`, `media_belajar`, `alasan_bergabung`, `kelebihan`, `info_loker`, `ijazah`, `created_at`, `updated_at`) VALUES (11, \'-\', \'1\', \'\', \'-\', \'-\', \'-\', \'-\', \'1722928538_0f42e6db01168730ed22.pdf\', \'2024-08-06 14:15:38\', \'2024-08-06 14:15:38\')')
 3 SYSTEMPATH/Database/BaseConnection.php(607): CodeIgniter\Database\BaseConnection->simpleQuery('INSERT INTO `data_pendukung_table` (`mitra_pengajar_id`, `pekerjaan`, `kontrak`, `kendaraan_pribadi`, `media_belajar`, `alasan_bergabung`, `kelebihan`, `info_loker`, `ijazah`, `created_at`, `updated_at`) VALUES (11, \'-\', \'1\', \'\', \'-\', \'-\', \'-\', \'-\', \'1722928538_0f42e6db01168730ed22.pdf\', \'2024-08-06 14:15:38\', \'2024-08-06 14:15:38\')')
 4 SYSTEMPATH/Database/BaseBuilder.php(2307): CodeIgniter\Database\BaseConnection->query('INSERT INTO `data_pendukung_table` (`mitra_pengajar_id`, `pekerjaan`, `kontrak`, `kendaraan_pribadi`, `media_belajar`, `alasan_bergabung`, `kelebihan`, `info_loker`, `ijazah`, `created_at`, `updated_at`) VALUES (:mitra_pengajar_id:, :pekerjaan:, :kontrak:, :kendaraan_pribadi:, :media_belajar:, :alasan_bergabung:, :kelebihan:, :info_loker:, :ijazah:, :created_at:, :updated_at:)', [...], false)
 5 SYSTEMPATH/Model.php(326): CodeIgniter\Database\BaseBuilder->insert()
 6 SYSTEMPATH/BaseModel.php(802): CodeIgniter\Model->doInsert([...])
 7 SYSTEMPATH/Model.php(744): CodeIgniter\BaseModel->insert([...], false)
 8 SYSTEMPATH/BaseModel.php(713): CodeIgniter\Model->insert([...], false)
 9 APPPATH/Controllers/Users/UsersController.php(243): CodeIgniter\BaseModel->save([...])
10 SYSTEMPATH/CodeIgniter.php(941): App\Controllers\Users\UsersController->daftar_mitra_pengajar()
11 SYSTEMPATH/CodeIgniter.php(502): CodeIgniter\CodeIgniter->runController(Object(App\Controllers\Users\UsersController))
12 SYSTEMPATH/CodeIgniter.php(361): CodeIgniter\CodeIgniter->handleRequest(null, Object(Config\Cache), false)
13 FCPATH/index.php(79): CodeIgniter\CodeIgniter->run()
14 SYSTEMPATH/Commands/Server/rewrite.php(47): require_once('/Volumes/mf480 - Data/Alifya/public/index.php')
INFO - 2024-08-06 14:16:01 --> Session: Class initialized using 'CodeIgniter\Session\Handlers\FileHandler' driver.
INFO - 2024-08-06 21:42:07 --> Session: Class initialized using 'CodeIgniter\Session\Handlers\FileHandler' driver.
INFO - 2024-08-06 22:05:01 --> Session: Class initialized using 'CodeIgniter\Session\Handlers\FileHandler' driver.
INFO - 2024-08-06 22:05:19 --> Session: Class initialized using 'CodeIgniter\Session\Handlers\FileHandler' driver.
INFO - 2024-08-06 22:05:40 --> Session: Class initialized using 'CodeIgniter\Session\Handlers\FileHandler' driver.
INFO - 2024-08-06 22:06:29 --> Session: Class initialized using 'CodeIgniter\Session\Handlers\FileHandler' driver.
INFO - 2024-08-06 22:06:54 --> Session: Class initialized using 'CodeIgniter\Session\Handlers\FileHandler' driver.
INFO - 2024-08-06 22:07:20 --> Session: Class initialized using 'CodeIgniter\Session\Handlers\FileHandler' driver.
INFO - 2024-08-06 22:07:25 --> Session: Class initialized using 'CodeIgniter\Session\Handlers\FileHandler' driver.
INFO - 2024-08-06 22:07:59 --> Session: Class initialized using 'CodeIgniter\Session\Handlers\FileHandler' driver.
INFO - 2024-08-06 22:08:14 --> Session: Class initialized using 'CodeIgniter\Session\Handlers\FileHandler' driver.
INFO - 2024-08-06 22:08:15 --> Session: Class initialized using 'CodeIgniter\Session\Handlers\FileHandler' driver.
INFO - 2024-08-06 22:09:40 --> Session: Class initialized using 'CodeIgniter\Session\Handlers\FileHandler' driver.
INFO - 2024-08-06 22:10:43 --> Session: Class initialized using 'CodeIgniter\Session\Handlers\FileHandler' driver.
INFO - 2024-08-06 22:11:14 --> Session: Class initialized using 'CodeIgniter\Session\Handlers\FileHandler' driver.
INFO - 2024-08-06 22:11:31 --> Session: Class initialized using 'CodeIgniter\Session\Handlers\FileHandler' driver.
INFO - 2024-08-06 22:11:38 --> Session: Class initialized using 'CodeIgniter\Session\Handlers\FileHandler' driver.
INFO - 2024-08-06 22:12:52 --> Session: Class initialized using 'CodeIgniter\Session\Handlers\FileHandler' driver.
INFO - 2024-08-06 22:13:03 --> Session: Class initialized using 'CodeIgniter\Session\Handlers\FileHandler' driver.
INFO - 2024-08-06 22:15:15 --> Session: Class initialized using 'CodeIgniter\Session\Handlers\FileHandler' driver.
INFO - 2024-08-06 22:15:17 --> Session: Class initialized using 'CodeIgniter\Session\Handlers\FileHandler' driver.
INFO - 2024-08-06 22:15:26 --> Session: Class initialized using 'CodeIgniter\Session\Handlers\FileHandler' driver.
INFO - 2024-08-06 22:16:12 --> Session: Class initialized using 'CodeIgniter\Session\Handlers\FileHandler' driver.
INFO - 2024-08-06 22:16:34 --> Session: Class initialized using 'CodeIgniter\Session\Handlers\FileHandler' driver.
INFO - 2024-08-06 22:16:35 --> Session: Class initialized using 'CodeIgniter\Session\Handlers\FileHandler' driver.
INFO - 2024-08-06 22:17:12 --> Session: Class initialized using 'CodeIgniter\Session\Handlers\FileHandler' driver.
INFO - 2024-08-06 22:18:00 --> Session: Class initialized using 'CodeIgniter\Session\Handlers\FileHandler' driver.
INFO - 2024-08-06 22:21:48 --> Session: Class initialized using 'CodeIgniter\Session\Handlers\FileHandler' driver.
INFO - 2024-08-06 22:21:49 --> Session: Class initialized using 'CodeIgniter\Session\Handlers\FileHandler' driver.
INFO - 2024-08-06 22:22:02 --> Session: Class initialized using 'CodeIgniter\Session\Handlers\FileHandler' driver.
INFO - 2024-08-06 22:22:53 --> Session: Class initialized using 'CodeIgniter\Session\Handlers\FileHandler' driver.
INFO - 2024-08-06 22:23:07 --> Session: Class initialized using 'CodeIgniter\Session\Handlers\FileHandler' driver.
INFO - 2024-08-06 22:23:09 --> Session: Class initialized using 'CodeIgniter\Session\Handlers\FileHandler' driver.
INFO - 2024-08-06 22:23:48 --> Session: Class initialized using 'CodeIgniter\Session\Handlers\FileHandler' driver.
INFO - 2024-08-06 22:24:47 --> Session: Class initialized using 'CodeIgniter\Session\Handlers\FileHandler' driver.
INFO - 2024-08-06 22:24:54 --> Session: Class initialized using 'CodeIgniter\Session\Handlers\FileHandler' driver.
INFO - 2024-08-06 22:25:03 --> Session: Class initialized using 'CodeIgniter\Session\Handlers\FileHandler' driver.
INFO - 2024-08-06 22:25:04 --> Session: Class initialized using 'CodeIgniter\Session\Handlers\FileHandler' driver.
INFO - 2024-08-06 22:25:08 --> Session: Class initialized using 'CodeIgniter\Session\Handlers\FileHandler' driver.
INFO - 2024-08-06 22:25:15 --> Session: Class initialized using 'CodeIgniter\Session\Handlers\FileHandler' driver.
INFO - 2024-08-06 22:25:17 --> Session: Class initialized using 'CodeIgniter\Session\Handlers\FileHandler' driver.
INFO - 2024-08-06 22:25:22 --> Session: Class initialized using 'CodeIgniter\Session\Handlers\FileHandler' driver.
INFO - 2024-08-06 22:25:29 --> Session: Class initialized using 'CodeIgniter\Session\Handlers\FileHandler' driver.
INFO - 2024-08-06 22:25:35 --> Session: Class initialized using 'CodeIgniter\Session\Handlers\FileHandler' driver.
INFO - 2024-08-06 22:25:36 --> Session: Class initialized using 'CodeIgniter\Session\Handlers\FileHandler' driver.
INFO - 2024-08-06 22:26:19 --> Session: Class initialized using 'CodeIgniter\Session\Handlers\FileHandler' driver.
INFO - 2024-08-06 22:26:26 --> Session: Class initialized using 'CodeIgniter\Session\Handlers\FileHandler' driver.
INFO - 2024-08-06 22:26:28 --> Session: Class initialized using 'CodeIgniter\Session\Handlers\FileHandler' driver.
INFO - 2024-08-06 22:27:12 --> Session: Class initialized using 'CodeIgniter\Session\Handlers\FileHandler' driver.
INFO - 2024-08-06 22:27:20 --> Session: Class initialized using 'CodeIgniter\Session\Handlers\FileHandler' driver.
INFO - 2024-08-06 22:27:36 --> Session: Class initialized using 'CodeIgniter\Session\Handlers\FileHandler' driver.
INFO - 2024-08-06 22:28:05 --> Session: Class initialized using 'CodeIgniter\Session\Handlers\FileHandler' driver.
INFO - 2024-08-06 22:28:09 --> Session: Class initialized using 'CodeIgniter\Session\Handlers\FileHandler' driver.
INFO - 2024-08-06 22:28:18 --> Session: Class initialized using 'CodeIgniter\Session\Handlers\FileHandler' driver.
INFO - 2024-08-06 22:28:19 --> Session: Class initialized using 'CodeIgniter\Session\Handlers\FileHandler' driver.
INFO - 2024-08-06 22:28:25 --> Session: Class initialized using 'CodeIgniter\Session\Handlers\FileHandler' driver.
INFO - 2024-08-06 22:30:50 --> Session: Class initialized using 'CodeIgniter\Session\Handlers\FileHandler' driver.
INFO - 2024-08-06 22:30:51 --> Session: Class initialized using 'CodeIgniter\Session\Handlers\FileHandler' driver.
INFO - 2024-08-06 22:31:00 --> Session: Class initialized using 'CodeIgniter\Session\Handlers\FileHandler' driver.
INFO - 2024-08-06 22:31:17 --> Session: Class initialized using 'CodeIgniter\Session\Handlers\FileHandler' driver.
INFO - 2024-08-06 22:31:40 --> Session: Class initialized using 'CodeIgniter\Session\Handlers\FileHandler' driver.
INFO - 2024-08-06 22:33:46 --> Session: Class initialized using 'CodeIgniter\Session\Handlers\FileHandler' driver.
INFO - 2024-08-06 22:33:47 --> Session: Class initialized using 'CodeIgniter\Session\Handlers\FileHandler' driver.
INFO - 2024-08-06 22:33:57 --> Session: Class initialized using 'CodeIgniter\Session\Handlers\FileHandler' driver.
INFO - 2024-08-06 22:34:05 --> Session: Class initialized using 'CodeIgniter\Session\Handlers\FileHandler' driver.
INFO - 2024-08-06 22:34:13 --> Session: Class initialized using 'CodeIgniter\Session\Handlers\FileHandler' driver.
INFO - 2024-08-06 22:34:15 --> Session: Class initialized using 'CodeIgniter\Session\Handlers\FileHandler' driver.
INFO - 2024-08-06 22:34:40 --> Session: Class initialized using 'CodeIgniter\Session\Handlers\FileHandler' driver.
INFO - 2024-08-06 22:35:01 --> Session: Class initialized using 'CodeIgniter\Session\Handlers\FileHandler' driver.
INFO - 2024-08-06 22:35:01 --> Session: Class initialized using 'CodeIgniter\Session\Handlers\FileHandler' driver.
INFO - 2024-08-06 22:35:11 --> Session: Class initialized using 'CodeIgniter\Session\Handlers\FileHandler' driver.
INFO - 2024-08-06 22:35:35 --> Session: Class initialized using 'CodeIgniter\Session\Handlers\FileHandler' driver.
INFO - 2024-08-06 22:35:43 --> Session: Class initialized using 'CodeIgniter\Session\Handlers\FileHandler' driver.
INFO - 2024-08-06 22:35:49 --> Session: Class initialized using 'CodeIgniter\Session\Handlers\FileHandler' driver.
INFO - 2024-08-06 22:35:50 --> Session: Class initialized using 'CodeIgniter\Session\Handlers\FileHandler' driver.
INFO - 2024-08-06 22:35:59 --> Session: Class initialized using 'CodeIgniter\Session\Handlers\FileHandler' driver.
INFO - 2024-08-06 22:36:12 --> Session: Class initialized using 'CodeIgniter\Session\Handlers\FileHandler' driver.
INFO - 2024-08-06 22:36:28 --> Session: Class initialized using 'CodeIgniter\Session\Handlers\FileHandler' driver.
INFO - 2024-08-06 22:36:52 --> Session: Class initialized using 'CodeIgniter\Session\Handlers\FileHandler' driver.
INFO - 2024-08-06 22:37:29 --> Session: Class initialized using 'CodeIgniter\Session\Handlers\FileHandler' driver.
INFO - 2024-08-06 22:37:30 --> Session: Class initialized using 'CodeIgniter\Session\Handlers\FileHandler' driver.
INFO - 2024-08-06 22:43:47 --> Session: Class initialized using 'CodeIgniter\Session\Handlers\FileHandler' driver.
INFO - 2024-08-06 22:44:22 --> Session: Class initialized using 'CodeIgniter\Session\Handlers\FileHandler' driver.
INFO - 2024-08-06 22:44:41 --> Session: Class initialized using 'CodeIgniter\Session\Handlers\FileHandler' driver.
INFO - 2024-08-06 22:45:22 --> Session: Class initialized using 'CodeIgniter\Session\Handlers\FileHandler' driver.
INFO - 2024-08-06 22:46:01 --> Session: Class initialized using 'CodeIgniter\Session\Handlers\FileHandler' driver.
INFO - 2024-08-06 22:46:40 --> Session: Class initialized using 'CodeIgniter\Session\Handlers\FileHandler' driver.
INFO - 2024-08-06 22:47:22 --> Session: Class initialized using 'CodeIgniter\Session\Handlers\FileHandler' driver.
INFO - 2024-08-06 22:47:38 --> Session: Class initialized using 'CodeIgniter\Session\Handlers\FileHandler' driver.
INFO - 2024-08-06 22:47:45 --> Session: Class initialized using 'CodeIgniter\Session\Handlers\FileHandler' driver.
INFO - 2024-08-06 22:47:54 --> Session: Class initialized using 'CodeIgniter\Session\Handlers\FileHandler' driver.
INFO - 2024-08-06 22:48:34 --> Session: Class initialized using 'CodeIgniter\Session\Handlers\FileHandler' driver.
INFO - 2024-08-06 22:48:51 --> Session: Class initialized using 'CodeIgniter\Session\Handlers\FileHandler' driver.
INFO - 2024-08-06 22:49:00 --> Session: Class initialized using 'CodeIgniter\Session\Handlers\FileHandler' driver.
INFO - 2024-08-06 22:49:29 --> Session: Class initialized using 'CodeIgniter\Session\Handlers\FileHandler' driver.
INFO - 2024-08-06 22:49:31 --> Session: Class initialized using 'CodeIgniter\Session\Handlers\FileHandler' driver.
INFO - 2024-08-06 22:49:42 --> Session: Class initialized using 'CodeIgniter\Session\Handlers\FileHandler' driver.
INFO - 2024-08-06 22:49:47 --> Session: Class initialized using 'CodeIgniter\Session\Handlers\FileHandler' driver.
INFO - 2024-08-06 22:50:00 --> Session: Class initialized using 'CodeIgniter\Session\Handlers\FileHandler' driver.
INFO - 2024-08-06 22:50:27 --> Session: Class initialized using 'CodeIgniter\Session\Handlers\FileHandler' driver.
INFO - 2024-08-06 22:50:45 --> Session: Class initialized using 'CodeIgniter\Session\Handlers\FileHandler' driver.
INFO - 2024-08-06 22:51:14 --> Session: Class initialized using 'CodeIgniter\Session\Handlers\FileHandler' driver.
INFO - 2024-08-06 22:51:26 --> Session: Class initialized using 'CodeIgniter\Session\Handlers\FileHandler' driver.
INFO - 2024-08-06 22:52:05 --> Session: Class initialized using 'CodeIgniter\Session\Handlers\FileHandler' driver.
INFO - 2024-08-06 22:55:03 --> Session: Class initialized using 'CodeIgniter\Session\Handlers\FileHandler' driver.
INFO - 2024-08-06 22:55:04 --> Session: Class initialized using 'CodeIgniter\Session\Handlers\FileHandler' driver.
INFO - 2024-08-06 22:55:14 --> Session: Class initialized using 'CodeIgniter\Session\Handlers\FileHandler' driver.
INFO - 2024-08-06 22:55:14 --> Session: Class initialized using 'CodeIgniter\Session\Handlers\FileHandler' driver.
INFO - 2024-08-06 22:55:24 --> Session: Class initialized using 'CodeIgniter\Session\Handlers\FileHandler' driver.
