INFO - 2024-09-05 15:20:15 --> Session: Class initialized using 'CodeIgniter\Session\Handlers\FileHandler' driver.
INFO - 2024-09-05 15:21:57 --> Session: Class initialized using 'CodeIgniter\Session\Handlers\FileHandler' driver.
INFO - 2024-09-05 15:22:23 --> Session: Class initialized using 'CodeIgniter\Session\Handlers\FileHandler' driver.
INFO - 2024-09-05 15:22:24 --> Session: Class initialized using 'CodeIgniter\Session\Handlers\FileHandler' driver.
INFO - 2024-09-05 15:22:35 --> Session: Class initialized using 'CodeIgniter\Session\Handlers\FileHandler' driver.
INFO - 2024-09-05 15:22:40 --> Session: Class initialized using 'CodeIgniter\Session\Handlers\FileHandler' driver.
INFO - 2024-09-05 15:22:43 --> Session: Class initialized using 'CodeIgniter\Session\Handlers\FileHandler' driver.
INFO - 2024-09-05 15:22:45 --> Session: Class initialized using 'CodeIgniter\Session\Handlers\FileHandler' driver.
INFO - 2024-09-05 15:22:51 --> Session: Class initialized using 'CodeIgniter\Session\Handlers\FileHandler' driver.
INFO - 2024-09-05 15:23:06 --> Session: Class initialized using 'CodeIgniter\Session\Handlers\FileHandler' driver.
INFO - 2024-09-05 15:23:21 --> Session: Class initialized using 'CodeIgniter\Session\Handlers\FileHandler' driver.
INFO - 2024-09-05 15:23:22 --> Session: Class initialized using 'CodeIgniter\Session\Handlers\FileHandler' driver.
INFO - 2024-09-05 15:23:34 --> Session: Class initialized using 'CodeIgniter\Session\Handlers\FileHandler' driver.
INFO - 2024-09-05 15:23:41 --> Session: Class initialized using 'CodeIgniter\Session\Handlers\FileHandler' driver.
INFO - 2024-09-05 15:23:42 --> Session: Class initialized using 'CodeIgniter\Session\Handlers\FileHandler' driver.
INFO - 2024-09-05 15:23:49 --> Session: Class initialized using 'CodeIgniter\Session\Handlers\FileHandler' driver.
INFO - 2024-09-05 15:23:53 --> Session: Class initialized using 'CodeIgniter\Session\Handlers\FileHandler' driver.
INFO - 2024-09-05 15:23:56 --> Session: Class initialized using 'CodeIgniter\Session\Handlers\FileHandler' driver.
INFO - 2024-09-05 15:24:10 --> Session: Class initialized using 'CodeIgniter\Session\Handlers\FileHandler' driver.
INFO - 2024-09-05 15:24:11 --> Session: Class initialized using 'CodeIgniter\Session\Handlers\FileHandler' driver.
INFO - 2024-09-05 15:24:16 --> Session: Class initialized using 'CodeIgniter\Session\Handlers\FileHandler' driver.
INFO - 2024-09-05 15:24:23 --> Session: Class initialized using 'CodeIgniter\Session\Handlers\FileHandler' driver.
INFO - 2024-09-05 15:24:28 --> Session: Class initialized using 'CodeIgniter\Session\Handlers\FileHandler' driver.
INFO - 2024-09-05 15:24:37 --> Session: Class initialized using 'CodeIgniter\Session\Handlers\FileHandler' driver.
INFO - 2024-09-05 15:24:38 --> Session: Class initialized using 'CodeIgniter\Session\Handlers\FileHandler' driver.
INFO - 2024-09-05 15:24:42 --> Session: Class initialized using 'CodeIgniter\Session\Handlers\FileHandler' driver.
INFO - 2024-09-05 15:24:45 --> Session: Class initialized using 'CodeIgniter\Session\Handlers\FileHandler' driver.
INFO - 2024-09-05 15:24:46 --> Session: Class initialized using 'CodeIgniter\Session\Handlers\FileHandler' driver.
INFO - 2024-09-05 15:24:56 --> Session: Class initialized using 'CodeIgniter\Session\Handlers\FileHandler' driver.
INFO - 2024-09-05 15:24:59 --> Session: Class initialized using 'CodeIgniter\Session\Handlers\FileHandler' driver.
INFO - 2024-09-05 15:25:00 --> Session: Class initialized using 'CodeIgniter\Session\Handlers\FileHandler' driver.
INFO - 2024-09-05 15:25:10 --> Session: Class initialized using 'CodeIgniter\Session\Handlers\FileHandler' driver.
INFO - 2024-09-05 15:25:13 --> Session: Class initialized using 'CodeIgniter\Session\Handlers\FileHandler' driver.
INFO - 2024-09-05 15:25:21 --> Session: Class initialized using 'CodeIgniter\Session\Handlers\FileHandler' driver.
INFO - 2024-09-05 15:25:32 --> Session: Class initialized using 'CodeIgniter\Session\Handlers\FileHandler' driver.
INFO - 2024-09-05 15:25:33 --> Session: Class initialized using 'CodeIgniter\Session\Handlers\FileHandler' driver.
INFO - 2024-09-05 15:25:41 --> Session: Class initialized using 'CodeIgniter\Session\Handlers\FileHandler' driver.
INFO - 2024-09-05 15:25:45 --> Session: Class initialized using 'CodeIgniter\Session\Handlers\FileHandler' driver.
INFO - 2024-09-05 15:25:47 --> Session: Class initialized using 'CodeIgniter\Session\Handlers\FileHandler' driver.
INFO - 2024-09-05 15:25:52 --> Session: Class initialized using 'CodeIgniter\Session\Handlers\FileHandler' driver.
INFO - 2024-09-05 15:26:16 --> Session: Class initialized using 'CodeIgniter\Session\Handlers\FileHandler' driver.
INFO - 2024-09-05 15:26:26 --> Session: Class initialized using 'CodeIgniter\Session\Handlers\FileHandler' driver.
INFO - 2024-09-05 15:26:28 --> Session: Class initialized using 'CodeIgniter\Session\Handlers\FileHandler' driver.
INFO - 2024-09-05 15:26:51 --> Session: Class initialized using 'CodeIgniter\Session\Handlers\FileHandler' driver.
INFO - 2024-09-05 15:26:54 --> Session: Class initialized using 'CodeIgniter\Session\Handlers\FileHandler' driver.
INFO - 2024-09-05 15:27:06 --> Session: Class initialized using 'CodeIgniter\Session\Handlers\FileHandler' driver.
INFO - 2024-09-05 15:27:07 --> Session: Class initialized using 'CodeIgniter\Session\Handlers\FileHandler' driver.
INFO - 2024-09-05 15:27:15 --> Session: Class initialized using 'CodeIgniter\Session\Handlers\FileHandler' driver.
INFO - 2024-09-05 15:27:16 --> Session: Class initialized using 'CodeIgniter\Session\Handlers\FileHandler' driver.
INFO - 2024-09-05 15:27:17 --> Session: Class initialized using 'CodeIgniter\Session\Handlers\FileHandler' driver.
INFO - 2024-09-05 15:27:18 --> Session: Class initialized using 'CodeIgniter\Session\Handlers\FileHandler' driver.
INFO - 2024-09-05 15:27:21 --> Session: Class initialized using 'CodeIgniter\Session\Handlers\FileHandler' driver.
INFO - 2024-09-05 15:27:25 --> Session: Class initialized using 'CodeIgniter\Session\Handlers\FileHandler' driver.
INFO - 2024-09-05 15:27:29 --> Session: Class initialized using 'CodeIgniter\Session\Handlers\FileHandler' driver.
INFO - 2024-09-05 15:27:31 --> Session: Class initialized using 'CodeIgniter\Session\Handlers\FileHandler' driver.
INFO - 2024-09-05 15:27:32 --> Session: Class initialized using 'CodeIgniter\Session\Handlers\FileHandler' driver.
CRITICAL - 2024-09-05 15:27:32 --> ErrorException: Undefined index: mitra_pengajar_id
in APPPATH/Controllers/Admin/KelompokBelajarController.php on line 134.
 1 APPPATH/Controllers/Admin/KelompokBelajarController.php(134): CodeIgniter\Debug\Exceptions->errorHandler(8, 'Undefined index: mitra_pengajar_id', '/Volumes/mf480 - Data/Alifya/app/Controllers/Admin/KelompokBelajarController.php', 134, [...])
 2 SYSTEMPATH/CodeIgniter.php(941): App\Controllers\Admin\KelompokBelajarController->delete()
 3 SYSTEMPATH/CodeIgniter.php(502): CodeIgniter\CodeIgniter->runController(Object(App\Controllers\Admin\KelompokBelajarController))
 4 SYSTEMPATH/CodeIgniter.php(361): CodeIgniter\CodeIgniter->handleRequest(null, Object(Config\Cache), false)
 5 FCPATH/index.php(79): CodeIgniter\CodeIgniter->run()
 6 SYSTEMPATH/Commands/Server/rewrite.php(47): require_once('/Volumes/mf480 - Data/Alifya/public/index.php')
INFO - 2024-09-05 15:27:45 --> Session: Class initialized using 'CodeIgniter\Session\Handlers\FileHandler' driver.
INFO - 2024-09-05 15:27:56 --> Session: Class initialized using 'CodeIgniter\Session\Handlers\FileHandler' driver.
INFO - 2024-09-05 15:27:57 --> Session: Class initialized using 'CodeIgniter\Session\Handlers\FileHandler' driver.
INFO - 2024-09-05 15:28:00 --> Session: Class initialized using 'CodeIgniter\Session\Handlers\FileHandler' driver.
INFO - 2024-09-05 15:28:03 --> Session: Class initialized using 'CodeIgniter\Session\Handlers\FileHandler' driver.
CRITICAL - 2024-09-05 15:28:03 --> ErrorException: Undefined index: mitra_pengajar_id
in APPPATH/Controllers/Admin/KelompokBelajarController.php on line 134.
 1 APPPATH/Controllers/Admin/KelompokBelajarController.php(134): CodeIgniter\Debug\Exceptions->errorHandler(8, 'Undefined index: mitra_pengajar_id', '/Volumes/mf480 - Data/Alifya/app/Controllers/Admin/KelompokBelajarController.php', 134, [...])
 2 SYSTEMPATH/CodeIgniter.php(941): App\Controllers\Admin\KelompokBelajarController->delete()
 3 SYSTEMPATH/CodeIgniter.php(502): CodeIgniter\CodeIgniter->runController(Object(App\Controllers\Admin\KelompokBelajarController))
 4 SYSTEMPATH/CodeIgniter.php(361): CodeIgniter\CodeIgniter->handleRequest(null, Object(Config\Cache), false)
 5 FCPATH/index.php(79): CodeIgniter\CodeIgniter->run()
 6 SYSTEMPATH/Commands/Server/rewrite.php(47): require_once('/Volumes/mf480 - Data/Alifya/public/index.php')
INFO - 2024-09-05 15:33:04 --> Session: Class initialized using 'CodeIgniter\Session\Handlers\FileHandler' driver.
INFO - 2024-09-05 15:33:10 --> Session: Class initialized using 'CodeIgniter\Session\Handlers\FileHandler' driver.
INFO - 2024-09-05 15:33:18 --> Session: Class initialized using 'CodeIgniter\Session\Handlers\FileHandler' driver.
INFO - 2024-09-05 15:39:00 --> Session: Class initialized using 'CodeIgniter\Session\Handlers\FileHandler' driver.
INFO - 2024-09-05 15:40:57 --> Session: Class initialized using 'CodeIgniter\Session\Handlers\FileHandler' driver.
INFO - 2024-09-05 15:41:56 --> Session: Class initialized using 'CodeIgniter\Session\Handlers\FileHandler' driver.
INFO - 2024-09-05 15:42:03 --> Session: Class initialized using 'CodeIgniter\Session\Handlers\FileHandler' driver.
INFO - 2024-09-05 15:42:06 --> Session: Class initialized using 'CodeIgniter\Session\Handlers\FileHandler' driver.
INFO - 2024-09-05 15:42:07 --> Session: Class initialized using 'CodeIgniter\Session\Handlers\FileHandler' driver.
INFO - 2024-09-05 15:42:32 --> Session: Class initialized using 'CodeIgniter\Session\Handlers\FileHandler' driver.
INFO - 2024-09-05 15:42:32 --> Session: Class initialized using 'CodeIgniter\Session\Handlers\FileHandler' driver.
INFO - 2024-09-05 15:42:47 --> Session: Class initialized using 'CodeIgniter\Session\Handlers\FileHandler' driver.
INFO - 2024-09-05 15:43:02 --> Session: Class initialized using 'CodeIgniter\Session\Handlers\FileHandler' driver.
INFO - 2024-09-05 15:43:03 --> Session: Class initialized using 'CodeIgniter\Session\Handlers\FileHandler' driver.
INFO - 2024-09-05 15:43:10 --> Session: Class initialized using 'CodeIgniter\Session\Handlers\FileHandler' driver.
INFO - 2024-09-05 15:43:17 --> Session: Class initialized using 'CodeIgniter\Session\Handlers\FileHandler' driver.
INFO - 2024-09-05 15:43:34 --> Session: Class initialized using 'CodeIgniter\Session\Handlers\FileHandler' driver.
INFO - 2024-09-05 15:43:48 --> Session: Class initialized using 'CodeIgniter\Session\Handlers\FileHandler' driver.
INFO - 2024-09-05 15:43:53 --> Session: Class initialized using 'CodeIgniter\Session\Handlers\FileHandler' driver.
INFO - 2024-09-05 15:44:02 --> Session: Class initialized using 'CodeIgniter\Session\Handlers\FileHandler' driver.
INFO - 2024-09-05 15:44:13 --> Session: Class initialized using 'CodeIgniter\Session\Handlers\FileHandler' driver.
INFO - 2024-09-05 15:46:50 --> Session: Class initialized using 'CodeIgniter\Session\Handlers\FileHandler' driver.
INFO - 2024-09-05 15:46:55 --> Session: Class initialized using 'CodeIgniter\Session\Handlers\FileHandler' driver.
INFO - 2024-09-05 15:46:55 --> Session: Class initialized using 'CodeIgniter\Session\Handlers\FileHandler' driver.
INFO - 2024-09-05 15:47:24 --> Session: Class initialized using 'CodeIgniter\Session\Handlers\FileHandler' driver.
INFO - 2024-09-05 15:47:25 --> Session: Class initialized using 'CodeIgniter\Session\Handlers\FileHandler' driver.
INFO - 2024-09-05 15:47:39 --> Session: Class initialized using 'CodeIgniter\Session\Handlers\FileHandler' driver.
CRITICAL - 2024-09-05 15:47:39 --> CodeIgniter\View\Exceptions\ViewException: Invalid file: "admin/dashboard_mitra_v.php"
in SYSTEMPATH/Exceptions/FrameworkException.php on line 39.
 1 SYSTEMPATH/View/View.php(216): CodeIgniter\Exceptions\FrameworkException::forInvalidFile('admin/dashboard_mitra_v.php')
 2 SYSTEMPATH/Common.php(1178): CodeIgniter\View\View->render('admin/dashboard_mitra_v', [], true)
 3 APPPATH/Controllers/Mitra/DashboardController.php(46): view('admin/dashboard_mitra_v', [...])
 4 SYSTEMPATH/CodeIgniter.php(941): App\Controllers\Mitra\DashboardController->index()
 5 SYSTEMPATH/CodeIgniter.php(502): CodeIgniter\CodeIgniter->runController(Object(App\Controllers\Mitra\DashboardController))
 6 SYSTEMPATH/CodeIgniter.php(361): CodeIgniter\CodeIgniter->handleRequest(null, Object(Config\Cache), false)
 7 FCPATH/index.php(79): CodeIgniter\CodeIgniter->run()
 8 SYSTEMPATH/Commands/Server/rewrite.php(47): require_once('/Volumes/mf480 - Data/Alifya/public/index.php')
INFO - 2024-09-05 15:49:01 --> Session: Class initialized using 'CodeIgniter\Session\Handlers\FileHandler' driver.
CRITICAL - 2024-09-05 15:49:01 --> CodeIgniter\View\Exceptions\ViewException: Invalid file: "admin/dashboard_mitra_v.php"
in SYSTEMPATH/Exceptions/FrameworkException.php on line 39.
 1 SYSTEMPATH/View/View.php(216): CodeIgniter\Exceptions\FrameworkException::forInvalidFile('admin/dashboard_mitra_v.php')
 2 SYSTEMPATH/Common.php(1178): CodeIgniter\View\View->render('admin/dashboard_mitra_v', [], true)
 3 APPPATH/Controllers/Mitra/DashboardController.php(46): view('admin/dashboard_mitra_v', [...])
 4 SYSTEMPATH/CodeIgniter.php(941): App\Controllers\Mitra\DashboardController->index()
 5 SYSTEMPATH/CodeIgniter.php(502): CodeIgniter\CodeIgniter->runController(Object(App\Controllers\Mitra\DashboardController))
 6 SYSTEMPATH/CodeIgniter.php(361): CodeIgniter\CodeIgniter->handleRequest(null, Object(Config\Cache), false)
 7 FCPATH/index.php(79): CodeIgniter\CodeIgniter->run()
 8 SYSTEMPATH/Commands/Server/rewrite.php(47): require_once('/Volumes/mf480 - Data/Alifya/public/index.php')
INFO - 2024-09-05 15:49:25 --> Session: Class initialized using 'CodeIgniter\Session\Handlers\FileHandler' driver.
INFO - 2024-09-05 15:51:12 --> Session: Class initialized using 'CodeIgniter\Session\Handlers\FileHandler' driver.
INFO - 2024-09-05 15:51:36 --> Session: Class initialized using 'CodeIgniter\Session\Handlers\FileHandler' driver.
INFO - 2024-09-05 15:51:52 --> Session: Class initialized using 'CodeIgniter\Session\Handlers\FileHandler' driver.
INFO - 2024-09-05 15:52:01 --> Session: Class initialized using 'CodeIgniter\Session\Handlers\FileHandler' driver.
INFO - 2024-09-05 15:52:13 --> Session: Class initialized using 'CodeIgniter\Session\Handlers\FileHandler' driver.
INFO - 2024-09-05 15:52:19 --> Session: Class initialized using 'CodeIgniter\Session\Handlers\FileHandler' driver.
INFO - 2024-09-05 15:53:05 --> Session: Class initialized using 'CodeIgniter\Session\Handlers\FileHandler' driver.
CRITICAL - 2024-09-05 15:53:05 --> ErrorException: Undefined variable: mitra_pengajar
in APPPATH/Views/mitra/dashboard_mitra_v.php on line 33.
 1 APPPATH/Views/mitra/dashboard_mitra_v.php(33): CodeIgniter\Debug\Exceptions->errorHandler(8, 'Undefined variable: mitra_pengajar', '/Volumes/mf480 - Data/Alifya/app/Views/mitra/dashboard_mitra_v.php', 33, [...])
 2 SYSTEMPATH/View/View.php(228): include('/Volumes/mf480 - Data/Alifya/app/Views/mitra/dashboard_mitra_v.php')
 3 SYSTEMPATH/View/View.php(231): CodeIgniter\View\View->CodeIgniter\View\{closure}()
 4 SYSTEMPATH/Common.php(1178): CodeIgniter\View\View->render('mitra/dashboard_mitra_v', [], true)
 5 APPPATH/Controllers/Mitra/DashboardController.php(34): view('mitra/dashboard_mitra_v', [...])
 6 SYSTEMPATH/CodeIgniter.php(941): App\Controllers\Mitra\DashboardController->index()
 7 SYSTEMPATH/CodeIgniter.php(502): CodeIgniter\CodeIgniter->runController(Object(App\Controllers\Mitra\DashboardController))
 8 SYSTEMPATH/CodeIgniter.php(361): CodeIgniter\CodeIgniter->handleRequest(null, Object(Config\Cache), false)
 9 FCPATH/index.php(79): CodeIgniter\CodeIgniter->run()
10 SYSTEMPATH/Commands/Server/rewrite.php(47): require_once('/Volumes/mf480 - Data/Alifya/public/index.php')
INFO - 2024-09-05 15:58:53 --> Session: Class initialized using 'CodeIgniter\Session\Handlers\FileHandler' driver.
CRITICAL - 2024-09-05 15:58:53 --> ErrorException: Undefined variable: mitra_pengajar
in APPPATH/Views/mitra/dashboard_mitra_v.php on line 33.
 1 APPPATH/Views/mitra/dashboard_mitra_v.php(33): CodeIgniter\Debug\Exceptions->errorHandler(8, 'Undefined variable: mitra_pengajar', '/Volumes/mf480 - Data/Alifya/app/Views/mitra/dashboard_mitra_v.php', 33, [...])
 2 SYSTEMPATH/View/View.php(228): include('/Volumes/mf480 - Data/Alifya/app/Views/mitra/dashboard_mitra_v.php')
 3 SYSTEMPATH/View/View.php(231): CodeIgniter\View\View->CodeIgniter\View\{closure}()
 4 SYSTEMPATH/Common.php(1178): CodeIgniter\View\View->render('mitra/dashboard_mitra_v', [], true)
 5 APPPATH/Controllers/Mitra/DashboardController.php(28): view('mitra/dashboard_mitra_v', [...])
 6 SYSTEMPATH/CodeIgniter.php(941): App\Controllers\Mitra\DashboardController->index()
 7 SYSTEMPATH/CodeIgniter.php(502): CodeIgniter\CodeIgniter->runController(Object(App\Controllers\Mitra\DashboardController))
 8 SYSTEMPATH/CodeIgniter.php(361): CodeIgniter\CodeIgniter->handleRequest(null, Object(Config\Cache), false)
 9 FCPATH/index.php(79): CodeIgniter\CodeIgniter->run()
10 SYSTEMPATH/Commands/Server/rewrite.php(47): require_once('/Volumes/mf480 - Data/Alifya/public/index.php')
INFO - 2024-09-05 15:59:08 --> Session: Class initialized using 'CodeIgniter\Session\Handlers\FileHandler' driver.
CRITICAL - 2024-09-05 15:59:09 --> ErrorException: Undefined variable: title
in APPPATH/Views/layout/template.php on line 8.
 1 APPPATH/Views/layout/template.php(8): CodeIgniter\Debug\Exceptions->errorHandler(8, 'Undefined variable: title', '/Volumes/mf480 - Data/Alifya/app/Views/layout/template.php', 8, [...])
 2 SYSTEMPATH/View/View.php(228): include('/Volumes/mf480 - Data/Alifya/app/Views/layout/template.php')
 3 SYSTEMPATH/View/View.php(231): CodeIgniter\View\View->CodeIgniter\View\{closure}()
 4 SYSTEMPATH/View/View.php(244): CodeIgniter\View\View->render('layout/template', [], true)
 5 SYSTEMPATH/Common.php(1178): CodeIgniter\View\View->render('mitra/dashboard_mitra_v', [], true)
 6 APPPATH/Controllers/Mitra/DashboardController.php(28): view('mitra/dashboard_mitra_v', [...])
 7 SYSTEMPATH/CodeIgniter.php(941): App\Controllers\Mitra\DashboardController->index()
 8 SYSTEMPATH/CodeIgniter.php(502): CodeIgniter\CodeIgniter->runController(Object(App\Controllers\Mitra\DashboardController))
 9 SYSTEMPATH/CodeIgniter.php(361): CodeIgniter\CodeIgniter->handleRequest(null, Object(Config\Cache), false)
10 FCPATH/index.php(79): CodeIgniter\CodeIgniter->run()
11 SYSTEMPATH/Commands/Server/rewrite.php(47): require_once('/Volumes/mf480 - Data/Alifya/public/index.php')
INFO - 2024-09-05 15:59:34 --> Session: Class initialized using 'CodeIgniter\Session\Handlers\FileHandler' driver.
INFO - 2024-09-05 15:59:51 --> Session: Class initialized using 'CodeIgniter\Session\Handlers\FileHandler' driver.
INFO - 2024-09-05 15:59:56 --> Session: Class initialized using 'CodeIgniter\Session\Handlers\FileHandler' driver.
INFO - 2024-09-05 16:00:01 --> Session: Class initialized using 'CodeIgniter\Session\Handlers\FileHandler' driver.
INFO - 2024-09-05 16:00:04 --> Session: Class initialized using 'CodeIgniter\Session\Handlers\FileHandler' driver.
INFO - 2024-09-05 16:00:31 --> Session: Class initialized using 'CodeIgniter\Session\Handlers\FileHandler' driver.
INFO - 2024-09-05 16:00:34 --> Session: Class initialized using 'CodeIgniter\Session\Handlers\FileHandler' driver.
INFO - 2024-09-05 16:01:39 --> Session: Class initialized using 'CodeIgniter\Session\Handlers\FileHandler' driver.
INFO - 2024-09-05 16:02:16 --> Session: Class initialized using 'CodeIgniter\Session\Handlers\FileHandler' driver.
INFO - 2024-09-05 16:04:02 --> Session: Class initialized using 'CodeIgniter\Session\Handlers\FileHandler' driver.
ERROR - 2024-09-05 16:04:02 --> mysqli_sql_exception: Unknown column 'kelompok_table.kelompok_id' in 'on clause' in /Volumes/mf480 - Data/Alifya/vendor/codeigniter4/framework/system/Database/MySQLi/Connection.php:306
Stack trace:
#0 /Volumes/mf480 - Data/Alifya/vendor/codeigniter4/framework/system/Database/MySQLi/Connection.php(306): mysqli->query('SELECT `kelompo...', 0)
#1 /Volumes/mf480 - Data/Alifya/vendor/codeigniter4/framework/system/Database/BaseConnection.php(693): CodeIgniter\Database\MySQLi\Connection->execute('SELECT `kelompo...')
#2 /Volumes/mf480 - Data/Alifya/vendor/codeigniter4/framework/system/Database/BaseConnection.php(607): CodeIgniter\Database\BaseConnection->simpleQuery('SELECT `kelompo...')
#3 /Volumes/mf480 - Data/Alifya/vendor/codeigniter4/framework/system/Database/BaseBuilder.php(1616): CodeIgniter\Database\BaseConnection->query('SELECT `kelompo...', Array, false)
#4 /Volumes/mf480 - Data/Alifya/vendor/codeigniter4/framework/system/Model.php(872): CodeIgniter\Database\BaseBuilder->get()
#5 /Volumes/mf480 - Data/Alifya/app/Models/Mitra/KelompokModel.php(28): CodeIgniter\Model->__call('get', Array)
#6 /Volumes/mf480 - Data/Alifya/app/Controllers/Mitra/DashboardController.php(23): App\Models\Mitra\KelompokModel->getKelompokPengajarWithMitraPengajar('27')
#7 /Volumes/mf480 - Data/Alifya/vendor/codeigniter4/framework/system/CodeIgniter.php(941): App\Controllers\Mitra\DashboardController->index()
#8 /Volumes/mf480 - Data/Alifya/vendor/codeigniter4/framework/system/CodeIgniter.php(502): CodeIgniter\CodeIgniter->runController(Object(App\Controllers\Mitra\DashboardController))
#9 /Volumes/mf480 - Data/Alifya/vendor/codeigniter4/framework/system/CodeIgniter.php(361): CodeIgniter\CodeIgniter->handleRequest(NULL, Object(Config\Cache), false)
#10 /Volumes/mf480 - Data/Alifya/public/index.php(79): CodeIgniter\CodeIgniter->run()
#11 /Volumes/mf480 - Data/Alifya/vendor/codeigniter4/framework/system/Commands/Server/rewrite.php(47): require_once('/Volumes/mf480 ...')
#12 {main}
CRITICAL - 2024-09-05 16:04:02 --> CodeIgniter\Database\Exceptions\DatabaseException: Unknown column 'kelompok_table.kelompok_id' in 'on clause'
in SYSTEMPATH/Database/BaseConnection.php on line 647.
 1 SYSTEMPATH/Database/BaseBuilder.php(1616): CodeIgniter\Database\BaseConnection->query('SELECT `kelompok_table`.`id`, `kelompok_table`.`kelompok`, `kelompok_table`.`mitra_pengajar_id`, `data_pengajar_table`.`nama_lengkap`
FROM `kelompok_table`
JOIN `data_pengajar_table` ON `data_pengajar_table`.`id` = `kelompok_table`.`mitra_pengajar_id`
JOIN `kelompok_belajar_table` ON `kelompok_belajar_table`.`id` = `kelompok_table`.`kelompok_id`
WHERE `kelompok_table`.`mitra_pengajar_id` = :kelompok_table.mitra_pengajar_id:
ORDER BY `kelompok_table`.`id` desc', [...], false)
 2 SYSTEMPATH/Model.php(872): CodeIgniter\Database\BaseBuilder->get()
 3 APPPATH/Models/Mitra/KelompokModel.php(28): CodeIgniter\Model->__call('get', [])
 4 APPPATH/Controllers/Mitra/DashboardController.php(23): App\Models\Mitra\KelompokModel->getKelompokPengajarWithMitraPengajar('27')
 5 SYSTEMPATH/CodeIgniter.php(941): App\Controllers\Mitra\DashboardController->index()
 6 SYSTEMPATH/CodeIgniter.php(502): CodeIgniter\CodeIgniter->runController(Object(App\Controllers\Mitra\DashboardController))
 7 SYSTEMPATH/CodeIgniter.php(361): CodeIgniter\CodeIgniter->handleRequest(null, Object(Config\Cache), false)
 8 FCPATH/index.php(79): CodeIgniter\CodeIgniter->run()
 9 SYSTEMPATH/Commands/Server/rewrite.php(47): require_once('/Volumes/mf480 - Data/Alifya/public/index.php')
CRITICAL - 2024-09-05 16:04:02 --> [Caused by] CodeIgniter\Database\Exceptions\DatabaseException: Unknown column 'kelompok_table.kelompok_id' in 'on clause'
in SYSTEMPATH/Database/MySQLi/Connection.php on line 311.
 1 SYSTEMPATH/Database/BaseConnection.php(693): CodeIgniter\Database\MySQLi\Connection->execute('SELECT `kelompok_table`.`id`, `kelompok_table`.`kelompok`, `kelompok_table`.`mitra_pengajar_id`, `data_pengajar_table`.`nama_lengkap`
FROM `kelompok_table`
JOIN `data_pengajar_table` ON `data_pengajar_table`.`id` = `kelompok_table`.`mitra_pengajar_id`
JOIN `kelompok_belajar_table` ON `kelompok_belajar_table`.`id` = `kelompok_table`.`kelompok_id`
WHERE `kelompok_table`.`mitra_pengajar_id` = \'27\'
ORDER BY `kelompok_table`.`id` desc')
 2 SYSTEMPATH/Database/BaseConnection.php(607): CodeIgniter\Database\BaseConnection->simpleQuery('SELECT `kelompok_table`.`id`, `kelompok_table`.`kelompok`, `kelompok_table`.`mitra_pengajar_id`, `data_pengajar_table`.`nama_lengkap`
FROM `kelompok_table`
JOIN `data_pengajar_table` ON `data_pengajar_table`.`id` = `kelompok_table`.`mitra_pengajar_id`
JOIN `kelompok_belajar_table` ON `kelompok_belajar_table`.`id` = `kelompok_table`.`kelompok_id`
WHERE `kelompok_table`.`mitra_pengajar_id` = \'27\'
ORDER BY `kelompok_table`.`id` desc')
 3 SYSTEMPATH/Database/BaseBuilder.php(1616): CodeIgniter\Database\BaseConnection->query('SELECT `kelompok_table`.`id`, `kelompok_table`.`kelompok`, `kelompok_table`.`mitra_pengajar_id`, `data_pengajar_table`.`nama_lengkap`
FROM `kelompok_table`
JOIN `data_pengajar_table` ON `data_pengajar_table`.`id` = `kelompok_table`.`mitra_pengajar_id`
JOIN `kelompok_belajar_table` ON `kelompok_belajar_table`.`id` = `kelompok_table`.`kelompok_id`
WHERE `kelompok_table`.`mitra_pengajar_id` = :kelompok_table.mitra_pengajar_id:
ORDER BY `kelompok_table`.`id` desc', [...], false)
 4 SYSTEMPATH/Model.php(872): CodeIgniter\Database\BaseBuilder->get()
 5 APPPATH/Models/Mitra/KelompokModel.php(28): CodeIgniter\Model->__call('get', [])
 6 APPPATH/Controllers/Mitra/DashboardController.php(23): App\Models\Mitra\KelompokModel->getKelompokPengajarWithMitraPengajar('27')
 7 SYSTEMPATH/CodeIgniter.php(941): App\Controllers\Mitra\DashboardController->index()
 8 SYSTEMPATH/CodeIgniter.php(502): CodeIgniter\CodeIgniter->runController(Object(App\Controllers\Mitra\DashboardController))
 9 SYSTEMPATH/CodeIgniter.php(361): CodeIgniter\CodeIgniter->handleRequest(null, Object(Config\Cache), false)
10 FCPATH/index.php(79): CodeIgniter\CodeIgniter->run()
11 SYSTEMPATH/Commands/Server/rewrite.php(47): require_once('/Volumes/mf480 - Data/Alifya/public/index.php')
CRITICAL - 2024-09-05 16:04:02 --> [Caused by] mysqli_sql_exception: Unknown column 'kelompok_table.kelompok_id' in 'on clause'
in SYSTEMPATH/Database/MySQLi/Connection.php on line 306.
 1 SYSTEMPATH/Database/MySQLi/Connection.php(306): mysqli->query('SELECT `kelompok_table`.`id`, `kelompok_table`.`kelompok`, `kelompok_table`.`mitra_pengajar_id`, `data_pengajar_table`.`nama_lengkap`
FROM `kelompok_table`
JOIN `data_pengajar_table` ON `data_pengajar_table`.`id` = `kelompok_table`.`mitra_pengajar_id`
JOIN `kelompok_belajar_table` ON `kelompok_belajar_table`.`id` = `kelompok_table`.`kelompok_id`
WHERE `kelompok_table`.`mitra_pengajar_id` = \'27\'
ORDER BY `kelompok_table`.`id` desc', 0)
 2 SYSTEMPATH/Database/BaseConnection.php(693): CodeIgniter\Database\MySQLi\Connection->execute('SELECT `kelompok_table`.`id`, `kelompok_table`.`kelompok`, `kelompok_table`.`mitra_pengajar_id`, `data_pengajar_table`.`nama_lengkap`
FROM `kelompok_table`
JOIN `data_pengajar_table` ON `data_pengajar_table`.`id` = `kelompok_table`.`mitra_pengajar_id`
JOIN `kelompok_belajar_table` ON `kelompok_belajar_table`.`id` = `kelompok_table`.`kelompok_id`
WHERE `kelompok_table`.`mitra_pengajar_id` = \'27\'
ORDER BY `kelompok_table`.`id` desc')
 3 SYSTEMPATH/Database/BaseConnection.php(607): CodeIgniter\Database\BaseConnection->simpleQuery('SELECT `kelompok_table`.`id`, `kelompok_table`.`kelompok`, `kelompok_table`.`mitra_pengajar_id`, `data_pengajar_table`.`nama_lengkap`
FROM `kelompok_table`
JOIN `data_pengajar_table` ON `data_pengajar_table`.`id` = `kelompok_table`.`mitra_pengajar_id`
JOIN `kelompok_belajar_table` ON `kelompok_belajar_table`.`id` = `kelompok_table`.`kelompok_id`
WHERE `kelompok_table`.`mitra_pengajar_id` = \'27\'
ORDER BY `kelompok_table`.`id` desc')
 4 SYSTEMPATH/Database/BaseBuilder.php(1616): CodeIgniter\Database\BaseConnection->query('SELECT `kelompok_table`.`id`, `kelompok_table`.`kelompok`, `kelompok_table`.`mitra_pengajar_id`, `data_pengajar_table`.`nama_lengkap`
FROM `kelompok_table`
JOIN `data_pengajar_table` ON `data_pengajar_table`.`id` = `kelompok_table`.`mitra_pengajar_id`
JOIN `kelompok_belajar_table` ON `kelompok_belajar_table`.`id` = `kelompok_table`.`kelompok_id`
WHERE `kelompok_table`.`mitra_pengajar_id` = :kelompok_table.mitra_pengajar_id:
ORDER BY `kelompok_table`.`id` desc', [...], false)
 5 SYSTEMPATH/Model.php(872): CodeIgniter\Database\BaseBuilder->get()
 6 APPPATH/Models/Mitra/KelompokModel.php(28): CodeIgniter\Model->__call('get', [])
 7 APPPATH/Controllers/Mitra/DashboardController.php(23): App\Models\Mitra\KelompokModel->getKelompokPengajarWithMitraPengajar('27')
 8 SYSTEMPATH/CodeIgniter.php(941): App\Controllers\Mitra\DashboardController->index()
 9 SYSTEMPATH/CodeIgniter.php(502): CodeIgniter\CodeIgniter->runController(Object(App\Controllers\Mitra\DashboardController))
10 SYSTEMPATH/CodeIgniter.php(361): CodeIgniter\CodeIgniter->handleRequest(null, Object(Config\Cache), false)
11 FCPATH/index.php(79): CodeIgniter\CodeIgniter->run()
12 SYSTEMPATH/Commands/Server/rewrite.php(47): require_once('/Volumes/mf480 - Data/Alifya/public/index.php')
INFO - 2024-09-05 16:04:33 --> Session: Class initialized using 'CodeIgniter\Session\Handlers\FileHandler' driver.
INFO - 2024-09-05 16:04:52 --> Session: Class initialized using 'CodeIgniter\Session\Handlers\FileHandler' driver.
INFO - 2024-09-05 16:04:54 --> Session: Class initialized using 'CodeIgniter\Session\Handlers\FileHandler' driver.
INFO - 2024-09-05 16:06:20 --> Session: Class initialized using 'CodeIgniter\Session\Handlers\FileHandler' driver.
INFO - 2024-09-05 16:06:25 --> Session: Class initialized using 'CodeIgniter\Session\Handlers\FileHandler' driver.
INFO - 2024-09-05 16:09:16 --> Session: Class initialized using 'CodeIgniter\Session\Handlers\FileHandler' driver.
INFO - 2024-09-05 16:09:18 --> Session: Class initialized using 'CodeIgniter\Session\Handlers\FileHandler' driver.
INFO - 2024-09-05 16:09:35 --> Session: Class initialized using 'CodeIgniter\Session\Handlers\FileHandler' driver.
INFO - 2024-09-05 16:09:37 --> Session: Class initialized using 'CodeIgniter\Session\Handlers\FileHandler' driver.
INFO - 2024-09-05 16:09:41 --> Session: Class initialized using 'CodeIgniter\Session\Handlers\FileHandler' driver.
INFO - 2024-09-05 16:09:45 --> Session: Class initialized using 'CodeIgniter\Session\Handlers\FileHandler' driver.
INFO - 2024-09-05 16:10:01 --> Session: Class initialized using 'CodeIgniter\Session\Handlers\FileHandler' driver.
INFO - 2024-09-05 16:10:09 --> Session: Class initialized using 'CodeIgniter\Session\Handlers\FileHandler' driver.
INFO - 2024-09-05 16:10:10 --> Session: Class initialized using 'CodeIgniter\Session\Handlers\FileHandler' driver.
INFO - 2024-09-05 16:10:15 --> Session: Class initialized using 'CodeIgniter\Session\Handlers\FileHandler' driver.
INFO - 2024-09-05 16:10:18 --> Session: Class initialized using 'CodeIgniter\Session\Handlers\FileHandler' driver.
INFO - 2024-09-05 16:10:19 --> Session: Class initialized using 'CodeIgniter\Session\Handlers\FileHandler' driver.
INFO - 2024-09-05 16:10:39 --> Session: Class initialized using 'CodeIgniter\Session\Handlers\FileHandler' driver.
INFO - 2024-09-05 16:10:40 --> Session: Class initialized using 'CodeIgniter\Session\Handlers\FileHandler' driver.
INFO - 2024-09-05 16:10:47 --> Session: Class initialized using 'CodeIgniter\Session\Handlers\FileHandler' driver.
INFO - 2024-09-05 16:11:49 --> Session: Class initialized using 'CodeIgniter\Session\Handlers\FileHandler' driver.
INFO - 2024-09-05 16:12:45 --> Session: Class initialized using 'CodeIgniter\Session\Handlers\FileHandler' driver.
INFO - 2024-09-05 16:13:14 --> Session: Class initialized using 'CodeIgniter\Session\Handlers\FileHandler' driver.
INFO - 2024-09-05 16:13:16 --> Session: Class initialized using 'CodeIgniter\Session\Handlers\FileHandler' driver.
INFO - 2024-09-05 16:13:30 --> Session: Class initialized using 'CodeIgniter\Session\Handlers\FileHandler' driver.
INFO - 2024-09-05 16:13:37 --> Session: Class initialized using 'CodeIgniter\Session\Handlers\FileHandler' driver.
INFO - 2024-09-05 16:14:03 --> Session: Class initialized using 'CodeIgniter\Session\Handlers\FileHandler' driver.
INFO - 2024-09-05 16:15:18 --> Session: Class initialized using 'CodeIgniter\Session\Handlers\FileHandler' driver.
INFO - 2024-09-05 16:15:24 --> Session: Class initialized using 'CodeIgniter\Session\Handlers\FileHandler' driver.
INFO - 2024-09-05 16:16:02 --> Session: Class initialized using 'CodeIgniter\Session\Handlers\FileHandler' driver.
INFO - 2024-09-05 17:05:28 --> Session: Class initialized using 'CodeIgniter\Session\Handlers\FileHandler' driver.
INFO - 2024-09-05 17:05:32 --> Session: Class initialized using 'CodeIgniter\Session\Handlers\FileHandler' driver.
INFO - 2024-09-05 17:05:44 --> Session: Class initialized using 'CodeIgniter\Session\Handlers\FileHandler' driver.
INFO - 2024-09-05 17:05:47 --> Session: Class initialized using 'CodeIgniter\Session\Handlers\FileHandler' driver.
INFO - 2024-09-05 17:05:48 --> Session: Class initialized using 'CodeIgniter\Session\Handlers\FileHandler' driver.
INFO - 2024-09-05 17:05:55 --> Session: Class initialized using 'CodeIgniter\Session\Handlers\FileHandler' driver.
INFO - 2024-09-05 17:05:58 --> Session: Class initialized using 'CodeIgniter\Session\Handlers\FileHandler' driver.
INFO - 2024-09-05 17:06:03 --> Session: Class initialized using 'CodeIgniter\Session\Handlers\FileHandler' driver.
INFO - 2024-09-05 17:06:13 --> Session: Class initialized using 'CodeIgniter\Session\Handlers\FileHandler' driver.
INFO - 2024-09-05 17:06:14 --> Session: Class initialized using 'CodeIgniter\Session\Handlers\FileHandler' driver.
INFO - 2024-09-05 17:06:22 --> Session: Class initialized using 'CodeIgniter\Session\Handlers\FileHandler' driver.
INFO - 2024-09-05 17:06:25 --> Session: Class initialized using 'CodeIgniter\Session\Handlers\FileHandler' driver.
INFO - 2024-09-05 17:06:32 --> Session: Class initialized using 'CodeIgniter\Session\Handlers\FileHandler' driver.
INFO - 2024-09-05 17:07:45 --> Session: Class initialized using 'CodeIgniter\Session\Handlers\FileHandler' driver.
INFO - 2024-09-05 17:08:12 --> Session: Class initialized using 'CodeIgniter\Session\Handlers\FileHandler' driver.
INFO - 2024-09-05 17:08:21 --> Session: Class initialized using 'CodeIgniter\Session\Handlers\FileHandler' driver.
INFO - 2024-09-05 17:08:33 --> Session: Class initialized using 'CodeIgniter\Session\Handlers\FileHandler' driver.
INFO - 2024-09-05 17:08:36 --> Session: Class initialized using 'CodeIgniter\Session\Handlers\FileHandler' driver.
INFO - 2024-09-05 17:08:43 --> Session: Class initialized using 'CodeIgniter\Session\Handlers\FileHandler' driver.
INFO - 2024-09-05 17:09:08 --> Session: Class initialized using 'CodeIgniter\Session\Handlers\FileHandler' driver.
INFO - 2024-09-05 17:09:27 --> Session: Class initialized using 'CodeIgniter\Session\Handlers\FileHandler' driver.
INFO - 2024-09-05 17:09:29 --> Session: Class initialized using 'CodeIgniter\Session\Handlers\FileHandler' driver.
INFO - 2024-09-05 17:09:37 --> Session: Class initialized using 'CodeIgniter\Session\Handlers\FileHandler' driver.
INFO - 2024-09-05 17:09:48 --> Session: Class initialized using 'CodeIgniter\Session\Handlers\FileHandler' driver.
INFO - 2024-09-05 17:09:52 --> Session: Class initialized using 'CodeIgniter\Session\Handlers\FileHandler' driver.
INFO - 2024-09-05 17:09:52 --> Session: Class initialized using 'CodeIgniter\Session\Handlers\FileHandler' driver.
INFO - 2024-09-05 17:12:58 --> Session: Class initialized using 'CodeIgniter\Session\Handlers\FileHandler' driver.
INFO - 2024-09-05 17:13:00 --> Session: Class initialized using 'CodeIgniter\Session\Handlers\FileHandler' driver.
INFO - 2024-09-05 17:13:22 --> Session: Class initialized using 'CodeIgniter\Session\Handlers\FileHandler' driver.
INFO - 2024-09-05 17:13:23 --> Session: Class initialized using 'CodeIgniter\Session\Handlers\FileHandler' driver.
INFO - 2024-09-05 17:13:26 --> Session: Class initialized using 'CodeIgniter\Session\Handlers\FileHandler' driver.
INFO - 2024-09-05 17:13:34 --> Session: Class initialized using 'CodeIgniter\Session\Handlers\FileHandler' driver.
INFO - 2024-09-05 17:13:37 --> Session: Class initialized using 'CodeIgniter\Session\Handlers\FileHandler' driver.
INFO - 2024-09-05 17:13:41 --> Session: Class initialized using 'CodeIgniter\Session\Handlers\FileHandler' driver.
INFO - 2024-09-05 17:14:42 --> Session: Class initialized using 'CodeIgniter\Session\Handlers\FileHandler' driver.
INFO - 2024-09-05 17:15:10 --> Session: Class initialized using 'CodeIgniter\Session\Handlers\FileHandler' driver.
INFO - 2024-09-05 17:15:22 --> Session: Class initialized using 'CodeIgniter\Session\Handlers\FileHandler' driver.
INFO - 2024-09-05 17:15:29 --> Session: Class initialized using 'CodeIgniter\Session\Handlers\FileHandler' driver.
INFO - 2024-09-05 17:15:31 --> Session: Class initialized using 'CodeIgniter\Session\Handlers\FileHandler' driver.
INFO - 2024-09-05 17:15:49 --> Session: Class initialized using 'CodeIgniter\Session\Handlers\FileHandler' driver.
INFO - 2024-09-05 17:15:55 --> Session: Class initialized using 'CodeIgniter\Session\Handlers\FileHandler' driver.
INFO - 2024-09-05 17:19:01 --> Session: Class initialized using 'CodeIgniter\Session\Handlers\FileHandler' driver.
INFO - 2024-09-05 17:19:01 --> Session: Class initialized using 'CodeIgniter\Session\Handlers\FileHandler' driver.
