CRITICAL - 2024-03-25 03:28:26 --> CodeIgniter\Exceptions\ConfigException: Config\App::$baseURL "/" is not a valid URL.
in SYSTEMPATH/HTTP/SiteURI.php on line 199.
 1 SYSTEMPATH/HTTP/SiteURI.php(145): CodeIgniter\HTTP\SiteURI->normalizeBaseURL(Object(Config\App))
 2 SYSTEMPATH/HTTP/SiteURI.php(100): CodeIgniter\HTTP\SiteURI->determineBaseURL(Object(Config\App), null, null)
 3 SYSTEMPATH/HTTP/CLIRequest.php(78): CodeIgniter\HTTP\SiteURI->__construct(Object(Config\App), 'serve')
 4 SYSTEMPATH/Config/Services.php(144): CodeIgniter\HTTP\CLIRequest->__construct(Object(Config\App))
 5 SYSTEMPATH/Config/BaseService.php(258): CodeIgniter\Config\Services::clirequest(Object(Config\App), false)
 6 SYSTEMPATH/Config/BaseService.php(199): CodeIgniter\Config\BaseService::__callStatic('clirequest', [...])
 7 SYSTEMPATH/Config/Services.php(139): CodeIgniter\Config\BaseService::getSharedInstance('clirequest', Object(Config\App))
 8 SYSTEMPATH/Config/BaseService.php(258): CodeIgniter\Config\Services::clirequest(Object(Config\App))
 9 SYSTEMPATH/Config/Services.php(537): CodeIgniter\Config\BaseService::__callStatic('clirequest', [...])
10 SYSTEMPATH/Config/BaseService.php(258): CodeIgniter\Config\Services::createRequest(Object(Config\App), true)
11 SYSTEMPATH/CLI/Console.php(37): CodeIgniter\Config\BaseService::__callStatic('createRequest', [...])
12 ROOTPATH/spark(102): CodeIgniter\CLI\Console->run()
CRITICAL - 2024-03-25 03:28:26 --> ErrorException: Uncaught CodeIgniter\Exceptions\ConfigException: Config\App::$baseURL "/" is not a valid URL. in /Volumes/mf480 - Data/Alifya/vendor/codeigniter4/framework/system/HTTP/SiteURI.php:199
Stack trace:
#0 /Volumes/mf480 - Data/Alifya/vendor/codeigniter4/framework/system/HTTP/SiteURI.php(145): CodeIgniter\HTTP\SiteURI->normalizeBaseURL(Object(Config\App))
#1 /Volumes/mf480 - Data/Alifya/vendor/codeigniter4/framework/system/HTTP/SiteURI.php(100): CodeIgniter\HTTP\SiteURI->determineBaseURL(Object(Config\App), NULL, NULL)
#2 /Volumes/mf480 - Data/Alifya/vendor/codeigniter4/framework/system/HTTP/SiteURIFactory.php(224): CodeIgniter\HTTP\SiteURI->__construct(Object(Config\App), '/', NULL)
#3 /Volumes/mf480 - Data/Alifya/vendor/codeigniter4/framework/system/HTTP/SiteURIFactory.php(45): CodeIgniter\HTTP\SiteURIFactory->createURIFromRoutePath('/')
#4 /Volumes/mf480 - Data/Alifya/vendor/codeigniter4/framework/system/Config/Services.php(799): CodeIgniter\HTTP\SiteURIFactory->createFromGlobals()
#5 /Volumes/mf480 - Data/Alify
【Previous Exception】
CodeIgniter\Exceptions\ConfigException
Config\App::$baseURL "/" is not a valid URL.
#0 /Volumes/mf480 - Data/Alifya/vendor/codeigniter4/framework/system/HTTP/SiteURI.php(145): CodeIgniter\HTTP\SiteURI->normalizeBaseURL(Object(Config\App))
#1 /Volumes/mf480 - Data/Alifya/vendor/codeigniter4/framework/system/HTTP/SiteURI.php(100): CodeIgniter\HTTP\SiteURI->determineBaseURL(Object(Config\App), NULL, NULL)
#2 /Volumes/mf480 - Data/Alifya/vendor/codeigniter4/framework/system/HTTP/CLIRequest.php(78): CodeIgniter\HTTP\SiteURI->__construct(Object(Config\App), 'serve')
#3 /Volumes/mf480 - Data/Alifya/vendor/codeigniter4/framework/system/Config/Services.php(144): CodeIgniter\HTTP\CLIRequest->__construct(Object(Config\App))
#4 /Volumes/mf480 - Data/Alifya/vendor/codeigniter4/framework/system/Config/BaseService.php(258): CodeIgniter\Config\Services::clirequest(Object(Config\App), false)
#5 /Volumes/mf480 - Data/Alifya/vendor/codeigniter4/framework/system/Config/BaseService.php(199): CodeIgniter\Config\BaseService::__callStatic('clirequest', Array)
#6 /Volumes/mf480 - Data/Alifya/vendor/codeigniter4/framework/system/Config/Services.php(139): CodeIgniter\Config\BaseService::getSharedInstance('clirequest', Object(Config\App))
#7 /Volumes/mf480 - Data/Alifya/vendor/codeigniter4/framework/system/Config/BaseService.php(258): CodeIgniter\Config\Services::clirequest(Object(Config\App))
#8 /Volumes/mf480 - Data/Alifya/vendor/codeigniter4/framework/system/Config/Services.php(537): CodeIgniter\Config\BaseService::__callStatic('clirequest', Array)
#9 /Volumes/mf480 - Data/Alifya/vendor/codeigniter4/framework/system/Config/BaseService.php(258): CodeIgniter\Config\Services::createRequest(Object(Config\App), true)
#10 /Volumes/mf480 - Data/Alifya/vendor/codeigniter4/framework/system/CLI/Console.php(37): CodeIgniter\Config\BaseService::__callStatic('createRequest', Array)
#11 /Volumes/mf480 - Data/Alifya/spark(102): CodeIgniter\CLI\Console->run()
#12 {main}
in SYSTEMPATH/HTTP/SiteURI.php on line 199.
 1 [internal function]: CodeIgniter\Debug\Exceptions->shutdownHandler()
