ERROR - 2024-07-16 15:40:55 --> Error connecting to the database: mysqli_sql_exception: Unknown database 'alifya_private_db' in /Volumes/mf480 - Data/Alifya/vendor/codeigniter4/framework/system/Database/MySQLi/Connection.php:185
Stack trace:
#0 /Volumes/mf480 - Data/Alifya/vendor/codeigniter4/framework/system/Database/MySQLi/Connection.php(185): mysqli->real_connect('127.0.0.1', 'root', '', 'alifya_private_...', 3306, '', 0)
#1 /Volumes/mf480 - Data/Alifya/vendor/codeigniter4/framework/system/Database/BaseConnection.php(392): CodeIgniter\Database\MySQLi\Connection->connect(false)
#2 /Volumes/mf480 - Data/Alifya/vendor/codeigniter4/framework/system/Database/BaseConnection.php(575): CodeIgniter\Database\BaseConnection->initialize()
#3 /Volumes/mf480 - Data/Alifya/vendor/codeigniter4/framework/system/Database/BaseConnection.php(1410): CodeIgniter\Database\BaseConnection->query('SHOW TABLES FRO...')
#4 /Volumes/mf480 - Data/Alifya/vendor/codeigniter4/framework/system/Database/BaseConnection.php(1429): CodeIgniter\Database\BaseConnection->listTables()
#5 /Volumes/mf480 - Data/Alifya/vendor/codeigniter4/framework/system/Database/MigrationRunner.php(757): CodeIgniter\Database\BaseConnection->tableExists('migrations')
#6 /Volumes/mf480 - Data/Alifya/vendor/codeigniter4/framework/system/Database/MigrationRunner.php(161): CodeIgniter\Database\MigrationRunner->ensureTable()
#7 /Volumes/mf480 - Data/Alifya/vendor/codeigniter4/framework/system/Commands/Database/Migrate.php(84): CodeIgniter\Database\MigrationRunner->latest(NULL)
#8 /Volumes/mf480 - Data/Alifya/vendor/codeigniter4/framework/system/CLI/Commands.php(65): CodeIgniter\Commands\Database\Migrate->run(Array)
#9 /Volumes/mf480 - Data/Alifya/vendor/codeigniter4/framework/system/CLI/Console.php(46): CodeIgniter\CLI\Commands->run('migrate', Array)
#10 /Volumes/mf480 - Data/Alifya/spark(102): CodeIgniter\CLI\Console->run()
#11 {main}

Next CodeIgniter\Database\Exceptions\DatabaseException: Unknown database 'alifya_private_db' in /Volumes/mf480 - Data/Alifya/vendor/codeigniter4/framework/system/Database/MySQLi/Connection.php:229
Stack trace:
#0 /Volumes/mf480 - Data/Alifya/vendor/codeigniter4/framework/system/Database/BaseConnection.php(392): CodeIgniter\Database\MySQLi\Connection->connect(false)
#1 /Volumes/mf480 - Data/Alifya/vendor/codeigniter4/framework/system/Database/BaseConnection.php(575): CodeIgniter\Database\BaseConnection->initialize()
#2 /Volumes/mf480 - Data/Alifya/vendor/codeigniter4/framework/system/Database/BaseConnection.php(1410): CodeIgniter\Database\BaseConnection->query('SHOW TABLES FRO...')
#3 /Volumes/mf480 - Data/Alifya/vendor/codeigniter4/framework/system/Database/BaseConnection.php(1429): CodeIgniter\Database\BaseConnection->listTables()
#4 /Volumes/mf480 - Data/Alifya/vendor/codeigniter4/framework/system/Database/MigrationRunner.php(757): CodeIgniter\Database\BaseConnection->tableExists('migrations')
#5 /Volumes/mf480 - Data/Alifya/vendor/codeigniter4/framework/system/Database/MigrationRunner.php(161): CodeIgniter\Database\MigrationRunner->ensureTable()
#6 /Volumes/mf480 - Data/Alifya/vendor/codeigniter4/framework/system/Commands/Database/Migrate.php(84): CodeIgniter\Database\MigrationRunner->latest(NULL)
#7 /Volumes/mf480 - Data/Alifya/vendor/codeigniter4/framework/system/CLI/Commands.php(65): CodeIgniter\Commands\Database\Migrate->run(Array)
#8 /Volumes/mf480 - Data/Alifya/vendor/codeigniter4/framework/system/CLI/Console.php(46): CodeIgniter\CLI\Commands->run('migrate', Array)
#9 /Volumes/mf480 - Data/Alifya/spark(102): CodeIgniter\CLI\Console->run()
#10 {main}
CRITICAL - 2024-07-16 15:51:25 --> ErrorException: Undefined property: stdClass::$status_pengajar
in APPPATH/Views/admin/pengajar_v.php on line 58.
 1 APPPATH/Views/admin/pengajar_v.php(58): CodeIgniter\Debug\Exceptions->errorHandler(8, 'Undefined property: stdClass::$status_pengajar', '/Volumes/mf480 - Data/Alifya/app/Views/admin/pengajar_v.php', 58, [...])
 2 SYSTEMPATH/View/View.php(228): include('/Volumes/mf480 - Data/Alifya/app/Views/admin/pengajar_v.php')
 3 SYSTEMPATH/View/View.php(231): CodeIgniter\View\View->CodeIgniter\View\{closure}()
 4 SYSTEMPATH/Common.php(1178): CodeIgniter\View\View->render('admin/pengajar_v', [], true)
 5 APPPATH/Controllers/Admin/PengajarController.php(32): view('admin/pengajar_v', [...])
 6 SYSTEMPATH/CodeIgniter.php(941): App\Controllers\Admin\PengajarController->index()
 7 SYSTEMPATH/CodeIgniter.php(502): CodeIgniter\CodeIgniter->runController(Object(App\Controllers\Admin\PengajarController))
 8 SYSTEMPATH/CodeIgniter.php(361): CodeIgniter\CodeIgniter->handleRequest(null, Object(Config\Cache), false)
 9 FCPATH/index.php(79): CodeIgniter\CodeIgniter->run()
10 SYSTEMPATH/Commands/Server/rewrite.php(47): require_once('/Volumes/mf480 - Data/Alifya/public/index.php')
ERROR - 2024-07-16 16:05:12 --> mysqli_sql_exception: Unknown column 'hari_table.nama_hari' in 'field list' in /Volumes/mf480 - Data/Alifya/vendor/codeigniter4/framework/system/Database/MySQLi/Connection.php:306
Stack trace:
#0 /Volumes/mf480 - Data/Alifya/vendor/codeigniter4/framework/system/Database/MySQLi/Connection.php(306): mysqli->query('SELECT `data_mu...', 0)
#1 /Volumes/mf480 - Data/Alifya/vendor/codeigniter4/framework/system/Database/BaseConnection.php(693): CodeIgniter\Database\MySQLi\Connection->execute('SELECT `data_mu...')
#2 /Volumes/mf480 - Data/Alifya/vendor/codeigniter4/framework/system/Database/BaseConnection.php(607): CodeIgniter\Database\BaseConnection->simpleQuery('SELECT `data_mu...')
#3 /Volumes/mf480 - Data/Alifya/vendor/codeigniter4/framework/system/Database/BaseBuilder.php(1616): CodeIgniter\Database\BaseConnection->query('SELECT `data_mu...', Array, false)
#4 /Volumes/mf480 - Data/Alifya/vendor/codeigniter4/framework/system/Model.php(872): CodeIgniter\Database\BaseBuilder->get()
#5 /Volumes/mf480 - Data/Alifya/app/Models/Admin/MuridModel.php(36): CodeIgniter\Model->__call('get', Array)
#6 /Volumes/mf480 - Data/Alifya/app/Controllers/Admin/MuridController.php(255): App\Models\Admin\MuridModel->getMitraMurid('1')
#7 /Volumes/mf480 - Data/Alifya/vendor/codeigniter4/framework/system/CodeIgniter.php(941): App\Controllers\Admin\MuridController->view('1')
#8 /Volumes/mf480 - Data/Alifya/vendor/codeigniter4/framework/system/CodeIgniter.php(502): CodeIgniter\CodeIgniter->runController(Object(App\Controllers\Admin\MuridController))
#9 /Volumes/mf480 - Data/Alifya/vendor/codeigniter4/framework/system/CodeIgniter.php(361): CodeIgniter\CodeIgniter->handleRequest(NULL, Object(Config\Cache), false)
#10 /Volumes/mf480 - Data/Alifya/public/index.php(79): CodeIgniter\CodeIgniter->run()
#11 /Volumes/mf480 - Data/Alifya/vendor/codeigniter4/framework/system/Commands/Server/rewrite.php(47): require_once('/Volumes/mf480 ...')
#12 {main}
CRITICAL - 2024-07-16 16:05:12 --> CodeIgniter\Database\Exceptions\DatabaseException: Unknown column 'hari_table.nama_hari' in 'field list'
in SYSTEMPATH/Database/BaseConnection.php on line 647.
 1 SYSTEMPATH/Database/BaseBuilder.php(1616): CodeIgniter\Database\BaseConnection->query('SELECT `data_murid_table`.`id`, `data_murid_table`.`uid_murid`, `data_murid_table`.`nama_lengkap_anak`, `data_murid_table`.`tanggal_lahir_anak`, `data_murid_table`.`usia_anak`, `data_murid_table`.`alamat_domisili_anak`, `data_murid_table`.`sekolah_anak`, `data_murid_table`.`nomor_whatsapp_wali`, `data_murid_table`. `username_instagram_wali`, `data_murid_table`.`program_belajar_id`, `data_murid_table`.`materi_belajar_id`, `data_murid_table`.`hari_belajar`, `data_murid_table`.`waktu_belajar`, `data_murid_table`.`foto_anak`, `data_murid_table`.`status_murid_id`, `status_murid_table`.`status_murid`, `materi_belajar_table`.`keterangan`, `hari_table`.`nama_hari`, `waktu_table`.`waktu`, `program_belajar_table`.`nama_program`
FROM `data_murid_table`
JOIN `status_murid_table` ON `status_murid_table`.`id` = `data_murid_table`.`status_murid_id`
JOIN `materi_belajar_table` ON `materi_belajar_table`.`id` = `data_murid_table`.`materi_belajar_id`
JOIN `program_belajar_table` ON `program_belajar_table`.`id` = `data_murid_table`.`program_belajar_id`
WHERE `data_murid_table`.`id` = :data_murid_table.id:
ORDER BY `id` desc', [...], false)
 2 SYSTEMPATH/Model.php(872): CodeIgniter\Database\BaseBuilder->get()
 3 APPPATH/Models/Admin/MuridModel.php(36): CodeIgniter\Model->__call('get', [])
 4 APPPATH/Controllers/Admin/MuridController.php(255): App\Models\Admin\MuridModel->getMitraMurid('1')
 5 SYSTEMPATH/CodeIgniter.php(941): App\Controllers\Admin\MuridController->view('1')
 6 SYSTEMPATH/CodeIgniter.php(502): CodeIgniter\CodeIgniter->runController(Object(App\Controllers\Admin\MuridController))
 7 SYSTEMPATH/CodeIgniter.php(361): CodeIgniter\CodeIgniter->handleRequest(null, Object(Config\Cache), false)
 8 FCPATH/index.php(79): CodeIgniter\CodeIgniter->run()
 9 SYSTEMPATH/Commands/Server/rewrite.php(47): require_once('/Volumes/mf480 - Data/Alifya/public/index.php')
CRITICAL - 2024-07-16 16:05:12 --> [Caused by] CodeIgniter\Database\Exceptions\DatabaseException: Unknown column 'hari_table.nama_hari' in 'field list'
in SYSTEMPATH/Database/MySQLi/Connection.php on line 311.
 1 SYSTEMPATH/Database/BaseConnection.php(693): CodeIgniter\Database\MySQLi\Connection->execute('SELECT `data_murid_table`.`id`, `data_murid_table`.`uid_murid`, `data_murid_table`.`nama_lengkap_anak`, `data_murid_table`.`tanggal_lahir_anak`, `data_murid_table`.`usia_anak`, `data_murid_table`.`alamat_domisili_anak`, `data_murid_table`.`sekolah_anak`, `data_murid_table`.`nomor_whatsapp_wali`, `data_murid_table`. `username_instagram_wali`, `data_murid_table`.`program_belajar_id`, `data_murid_table`.`materi_belajar_id`, `data_murid_table`.`hari_belajar`, `data_murid_table`.`waktu_belajar`, `data_murid_table`.`foto_anak`, `data_murid_table`.`status_murid_id`, `status_murid_table`.`status_murid`, `materi_belajar_table`.`keterangan`, `hari_table`.`nama_hari`, `waktu_table`.`waktu`, `program_belajar_table`.`nama_program`
FROM `data_murid_table`
JOIN `status_murid_table` ON `status_murid_table`.`id` = `data_murid_table`.`status_murid_id`
JOIN `materi_belajar_table` ON `materi_belajar_table`.`id` = `data_murid_table`.`materi_belajar_id`
JOIN `program_belajar_table` ON `program_belajar_table`.`id` = `data_murid_table`.`program_belajar_id`
WHERE `data_murid_table`.`id` = \'1\'
ORDER BY `id` desc')
 2 SYSTEMPATH/Database/BaseConnection.php(607): CodeIgniter\Database\BaseConnection->simpleQuery('SELECT `data_murid_table`.`id`, `data_murid_table`.`uid_murid`, `data_murid_table`.`nama_lengkap_anak`, `data_murid_table`.`tanggal_lahir_anak`, `data_murid_table`.`usia_anak`, `data_murid_table`.`alamat_domisili_anak`, `data_murid_table`.`sekolah_anak`, `data_murid_table`.`nomor_whatsapp_wali`, `data_murid_table`. `username_instagram_wali`, `data_murid_table`.`program_belajar_id`, `data_murid_table`.`materi_belajar_id`, `data_murid_table`.`hari_belajar`, `data_murid_table`.`waktu_belajar`, `data_murid_table`.`foto_anak`, `data_murid_table`.`status_murid_id`, `status_murid_table`.`status_murid`, `materi_belajar_table`.`keterangan`, `hari_table`.`nama_hari`, `waktu_table`.`waktu`, `program_belajar_table`.`nama_program`
FROM `data_murid_table`
JOIN `status_murid_table` ON `status_murid_table`.`id` = `data_murid_table`.`status_murid_id`
JOIN `materi_belajar_table` ON `materi_belajar_table`.`id` = `data_murid_table`.`materi_belajar_id`
JOIN `program_belajar_table` ON `program_belajar_table`.`id` = `data_murid_table`.`program_belajar_id`
WHERE `data_murid_table`.`id` = \'1\'
ORDER BY `id` desc')
 3 SYSTEMPATH/Database/BaseBuilder.php(1616): CodeIgniter\Database\BaseConnection->query('SELECT `data_murid_table`.`id`, `data_murid_table`.`uid_murid`, `data_murid_table`.`nama_lengkap_anak`, `data_murid_table`.`tanggal_lahir_anak`, `data_murid_table`.`usia_anak`, `data_murid_table`.`alamat_domisili_anak`, `data_murid_table`.`sekolah_anak`, `data_murid_table`.`nomor_whatsapp_wali`, `data_murid_table`. `username_instagram_wali`, `data_murid_table`.`program_belajar_id`, `data_murid_table`.`materi_belajar_id`, `data_murid_table`.`hari_belajar`, `data_murid_table`.`waktu_belajar`, `data_murid_table`.`foto_anak`, `data_murid_table`.`status_murid_id`, `status_murid_table`.`status_murid`, `materi_belajar_table`.`keterangan`, `hari_table`.`nama_hari`, `waktu_table`.`waktu`, `program_belajar_table`.`nama_program`
FROM `data_murid_table`
JOIN `status_murid_table` ON `status_murid_table`.`id` = `data_murid_table`.`status_murid_id`
JOIN `materi_belajar_table` ON `materi_belajar_table`.`id` = `data_murid_table`.`materi_belajar_id`
JOIN `program_belajar_table` ON `program_belajar_table`.`id` = `data_murid_table`.`program_belajar_id`
WHERE `data_murid_table`.`id` = :data_murid_table.id:
ORDER BY `id` desc', [...], false)
 4 SYSTEMPATH/Model.php(872): CodeIgniter\Database\BaseBuilder->get()
 5 APPPATH/Models/Admin/MuridModel.php(36): CodeIgniter\Model->__call('get', [])
 6 APPPATH/Controllers/Admin/MuridController.php(255): App\Models\Admin\MuridModel->getMitraMurid('1')
 7 SYSTEMPATH/CodeIgniter.php(941): App\Controllers\Admin\MuridController->view('1')
 8 SYSTEMPATH/CodeIgniter.php(502): CodeIgniter\CodeIgniter->runController(Object(App\Controllers\Admin\MuridController))
 9 SYSTEMPATH/CodeIgniter.php(361): CodeIgniter\CodeIgniter->handleRequest(null, Object(Config\Cache), false)
10 FCPATH/index.php(79): CodeIgniter\CodeIgniter->run()
11 SYSTEMPATH/Commands/Server/rewrite.php(47): require_once('/Volumes/mf480 - Data/Alifya/public/index.php')
CRITICAL - 2024-07-16 16:05:12 --> [Caused by] mysqli_sql_exception: Unknown column 'hari_table.nama_hari' in 'field list'
in SYSTEMPATH/Database/MySQLi/Connection.php on line 306.
 1 SYSTEMPATH/Database/MySQLi/Connection.php(306): mysqli->query('SELECT `data_murid_table`.`id`, `data_murid_table`.`uid_murid`, `data_murid_table`.`nama_lengkap_anak`, `data_murid_table`.`tanggal_lahir_anak`, `data_murid_table`.`usia_anak`, `data_murid_table`.`alamat_domisili_anak`, `data_murid_table`.`sekolah_anak`, `data_murid_table`.`nomor_whatsapp_wali`, `data_murid_table`. `username_instagram_wali`, `data_murid_table`.`program_belajar_id`, `data_murid_table`.`materi_belajar_id`, `data_murid_table`.`hari_belajar`, `data_murid_table`.`waktu_belajar`, `data_murid_table`.`foto_anak`, `data_murid_table`.`status_murid_id`, `status_murid_table`.`status_murid`, `materi_belajar_table`.`keterangan`, `hari_table`.`nama_hari`, `waktu_table`.`waktu`, `program_belajar_table`.`nama_program`
FROM `data_murid_table`
JOIN `status_murid_table` ON `status_murid_table`.`id` = `data_murid_table`.`status_murid_id`
JOIN `materi_belajar_table` ON `materi_belajar_table`.`id` = `data_murid_table`.`materi_belajar_id`
JOIN `program_belajar_table` ON `program_belajar_table`.`id` = `data_murid_table`.`program_belajar_id`
WHERE `data_murid_table`.`id` = \'1\'
ORDER BY `id` desc', 0)
 2 SYSTEMPATH/Database/BaseConnection.php(693): CodeIgniter\Database\MySQLi\Connection->execute('SELECT `data_murid_table`.`id`, `data_murid_table`.`uid_murid`, `data_murid_table`.`nama_lengkap_anak`, `data_murid_table`.`tanggal_lahir_anak`, `data_murid_table`.`usia_anak`, `data_murid_table`.`alamat_domisili_anak`, `data_murid_table`.`sekolah_anak`, `data_murid_table`.`nomor_whatsapp_wali`, `data_murid_table`. `username_instagram_wali`, `data_murid_table`.`program_belajar_id`, `data_murid_table`.`materi_belajar_id`, `data_murid_table`.`hari_belajar`, `data_murid_table`.`waktu_belajar`, `data_murid_table`.`foto_anak`, `data_murid_table`.`status_murid_id`, `status_murid_table`.`status_murid`, `materi_belajar_table`.`keterangan`, `hari_table`.`nama_hari`, `waktu_table`.`waktu`, `program_belajar_table`.`nama_program`
FROM `data_murid_table`
JOIN `status_murid_table` ON `status_murid_table`.`id` = `data_murid_table`.`status_murid_id`
JOIN `materi_belajar_table` ON `materi_belajar_table`.`id` = `data_murid_table`.`materi_belajar_id`
JOIN `program_belajar_table` ON `program_belajar_table`.`id` = `data_murid_table`.`program_belajar_id`
WHERE `data_murid_table`.`id` = \'1\'
ORDER BY `id` desc')
 3 SYSTEMPATH/Database/BaseConnection.php(607): CodeIgniter\Database\BaseConnection->simpleQuery('SELECT `data_murid_table`.`id`, `data_murid_table`.`uid_murid`, `data_murid_table`.`nama_lengkap_anak`, `data_murid_table`.`tanggal_lahir_anak`, `data_murid_table`.`usia_anak`, `data_murid_table`.`alamat_domisili_anak`, `data_murid_table`.`sekolah_anak`, `data_murid_table`.`nomor_whatsapp_wali`, `data_murid_table`. `username_instagram_wali`, `data_murid_table`.`program_belajar_id`, `data_murid_table`.`materi_belajar_id`, `data_murid_table`.`hari_belajar`, `data_murid_table`.`waktu_belajar`, `data_murid_table`.`foto_anak`, `data_murid_table`.`status_murid_id`, `status_murid_table`.`status_murid`, `materi_belajar_table`.`keterangan`, `hari_table`.`nama_hari`, `waktu_table`.`waktu`, `program_belajar_table`.`nama_program`
FROM `data_murid_table`
JOIN `status_murid_table` ON `status_murid_table`.`id` = `data_murid_table`.`status_murid_id`
JOIN `materi_belajar_table` ON `materi_belajar_table`.`id` = `data_murid_table`.`materi_belajar_id`
JOIN `program_belajar_table` ON `program_belajar_table`.`id` = `data_murid_table`.`program_belajar_id`
WHERE `data_murid_table`.`id` = \'1\'
ORDER BY `id` desc')
 4 SYSTEMPATH/Database/BaseBuilder.php(1616): CodeIgniter\Database\BaseConnection->query('SELECT `data_murid_table`.`id`, `data_murid_table`.`uid_murid`, `data_murid_table`.`nama_lengkap_anak`, `data_murid_table`.`tanggal_lahir_anak`, `data_murid_table`.`usia_anak`, `data_murid_table`.`alamat_domisili_anak`, `data_murid_table`.`sekolah_anak`, `data_murid_table`.`nomor_whatsapp_wali`, `data_murid_table`. `username_instagram_wali`, `data_murid_table`.`program_belajar_id`, `data_murid_table`.`materi_belajar_id`, `data_murid_table`.`hari_belajar`, `data_murid_table`.`waktu_belajar`, `data_murid_table`.`foto_anak`, `data_murid_table`.`status_murid_id`, `status_murid_table`.`status_murid`, `materi_belajar_table`.`keterangan`, `hari_table`.`nama_hari`, `waktu_table`.`waktu`, `program_belajar_table`.`nama_program`
FROM `data_murid_table`
JOIN `status_murid_table` ON `status_murid_table`.`id` = `data_murid_table`.`status_murid_id`
JOIN `materi_belajar_table` ON `materi_belajar_table`.`id` = `data_murid_table`.`materi_belajar_id`
JOIN `program_belajar_table` ON `program_belajar_table`.`id` = `data_murid_table`.`program_belajar_id`
WHERE `data_murid_table`.`id` = :data_murid_table.id:
ORDER BY `id` desc', [...], false)
 5 SYSTEMPATH/Model.php(872): CodeIgniter\Database\BaseBuilder->get()
 6 APPPATH/Models/Admin/MuridModel.php(36): CodeIgniter\Model->__call('get', [])
 7 APPPATH/Controllers/Admin/MuridController.php(255): App\Models\Admin\MuridModel->getMitraMurid('1')
 8 SYSTEMPATH/CodeIgniter.php(941): App\Controllers\Admin\MuridController->view('1')
 9 SYSTEMPATH/CodeIgniter.php(502): CodeIgniter\CodeIgniter->runController(Object(App\Controllers\Admin\MuridController))
10 SYSTEMPATH/CodeIgniter.php(361): CodeIgniter\CodeIgniter->handleRequest(null, Object(Config\Cache), false)
11 FCPATH/index.php(79): CodeIgniter\CodeIgniter->run()
12 SYSTEMPATH/Commands/Server/rewrite.php(47): require_once('/Volumes/mf480 - Data/Alifya/public/index.php')
ERROR - 2024-07-16 16:05:47 --> mysqli_sql_exception: Unknown column 'hari_table.nama_hari' in 'field list' in /Volumes/mf480 - Data/Alifya/vendor/codeigniter4/framework/system/Database/MySQLi/Connection.php:306
Stack trace:
#0 /Volumes/mf480 - Data/Alifya/vendor/codeigniter4/framework/system/Database/MySQLi/Connection.php(306): mysqli->query('SELECT `data_mu...', 0)
#1 /Volumes/mf480 - Data/Alifya/vendor/codeigniter4/framework/system/Database/BaseConnection.php(693): CodeIgniter\Database\MySQLi\Connection->execute('SELECT `data_mu...')
#2 /Volumes/mf480 - Data/Alifya/vendor/codeigniter4/framework/system/Database/BaseConnection.php(607): CodeIgniter\Database\BaseConnection->simpleQuery('SELECT `data_mu...')
#3 /Volumes/mf480 - Data/Alifya/vendor/codeigniter4/framework/system/Database/BaseBuilder.php(1616): CodeIgniter\Database\BaseConnection->query('SELECT `data_mu...', Array, false)
#4 /Volumes/mf480 - Data/Alifya/vendor/codeigniter4/framework/system/Model.php(872): CodeIgniter\Database\BaseBuilder->get()
#5 /Volumes/mf480 - Data/Alifya/app/Models/Admin/MuridModel.php(36): CodeIgniter\Model->__call('get', Array)
#6 /Volumes/mf480 - Data/Alifya/app/Controllers/Admin/MuridController.php(255): App\Models\Admin\MuridModel->getMitraMurid('1')
#7 /Volumes/mf480 - Data/Alifya/vendor/codeigniter4/framework/system/CodeIgniter.php(941): App\Controllers\Admin\MuridController->view('1')
#8 /Volumes/mf480 - Data/Alifya/vendor/codeigniter4/framework/system/CodeIgniter.php(502): CodeIgniter\CodeIgniter->runController(Object(App\Controllers\Admin\MuridController))
#9 /Volumes/mf480 - Data/Alifya/vendor/codeigniter4/framework/system/CodeIgniter.php(361): CodeIgniter\CodeIgniter->handleRequest(NULL, Object(Config\Cache), false)
#10 /Volumes/mf480 - Data/Alifya/public/index.php(79): CodeIgniter\CodeIgniter->run()
#11 /Volumes/mf480 - Data/Alifya/vendor/codeigniter4/framework/system/Commands/Server/rewrite.php(47): require_once('/Volumes/mf480 ...')
#12 {main}
CRITICAL - 2024-07-16 16:05:47 --> CodeIgniter\Database\Exceptions\DatabaseException: Unknown column 'hari_table.nama_hari' in 'field list'
in SYSTEMPATH/Database/BaseConnection.php on line 647.
 1 SYSTEMPATH/Database/BaseBuilder.php(1616): CodeIgniter\Database\BaseConnection->query('SELECT `data_murid_table`.`id`, `data_murid_table`.`uid_murid`, `data_murid_table`.`nama_lengkap_anak`, `data_murid_table`.`tanggal_lahir_anak`, `data_murid_table`.`usia_anak`, `data_murid_table`.`alamat_domisili_anak`, `data_murid_table`.`sekolah_anak`, `data_murid_table`.`nomor_whatsapp_wali`, `data_murid_table`. `username_instagram_wali`, `data_murid_table`.`program_belajar_id`, `data_murid_table`.`materi_belajar_id`, `data_murid_table`.`hari_belajar`, `data_murid_table`.`waktu_belajar`, `data_murid_table`.`foto_anak`, `data_murid_table`.`status_murid_id`, `status_murid_table`.`status_murid`, `materi_belajar_table`.`keterangan`, `hari_table`.`nama_hari`, `waktu_table`.`waktu`, `program_belajar_table`.`nama_program`
FROM `data_murid_table`
JOIN `status_murid_table` ON `status_murid_table`.`id` = `data_murid_table`.`status_murid_id`
JOIN `materi_belajar_table` ON `materi_belajar_table`.`id` = `data_murid_table`.`materi_belajar_id`
JOIN `program_belajar_table` ON `program_belajar_table`.`id` = `data_murid_table`.`program_belajar_id`
WHERE `data_murid_table`.`id` = :data_murid_table.id:
ORDER BY `id` desc', [...], false)
 2 SYSTEMPATH/Model.php(872): CodeIgniter\Database\BaseBuilder->get()
 3 APPPATH/Models/Admin/MuridModel.php(36): CodeIgniter\Model->__call('get', [])
 4 APPPATH/Controllers/Admin/MuridController.php(255): App\Models\Admin\MuridModel->getMitraMurid('1')
 5 SYSTEMPATH/CodeIgniter.php(941): App\Controllers\Admin\MuridController->view('1')
 6 SYSTEMPATH/CodeIgniter.php(502): CodeIgniter\CodeIgniter->runController(Object(App\Controllers\Admin\MuridController))
 7 SYSTEMPATH/CodeIgniter.php(361): CodeIgniter\CodeIgniter->handleRequest(null, Object(Config\Cache), false)
 8 FCPATH/index.php(79): CodeIgniter\CodeIgniter->run()
 9 SYSTEMPATH/Commands/Server/rewrite.php(47): require_once('/Volumes/mf480 - Data/Alifya/public/index.php')
CRITICAL - 2024-07-16 16:05:47 --> [Caused by] CodeIgniter\Database\Exceptions\DatabaseException: Unknown column 'hari_table.nama_hari' in 'field list'
in SYSTEMPATH/Database/MySQLi/Connection.php on line 311.
 1 SYSTEMPATH/Database/BaseConnection.php(693): CodeIgniter\Database\MySQLi\Connection->execute('SELECT `data_murid_table`.`id`, `data_murid_table`.`uid_murid`, `data_murid_table`.`nama_lengkap_anak`, `data_murid_table`.`tanggal_lahir_anak`, `data_murid_table`.`usia_anak`, `data_murid_table`.`alamat_domisili_anak`, `data_murid_table`.`sekolah_anak`, `data_murid_table`.`nomor_whatsapp_wali`, `data_murid_table`. `username_instagram_wali`, `data_murid_table`.`program_belajar_id`, `data_murid_table`.`materi_belajar_id`, `data_murid_table`.`hari_belajar`, `data_murid_table`.`waktu_belajar`, `data_murid_table`.`foto_anak`, `data_murid_table`.`status_murid_id`, `status_murid_table`.`status_murid`, `materi_belajar_table`.`keterangan`, `hari_table`.`nama_hari`, `waktu_table`.`waktu`, `program_belajar_table`.`nama_program`
FROM `data_murid_table`
JOIN `status_murid_table` ON `status_murid_table`.`id` = `data_murid_table`.`status_murid_id`
JOIN `materi_belajar_table` ON `materi_belajar_table`.`id` = `data_murid_table`.`materi_belajar_id`
JOIN `program_belajar_table` ON `program_belajar_table`.`id` = `data_murid_table`.`program_belajar_id`
WHERE `data_murid_table`.`id` = \'1\'
ORDER BY `id` desc')
 2 SYSTEMPATH/Database/BaseConnection.php(607): CodeIgniter\Database\BaseConnection->simpleQuery('SELECT `data_murid_table`.`id`, `data_murid_table`.`uid_murid`, `data_murid_table`.`nama_lengkap_anak`, `data_murid_table`.`tanggal_lahir_anak`, `data_murid_table`.`usia_anak`, `data_murid_table`.`alamat_domisili_anak`, `data_murid_table`.`sekolah_anak`, `data_murid_table`.`nomor_whatsapp_wali`, `data_murid_table`. `username_instagram_wali`, `data_murid_table`.`program_belajar_id`, `data_murid_table`.`materi_belajar_id`, `data_murid_table`.`hari_belajar`, `data_murid_table`.`waktu_belajar`, `data_murid_table`.`foto_anak`, `data_murid_table`.`status_murid_id`, `status_murid_table`.`status_murid`, `materi_belajar_table`.`keterangan`, `hari_table`.`nama_hari`, `waktu_table`.`waktu`, `program_belajar_table`.`nama_program`
FROM `data_murid_table`
JOIN `status_murid_table` ON `status_murid_table`.`id` = `data_murid_table`.`status_murid_id`
JOIN `materi_belajar_table` ON `materi_belajar_table`.`id` = `data_murid_table`.`materi_belajar_id`
JOIN `program_belajar_table` ON `program_belajar_table`.`id` = `data_murid_table`.`program_belajar_id`
WHERE `data_murid_table`.`id` = \'1\'
ORDER BY `id` desc')
 3 SYSTEMPATH/Database/BaseBuilder.php(1616): CodeIgniter\Database\BaseConnection->query('SELECT `data_murid_table`.`id`, `data_murid_table`.`uid_murid`, `data_murid_table`.`nama_lengkap_anak`, `data_murid_table`.`tanggal_lahir_anak`, `data_murid_table`.`usia_anak`, `data_murid_table`.`alamat_domisili_anak`, `data_murid_table`.`sekolah_anak`, `data_murid_table`.`nomor_whatsapp_wali`, `data_murid_table`. `username_instagram_wali`, `data_murid_table`.`program_belajar_id`, `data_murid_table`.`materi_belajar_id`, `data_murid_table`.`hari_belajar`, `data_murid_table`.`waktu_belajar`, `data_murid_table`.`foto_anak`, `data_murid_table`.`status_murid_id`, `status_murid_table`.`status_murid`, `materi_belajar_table`.`keterangan`, `hari_table`.`nama_hari`, `waktu_table`.`waktu`, `program_belajar_table`.`nama_program`
FROM `data_murid_table`
JOIN `status_murid_table` ON `status_murid_table`.`id` = `data_murid_table`.`status_murid_id`
JOIN `materi_belajar_table` ON `materi_belajar_table`.`id` = `data_murid_table`.`materi_belajar_id`
JOIN `program_belajar_table` ON `program_belajar_table`.`id` = `data_murid_table`.`program_belajar_id`
WHERE `data_murid_table`.`id` = :data_murid_table.id:
ORDER BY `id` desc', [...], false)
 4 SYSTEMPATH/Model.php(872): CodeIgniter\Database\BaseBuilder->get()
 5 APPPATH/Models/Admin/MuridModel.php(36): CodeIgniter\Model->__call('get', [])
 6 APPPATH/Controllers/Admin/MuridController.php(255): App\Models\Admin\MuridModel->getMitraMurid('1')
 7 SYSTEMPATH/CodeIgniter.php(941): App\Controllers\Admin\MuridController->view('1')
 8 SYSTEMPATH/CodeIgniter.php(502): CodeIgniter\CodeIgniter->runController(Object(App\Controllers\Admin\MuridController))
 9 SYSTEMPATH/CodeIgniter.php(361): CodeIgniter\CodeIgniter->handleRequest(null, Object(Config\Cache), false)
10 FCPATH/index.php(79): CodeIgniter\CodeIgniter->run()
11 SYSTEMPATH/Commands/Server/rewrite.php(47): require_once('/Volumes/mf480 - Data/Alifya/public/index.php')
CRITICAL - 2024-07-16 16:05:47 --> [Caused by] mysqli_sql_exception: Unknown column 'hari_table.nama_hari' in 'field list'
in SYSTEMPATH/Database/MySQLi/Connection.php on line 306.
 1 SYSTEMPATH/Database/MySQLi/Connection.php(306): mysqli->query('SELECT `data_murid_table`.`id`, `data_murid_table`.`uid_murid`, `data_murid_table`.`nama_lengkap_anak`, `data_murid_table`.`tanggal_lahir_anak`, `data_murid_table`.`usia_anak`, `data_murid_table`.`alamat_domisili_anak`, `data_murid_table`.`sekolah_anak`, `data_murid_table`.`nomor_whatsapp_wali`, `data_murid_table`. `username_instagram_wali`, `data_murid_table`.`program_belajar_id`, `data_murid_table`.`materi_belajar_id`, `data_murid_table`.`hari_belajar`, `data_murid_table`.`waktu_belajar`, `data_murid_table`.`foto_anak`, `data_murid_table`.`status_murid_id`, `status_murid_table`.`status_murid`, `materi_belajar_table`.`keterangan`, `hari_table`.`nama_hari`, `waktu_table`.`waktu`, `program_belajar_table`.`nama_program`
FROM `data_murid_table`
JOIN `status_murid_table` ON `status_murid_table`.`id` = `data_murid_table`.`status_murid_id`
JOIN `materi_belajar_table` ON `materi_belajar_table`.`id` = `data_murid_table`.`materi_belajar_id`
JOIN `program_belajar_table` ON `program_belajar_table`.`id` = `data_murid_table`.`program_belajar_id`
WHERE `data_murid_table`.`id` = \'1\'
ORDER BY `id` desc', 0)
 2 SYSTEMPATH/Database/BaseConnection.php(693): CodeIgniter\Database\MySQLi\Connection->execute('SELECT `data_murid_table`.`id`, `data_murid_table`.`uid_murid`, `data_murid_table`.`nama_lengkap_anak`, `data_murid_table`.`tanggal_lahir_anak`, `data_murid_table`.`usia_anak`, `data_murid_table`.`alamat_domisili_anak`, `data_murid_table`.`sekolah_anak`, `data_murid_table`.`nomor_whatsapp_wali`, `data_murid_table`. `username_instagram_wali`, `data_murid_table`.`program_belajar_id`, `data_murid_table`.`materi_belajar_id`, `data_murid_table`.`hari_belajar`, `data_murid_table`.`waktu_belajar`, `data_murid_table`.`foto_anak`, `data_murid_table`.`status_murid_id`, `status_murid_table`.`status_murid`, `materi_belajar_table`.`keterangan`, `hari_table`.`nama_hari`, `waktu_table`.`waktu`, `program_belajar_table`.`nama_program`
FROM `data_murid_table`
JOIN `status_murid_table` ON `status_murid_table`.`id` = `data_murid_table`.`status_murid_id`
JOIN `materi_belajar_table` ON `materi_belajar_table`.`id` = `data_murid_table`.`materi_belajar_id`
JOIN `program_belajar_table` ON `program_belajar_table`.`id` = `data_murid_table`.`program_belajar_id`
WHERE `data_murid_table`.`id` = \'1\'
ORDER BY `id` desc')
 3 SYSTEMPATH/Database/BaseConnection.php(607): CodeIgniter\Database\BaseConnection->simpleQuery('SELECT `data_murid_table`.`id`, `data_murid_table`.`uid_murid`, `data_murid_table`.`nama_lengkap_anak`, `data_murid_table`.`tanggal_lahir_anak`, `data_murid_table`.`usia_anak`, `data_murid_table`.`alamat_domisili_anak`, `data_murid_table`.`sekolah_anak`, `data_murid_table`.`nomor_whatsapp_wali`, `data_murid_table`. `username_instagram_wali`, `data_murid_table`.`program_belajar_id`, `data_murid_table`.`materi_belajar_id`, `data_murid_table`.`hari_belajar`, `data_murid_table`.`waktu_belajar`, `data_murid_table`.`foto_anak`, `data_murid_table`.`status_murid_id`, `status_murid_table`.`status_murid`, `materi_belajar_table`.`keterangan`, `hari_table`.`nama_hari`, `waktu_table`.`waktu`, `program_belajar_table`.`nama_program`
FROM `data_murid_table`
JOIN `status_murid_table` ON `status_murid_table`.`id` = `data_murid_table`.`status_murid_id`
JOIN `materi_belajar_table` ON `materi_belajar_table`.`id` = `data_murid_table`.`materi_belajar_id`
JOIN `program_belajar_table` ON `program_belajar_table`.`id` = `data_murid_table`.`program_belajar_id`
WHERE `data_murid_table`.`id` = \'1\'
ORDER BY `id` desc')
 4 SYSTEMPATH/Database/BaseBuilder.php(1616): CodeIgniter\Database\BaseConnection->query('SELECT `data_murid_table`.`id`, `data_murid_table`.`uid_murid`, `data_murid_table`.`nama_lengkap_anak`, `data_murid_table`.`tanggal_lahir_anak`, `data_murid_table`.`usia_anak`, `data_murid_table`.`alamat_domisili_anak`, `data_murid_table`.`sekolah_anak`, `data_murid_table`.`nomor_whatsapp_wali`, `data_murid_table`. `username_instagram_wali`, `data_murid_table`.`program_belajar_id`, `data_murid_table`.`materi_belajar_id`, `data_murid_table`.`hari_belajar`, `data_murid_table`.`waktu_belajar`, `data_murid_table`.`foto_anak`, `data_murid_table`.`status_murid_id`, `status_murid_table`.`status_murid`, `materi_belajar_table`.`keterangan`, `hari_table`.`nama_hari`, `waktu_table`.`waktu`, `program_belajar_table`.`nama_program`
FROM `data_murid_table`
JOIN `status_murid_table` ON `status_murid_table`.`id` = `data_murid_table`.`status_murid_id`
JOIN `materi_belajar_table` ON `materi_belajar_table`.`id` = `data_murid_table`.`materi_belajar_id`
JOIN `program_belajar_table` ON `program_belajar_table`.`id` = `data_murid_table`.`program_belajar_id`
WHERE `data_murid_table`.`id` = :data_murid_table.id:
ORDER BY `id` desc', [...], false)
 5 SYSTEMPATH/Model.php(872): CodeIgniter\Database\BaseBuilder->get()
 6 APPPATH/Models/Admin/MuridModel.php(36): CodeIgniter\Model->__call('get', [])
 7 APPPATH/Controllers/Admin/MuridController.php(255): App\Models\Admin\MuridModel->getMitraMurid('1')
 8 SYSTEMPATH/CodeIgniter.php(941): App\Controllers\Admin\MuridController->view('1')
 9 SYSTEMPATH/CodeIgniter.php(502): CodeIgniter\CodeIgniter->runController(Object(App\Controllers\Admin\MuridController))
10 SYSTEMPATH/CodeIgniter.php(361): CodeIgniter\CodeIgniter->handleRequest(null, Object(Config\Cache), false)
11 FCPATH/index.php(79): CodeIgniter\CodeIgniter->run()
12 SYSTEMPATH/Commands/Server/rewrite.php(47): require_once('/Volumes/mf480 - Data/Alifya/public/index.php')
CRITICAL - 2024-07-16 16:09:23 --> ErrorException: Undefined property: stdClass::$status_murid
in APPPATH/Views/admin/murid_v.php on line 59.
 1 APPPATH/Views/admin/murid_v.php(59): CodeIgniter\Debug\Exceptions->errorHandler(8, 'Undefined property: stdClass::$status_murid', '/Volumes/mf480 - Data/Alifya/app/Views/admin/murid_v.php', 59, [...])
 2 SYSTEMPATH/View/View.php(228): include('/Volumes/mf480 - Data/Alifya/app/Views/admin/murid_v.php')
 3 SYSTEMPATH/View/View.php(231): CodeIgniter\View\View->CodeIgniter\View\{closure}()
 4 SYSTEMPATH/Common.php(1178): CodeIgniter\View\View->render('admin/murid_v', [], true)
 5 APPPATH/Controllers/Admin/MuridController.php(48): view('admin/murid_v', [...])
 6 SYSTEMPATH/CodeIgniter.php(941): App\Controllers\Admin\MuridController->index()
 7 SYSTEMPATH/CodeIgniter.php(502): CodeIgniter\CodeIgniter->runController(Object(App\Controllers\Admin\MuridController))
 8 SYSTEMPATH/CodeIgniter.php(361): CodeIgniter\CodeIgniter->handleRequest(null, Object(Config\Cache), false)
 9 FCPATH/index.php(79): CodeIgniter\CodeIgniter->run()
10 SYSTEMPATH/Commands/Server/rewrite.php(47): require_once('/Volumes/mf480 - Data/Alifya/public/index.php')
