ERROR - 2024-07-18 06:34:24 --> mysqli_sql_exception: Cannot add or update a child row: a foreign key constraint fails (`alifya_private_db`.`kelompok_belajar_table`, CONSTRAINT `kelompok_belajar_table_mitra_pengajar_id_foreign` FOREIGN KEY (`mitra_pengajar_id`) REFERENCES `data_pengajar_table` (`id`) ON DELETE ) in /Volumes/mf480 - Data/Alifya/vendor/codeigniter4/framework/system/Database/MySQLi/Connection.php:306
Stack trace:
#0 /Volumes/mf480 - Data/Alifya/vendor/codeigniter4/framework/system/Database/MySQLi/Connection.php(306): mysqli->query('INSERT INTO `ke...', 0)
#1 /Volumes/mf480 - Data/Alifya/vendor/codeigniter4/framework/system/Database/BaseConnection.php(693): CodeIgniter\Database\MySQLi\Connection->execute('INSERT INTO `ke...')
#2 /Volumes/mf480 - Data/Alifya/vendor/codeigniter4/framework/system/Database/BaseConnection.php(607): CodeIgniter\Database\BaseConnection->simpleQuery('INSERT INTO `ke...')
#3 /Volumes/mf480 - Data/Alifya/vendor/codeigniter4/framework/system/Database/BaseBuilder.php(2307): CodeIgniter\Database\BaseConnection->query('INSERT INTO `ke...', Array, false)
#4 /Volumes/mf480 - Data/Alifya/vendor/codeigniter4/framework/system/Model.php(326): CodeIgniter\Database\BaseBuilder->insert()
#5 /Volumes/mf480 - Data/Alifya/vendor/codeigniter4/framework/system/BaseModel.php(802): CodeIgniter\Model->doInsert(Array)
#6 /Volumes/mf480 - Data/Alifya/vendor/codeigniter4/framework/system/Model.php(744): CodeIgniter\BaseModel->insert(Array, false)
#7 /Volumes/mf480 - Data/Alifya/vendor/codeigniter4/framework/system/BaseModel.php(713): CodeIgniter\Model->insert(Array, false)
#8 /Volumes/mf480 - Data/Alifya/app/Controllers/Admin/KelompokBelajarController.php(75): CodeIgniter\BaseModel->save(Array)
#9 /Volumes/mf480 - Data/Alifya/vendor/codeigniter4/framework/system/CodeIgniter.php(941): App\Controllers\Admin\KelompokBelajarController->insert()
#10 /Volumes/mf480 - Data/Alifya/vendor/codeigniter4/framework/system/CodeIgniter.php(502): CodeIgniter\CodeIgniter->runController(Object(App\Controllers\Admin\KelompokBelajarController))
#11 /Volumes/mf480 - Data/Alifya/vendor/codeigniter4/framework/system/CodeIgniter.php(361): CodeIgniter\CodeIgniter->handleRequest(NULL, Object(Config\Cache), false)
#12 /Volumes/mf480 - Data/Alifya/public/index.php(79): CodeIgniter\CodeIgniter->run()
#13 /Volumes/mf480 - Data/Alifya/vendor/codeigniter4/framework/system/Commands/Server/rewrite.php(47): require_once('/Volumes/mf480 ...')
#14 {main}
CRITICAL - 2024-07-18 06:34:24 --> CodeIgniter\Database\Exceptions\DatabaseException: Cannot add or update a child row: a foreign key constraint fails (`alifya_private_db`.`kelompok_belajar_table`, CONSTRAINT `kelompok_belajar_table_mitra_pengajar_id_foreign` FOREIGN KEY (`mitra_pengajar_id`) REFERENCES `data_pengajar_table` (`id`) ON DELETE )
in SYSTEMPATH/Database/BaseConnection.php on line 647.
 1 SYSTEMPATH/Database/BaseBuilder.php(2307): CodeIgniter\Database\BaseConnection->query('INSERT INTO `kelompok_belajar_table` (`kelompok_id`, `peserta_didik_id`, `created_at`, `updated_at`) VALUES (:kelompok_id:, :peserta_didik_id:, :created_at:, :updated_at:)', [...], false)
 2 SYSTEMPATH/Model.php(326): CodeIgniter\Database\BaseBuilder->insert()
 3 SYSTEMPATH/BaseModel.php(802): CodeIgniter\Model->doInsert([...])
 4 SYSTEMPATH/Model.php(744): CodeIgniter\BaseModel->insert([...], false)
 5 SYSTEMPATH/BaseModel.php(713): CodeIgniter\Model->insert([...], false)
 6 APPPATH/Controllers/Admin/KelompokBelajarController.php(75): CodeIgniter\BaseModel->save([...])
 7 SYSTEMPATH/CodeIgniter.php(941): App\Controllers\Admin\KelompokBelajarController->insert()
 8 SYSTEMPATH/CodeIgniter.php(502): CodeIgniter\CodeIgniter->runController(Object(App\Controllers\Admin\KelompokBelajarController))
 9 SYSTEMPATH/CodeIgniter.php(361): CodeIgniter\CodeIgniter->handleRequest(null, Object(Config\Cache), false)
10 FCPATH/index.php(79): CodeIgniter\CodeIgniter->run()
11 SYSTEMPATH/Commands/Server/rewrite.php(47): require_once('/Volumes/mf480 - Data/Alifya/public/index.php')
CRITICAL - 2024-07-18 06:34:24 --> [Caused by] CodeIgniter\Database\Exceptions\DatabaseException: Cannot add or update a child row: a foreign key constraint fails (`alifya_private_db`.`kelompok_belajar_table`, CONSTRAINT `kelompok_belajar_table_mitra_pengajar_id_foreign` FOREIGN KEY (`mitra_pengajar_id`) REFERENCES `data_pengajar_table` (`id`) ON DELETE )
in SYSTEMPATH/Database/MySQLi/Connection.php on line 311.
 1 SYSTEMPATH/Database/BaseConnection.php(693): CodeIgniter\Database\MySQLi\Connection->execute('INSERT INTO `kelompok_belajar_table` (`kelompok_id`, `peserta_didik_id`, `created_at`, `updated_at`) VALUES (\'5\', \'3\', \'2024-07-18 06:34:24\', \'2024-07-18 06:34:24\')')
 2 SYSTEMPATH/Database/BaseConnection.php(607): CodeIgniter\Database\BaseConnection->simpleQuery('INSERT INTO `kelompok_belajar_table` (`kelompok_id`, `peserta_didik_id`, `created_at`, `updated_at`) VALUES (\'5\', \'3\', \'2024-07-18 06:34:24\', \'2024-07-18 06:34:24\')')
 3 SYSTEMPATH/Database/BaseBuilder.php(2307): CodeIgniter\Database\BaseConnection->query('INSERT INTO `kelompok_belajar_table` (`kelompok_id`, `peserta_didik_id`, `created_at`, `updated_at`) VALUES (:kelompok_id:, :peserta_didik_id:, :created_at:, :updated_at:)', [...], false)
 4 SYSTEMPATH/Model.php(326): CodeIgniter\Database\BaseBuilder->insert()
 5 SYSTEMPATH/BaseModel.php(802): CodeIgniter\Model->doInsert([...])
 6 SYSTEMPATH/Model.php(744): CodeIgniter\BaseModel->insert([...], false)
 7 SYSTEMPATH/BaseModel.php(713): CodeIgniter\Model->insert([...], false)
 8 APPPATH/Controllers/Admin/KelompokBelajarController.php(75): CodeIgniter\BaseModel->save([...])
 9 SYSTEMPATH/CodeIgniter.php(941): App\Controllers\Admin\KelompokBelajarController->insert()
10 SYSTEMPATH/CodeIgniter.php(502): CodeIgniter\CodeIgniter->runController(Object(App\Controllers\Admin\KelompokBelajarController))
11 SYSTEMPATH/CodeIgniter.php(361): CodeIgniter\CodeIgniter->handleRequest(null, Object(Config\Cache), false)
12 FCPATH/index.php(79): CodeIgniter\CodeIgniter->run()
13 SYSTEMPATH/Commands/Server/rewrite.php(47): require_once('/Volumes/mf480 - Data/Alifya/public/index.php')
CRITICAL - 2024-07-18 06:34:24 --> [Caused by] mysqli_sql_exception: Cannot add or update a child row: a foreign key constraint fails (`alifya_private_db`.`kelompok_belajar_table`, CONSTRAINT `kelompok_belajar_table_mitra_pengajar_id_foreign` FOREIGN KEY (`mitra_pengajar_id`) REFERENCES `data_pengajar_table` (`id`) ON DELETE )
in SYSTEMPATH/Database/MySQLi/Connection.php on line 306.
 1 SYSTEMPATH/Database/MySQLi/Connection.php(306): mysqli->query('INSERT INTO `kelompok_belajar_table` (`kelompok_id`, `peserta_didik_id`, `created_at`, `updated_at`) VALUES (\'5\', \'3\', \'2024-07-18 06:34:24\', \'2024-07-18 06:34:24\')', 0)
 2 SYSTEMPATH/Database/BaseConnection.php(693): CodeIgniter\Database\MySQLi\Connection->execute('INSERT INTO `kelompok_belajar_table` (`kelompok_id`, `peserta_didik_id`, `created_at`, `updated_at`) VALUES (\'5\', \'3\', \'2024-07-18 06:34:24\', \'2024-07-18 06:34:24\')')
 3 SYSTEMPATH/Database/BaseConnection.php(607): CodeIgniter\Database\BaseConnection->simpleQuery('INSERT INTO `kelompok_belajar_table` (`kelompok_id`, `peserta_didik_id`, `created_at`, `updated_at`) VALUES (\'5\', \'3\', \'2024-07-18 06:34:24\', \'2024-07-18 06:34:24\')')
 4 SYSTEMPATH/Database/BaseBuilder.php(2307): CodeIgniter\Database\BaseConnection->query('INSERT INTO `kelompok_belajar_table` (`kelompok_id`, `peserta_didik_id`, `created_at`, `updated_at`) VALUES (:kelompok_id:, :peserta_didik_id:, :created_at:, :updated_at:)', [...], false)
 5 SYSTEMPATH/Model.php(326): CodeIgniter\Database\BaseBuilder->insert()
 6 SYSTEMPATH/BaseModel.php(802): CodeIgniter\Model->doInsert([...])
 7 SYSTEMPATH/Model.php(744): CodeIgniter\BaseModel->insert([...], false)
 8 SYSTEMPATH/BaseModel.php(713): CodeIgniter\Model->insert([...], false)
 9 APPPATH/Controllers/Admin/KelompokBelajarController.php(75): CodeIgniter\BaseModel->save([...])
10 SYSTEMPATH/CodeIgniter.php(941): App\Controllers\Admin\KelompokBelajarController->insert()
11 SYSTEMPATH/CodeIgniter.php(502): CodeIgniter\CodeIgniter->runController(Object(App\Controllers\Admin\KelompokBelajarController))
12 SYSTEMPATH/CodeIgniter.php(361): CodeIgniter\CodeIgniter->handleRequest(null, Object(Config\Cache), false)
13 FCPATH/index.php(79): CodeIgniter\CodeIgniter->run()
14 SYSTEMPATH/Commands/Server/rewrite.php(47): require_once('/Volumes/mf480 - Data/Alifya/public/index.php')
ERROR - 2024-07-18 06:38:17 --> mysqli_sql_exception: Table 'alifya_private_db.data_murid_id' doesn't exist in /Volumes/mf480 - Data/Alifya/vendor/codeigniter4/framework/system/Database/MySQLi/Connection.php:306
Stack trace:
#0 /Volumes/mf480 - Data/Alifya/vendor/codeigniter4/framework/system/Database/MySQLi/Connection.php(306): mysqli->query('SELECT `kelompo...', 0)
#1 /Volumes/mf480 - Data/Alifya/vendor/codeigniter4/framework/system/Database/BaseConnection.php(693): CodeIgniter\Database\MySQLi\Connection->execute('SELECT `kelompo...')
#2 /Volumes/mf480 - Data/Alifya/vendor/codeigniter4/framework/system/Database/BaseConnection.php(607): CodeIgniter\Database\BaseConnection->simpleQuery('SELECT `kelompo...')
#3 /Volumes/mf480 - Data/Alifya/vendor/codeigniter4/framework/system/Database/BaseBuilder.php(1616): CodeIgniter\Database\BaseConnection->query('SELECT `kelompo...', Array, false)
#4 /Volumes/mf480 - Data/Alifya/vendor/codeigniter4/framework/system/Model.php(872): CodeIgniter\Database\BaseBuilder->get()
#5 /Volumes/mf480 - Data/Alifya/app/Models/Admin/KelompokBelajarModel.php(27): CodeIgniter\Model->__call('get', Array)
#6 /Volumes/mf480 - Data/Alifya/app/Controllers/Admin/KelompokBelajarController.php(34): App\Models\Admin\KelompokBelajarModel->getKelompokBelajar()
#7 /Volumes/mf480 - Data/Alifya/vendor/codeigniter4/framework/system/CodeIgniter.php(941): App\Controllers\Admin\KelompokBelajarController->index()
#8 /Volumes/mf480 - Data/Alifya/vendor/codeigniter4/framework/system/CodeIgniter.php(502): CodeIgniter\CodeIgniter->runController(Object(App\Controllers\Admin\KelompokBelajarController))
#9 /Volumes/mf480 - Data/Alifya/vendor/codeigniter4/framework/system/CodeIgniter.php(361): CodeIgniter\CodeIgniter->handleRequest(NULL, Object(Config\Cache), false)
#10 /Volumes/mf480 - Data/Alifya/public/index.php(79): CodeIgniter\CodeIgniter->run()
#11 /Volumes/mf480 - Data/Alifya/vendor/codeigniter4/framework/system/Commands/Server/rewrite.php(47): require_once('/Volumes/mf480 ...')
#12 {main}
CRITICAL - 2024-07-18 06:38:17 --> CodeIgniter\Database\Exceptions\DatabaseException: Table 'alifya_private_db.data_murid_id' doesn't exist
in SYSTEMPATH/Database/BaseConnection.php on line 647.
 1 SYSTEMPATH/Database/BaseBuilder.php(1616): CodeIgniter\Database\BaseConnection->query('SELECT `kelompok_belajar_table`.`id`, `kelompok_belajar_table`.`kelompok_id`, `kelompok_table`.`kelompok`
FROM `kelompok_belajar_table`
JOIN `kelompok_table` ON `kelompok_table`.`id` = `kelompok_belajar_table`.`kelompok_id`
JOIN `data_murid_id` ON `data_murid_id`.`id` = `kelompok_belajar_table`.`peserta_didik_id`
ORDER BY `id` desc', [], false)
 2 SYSTEMPATH/Model.php(872): CodeIgniter\Database\BaseBuilder->get()
 3 APPPATH/Models/Admin/KelompokBelajarModel.php(27): CodeIgniter\Model->__call('get', [])
 4 APPPATH/Controllers/Admin/KelompokBelajarController.php(34): App\Models\Admin\KelompokBelajarModel->getKelompokBelajar()
 5 SYSTEMPATH/CodeIgniter.php(941): App\Controllers\Admin\KelompokBelajarController->index()
 6 SYSTEMPATH/CodeIgniter.php(502): CodeIgniter\CodeIgniter->runController(Object(App\Controllers\Admin\KelompokBelajarController))
 7 SYSTEMPATH/CodeIgniter.php(361): CodeIgniter\CodeIgniter->handleRequest(null, Object(Config\Cache), false)
 8 FCPATH/index.php(79): CodeIgniter\CodeIgniter->run()
 9 SYSTEMPATH/Commands/Server/rewrite.php(47): require_once('/Volumes/mf480 - Data/Alifya/public/index.php')
CRITICAL - 2024-07-18 06:38:17 --> [Caused by] CodeIgniter\Database\Exceptions\DatabaseException: Table 'alifya_private_db.data_murid_id' doesn't exist
in SYSTEMPATH/Database/MySQLi/Connection.php on line 311.
 1 SYSTEMPATH/Database/BaseConnection.php(693): CodeIgniter\Database\MySQLi\Connection->execute('SELECT `kelompok_belajar_table`.`id`, `kelompok_belajar_table`.`kelompok_id`, `kelompok_table`.`kelompok`
FROM `kelompok_belajar_table`
JOIN `kelompok_table` ON `kelompok_table`.`id` = `kelompok_belajar_table`.`kelompok_id`
JOIN `data_murid_id` ON `data_murid_id`.`id` = `kelompok_belajar_table`.`peserta_didik_id`
ORDER BY `id` desc')
 2 SYSTEMPATH/Database/BaseConnection.php(607): CodeIgniter\Database\BaseConnection->simpleQuery('SELECT `kelompok_belajar_table`.`id`, `kelompok_belajar_table`.`kelompok_id`, `kelompok_table`.`kelompok`
FROM `kelompok_belajar_table`
JOIN `kelompok_table` ON `kelompok_table`.`id` = `kelompok_belajar_table`.`kelompok_id`
JOIN `data_murid_id` ON `data_murid_id`.`id` = `kelompok_belajar_table`.`peserta_didik_id`
ORDER BY `id` desc')
 3 SYSTEMPATH/Database/BaseBuilder.php(1616): CodeIgniter\Database\BaseConnection->query('SELECT `kelompok_belajar_table`.`id`, `kelompok_belajar_table`.`kelompok_id`, `kelompok_table`.`kelompok`
FROM `kelompok_belajar_table`
JOIN `kelompok_table` ON `kelompok_table`.`id` = `kelompok_belajar_table`.`kelompok_id`
JOIN `data_murid_id` ON `data_murid_id`.`id` = `kelompok_belajar_table`.`peserta_didik_id`
ORDER BY `id` desc', [], false)
 4 SYSTEMPATH/Model.php(872): CodeIgniter\Database\BaseBuilder->get()
 5 APPPATH/Models/Admin/KelompokBelajarModel.php(27): CodeIgniter\Model->__call('get', [])
 6 APPPATH/Controllers/Admin/KelompokBelajarController.php(34): App\Models\Admin\KelompokBelajarModel->getKelompokBelajar()
 7 SYSTEMPATH/CodeIgniter.php(941): App\Controllers\Admin\KelompokBelajarController->index()
 8 SYSTEMPATH/CodeIgniter.php(502): CodeIgniter\CodeIgniter->runController(Object(App\Controllers\Admin\KelompokBelajarController))
 9 SYSTEMPATH/CodeIgniter.php(361): CodeIgniter\CodeIgniter->handleRequest(null, Object(Config\Cache), false)
10 FCPATH/index.php(79): CodeIgniter\CodeIgniter->run()
11 SYSTEMPATH/Commands/Server/rewrite.php(47): require_once('/Volumes/mf480 - Data/Alifya/public/index.php')
CRITICAL - 2024-07-18 06:38:17 --> [Caused by] mysqli_sql_exception: Table 'alifya_private_db.data_murid_id' doesn't exist
in SYSTEMPATH/Database/MySQLi/Connection.php on line 306.
 1 SYSTEMPATH/Database/MySQLi/Connection.php(306): mysqli->query('SELECT `kelompok_belajar_table`.`id`, `kelompok_belajar_table`.`kelompok_id`, `kelompok_table`.`kelompok`
FROM `kelompok_belajar_table`
JOIN `kelompok_table` ON `kelompok_table`.`id` = `kelompok_belajar_table`.`kelompok_id`
JOIN `data_murid_id` ON `data_murid_id`.`id` = `kelompok_belajar_table`.`peserta_didik_id`
ORDER BY `id` desc', 0)
 2 SYSTEMPATH/Database/BaseConnection.php(693): CodeIgniter\Database\MySQLi\Connection->execute('SELECT `kelompok_belajar_table`.`id`, `kelompok_belajar_table`.`kelompok_id`, `kelompok_table`.`kelompok`
FROM `kelompok_belajar_table`
JOIN `kelompok_table` ON `kelompok_table`.`id` = `kelompok_belajar_table`.`kelompok_id`
JOIN `data_murid_id` ON `data_murid_id`.`id` = `kelompok_belajar_table`.`peserta_didik_id`
ORDER BY `id` desc')
 3 SYSTEMPATH/Database/BaseConnection.php(607): CodeIgniter\Database\BaseConnection->simpleQuery('SELECT `kelompok_belajar_table`.`id`, `kelompok_belajar_table`.`kelompok_id`, `kelompok_table`.`kelompok`
FROM `kelompok_belajar_table`
JOIN `kelompok_table` ON `kelompok_table`.`id` = `kelompok_belajar_table`.`kelompok_id`
JOIN `data_murid_id` ON `data_murid_id`.`id` = `kelompok_belajar_table`.`peserta_didik_id`
ORDER BY `id` desc')
 4 SYSTEMPATH/Database/BaseBuilder.php(1616): CodeIgniter\Database\BaseConnection->query('SELECT `kelompok_belajar_table`.`id`, `kelompok_belajar_table`.`kelompok_id`, `kelompok_table`.`kelompok`
FROM `kelompok_belajar_table`
JOIN `kelompok_table` ON `kelompok_table`.`id` = `kelompok_belajar_table`.`kelompok_id`
JOIN `data_murid_id` ON `data_murid_id`.`id` = `kelompok_belajar_table`.`peserta_didik_id`
ORDER BY `id` desc', [], false)
 5 SYSTEMPATH/Model.php(872): CodeIgniter\Database\BaseBuilder->get()
 6 APPPATH/Models/Admin/KelompokBelajarModel.php(27): CodeIgniter\Model->__call('get', [])
 7 APPPATH/Controllers/Admin/KelompokBelajarController.php(34): App\Models\Admin\KelompokBelajarModel->getKelompokBelajar()
 8 SYSTEMPATH/CodeIgniter.php(941): App\Controllers\Admin\KelompokBelajarController->index()
 9 SYSTEMPATH/CodeIgniter.php(502): CodeIgniter\CodeIgniter->runController(Object(App\Controllers\Admin\KelompokBelajarController))
10 SYSTEMPATH/CodeIgniter.php(361): CodeIgniter\CodeIgniter->handleRequest(null, Object(Config\Cache), false)
11 FCPATH/index.php(79): CodeIgniter\CodeIgniter->run()
12 SYSTEMPATH/Commands/Server/rewrite.php(47): require_once('/Volumes/mf480 - Data/Alifya/public/index.php')
CRITICAL - 2024-07-18 06:39:36 --> ErrorException: Undefined property: stdClass::$nama_lengkap_anak
in APPPATH/Views/admin/kelompok_belajar_v.php on line 53.
 1 APPPATH/Views/admin/kelompok_belajar_v.php(53): CodeIgniter\Debug\Exceptions->errorHandler(8, 'Undefined property: stdClass::$nama_lengkap_anak', '/Volumes/mf480 - Data/Alifya/app/Views/admin/kelompok_belajar_v.php', 53, [...])
 2 SYSTEMPATH/View/View.php(228): include('/Volumes/mf480 - Data/Alifya/app/Views/admin/kelompok_belajar_v.php')
 3 SYSTEMPATH/View/View.php(231): CodeIgniter\View\View->CodeIgniter\View\{closure}()
 4 SYSTEMPATH/Common.php(1178): CodeIgniter\View\View->render('admin/kelompok_belajar_v', [], true)
 5 APPPATH/Controllers/Admin/KelompokBelajarController.php(40): view('admin/kelompok_belajar_v', [...])
 6 SYSTEMPATH/CodeIgniter.php(941): App\Controllers\Admin\KelompokBelajarController->index()
 7 SYSTEMPATH/CodeIgniter.php(502): CodeIgniter\CodeIgniter->runController(Object(App\Controllers\Admin\KelompokBelajarController))
 8 SYSTEMPATH/CodeIgniter.php(361): CodeIgniter\CodeIgniter->handleRequest(null, Object(Config\Cache), false)
 9 FCPATH/index.php(79): CodeIgniter\CodeIgniter->run()
10 SYSTEMPATH/Commands/Server/rewrite.php(47): require_once('/Volumes/mf480 - Data/Alifya/public/index.php')
CRITICAL - 2024-07-18 15:19:49 --> ErrorException: Undefined variable: pengajar
in APPPATH/Views/admin/kelompok_v.php on line 100.
 1 APPPATH/Views/admin/kelompok_v.php(100): CodeIgniter\Debug\Exceptions->errorHandler(8, 'Undefined variable: pengajar', '/Volumes/mf480 - Data/Alifya/app/Views/admin/kelompok_v.php', 100, [...])
 2 SYSTEMPATH/View/View.php(228): include('/Volumes/mf480 - Data/Alifya/app/Views/admin/kelompok_v.php')
 3 SYSTEMPATH/View/View.php(231): CodeIgniter\View\View->CodeIgniter\View\{closure}()
 4 SYSTEMPATH/Common.php(1178): CodeIgniter\View\View->render('admin/kelompok_v', [], true)
 5 APPPATH/Controllers/Admin/KelompokController.php(46): view('admin/kelompok_v', [...])
 6 SYSTEMPATH/CodeIgniter.php(941): App\Controllers\Admin\KelompokController->views('5')
 7 SYSTEMPATH/CodeIgniter.php(502): CodeIgniter\CodeIgniter->runController(Object(App\Controllers\Admin\KelompokController))
 8 SYSTEMPATH/CodeIgniter.php(361): CodeIgniter\CodeIgniter->handleRequest(null, Object(Config\Cache), false)
 9 FCPATH/index.php(79): CodeIgniter\CodeIgniter->run()
10 SYSTEMPATH/Commands/Server/rewrite.php(47): require_once('/Volumes/mf480 - Data/Alifya/public/index.php')
CRITICAL - 2024-07-18 15:20:21 --> BadMethodCallException: Call to undefined method App\Models\Admin\KelompokModel::getUserWithKelompok
in SYSTEMPATH/Model.php on line 874.
 1 APPPATH/Controllers/Admin/KelompokController.php(42): CodeIgniter\Model->__call('getUserWithKelompok', [...])
 2 SYSTEMPATH/CodeIgniter.php(941): App\Controllers\Admin\KelompokController->views('5')
 3 SYSTEMPATH/CodeIgniter.php(502): CodeIgniter\CodeIgniter->runController(Object(App\Controllers\Admin\KelompokController))
 4 SYSTEMPATH/CodeIgniter.php(361): CodeIgniter\CodeIgniter->handleRequest(null, Object(Config\Cache), false)
 5 FCPATH/index.php(79): CodeIgniter\CodeIgniter->run()
 6 SYSTEMPATH/Commands/Server/rewrite.php(47): require_once('/Volumes/mf480 - Data/Alifya/public/index.php')
CRITICAL - 2024-07-18 15:20:38 --> BadMethodCallException: Call to undefined method App\Models\Admin\KelompokModel::getUserWithKelompok
in SYSTEMPATH/Model.php on line 874.
 1 APPPATH/Controllers/Admin/KelompokController.php(42): CodeIgniter\Model->__call('getUserWithKelompok', [...])
 2 SYSTEMPATH/CodeIgniter.php(941): App\Controllers\Admin\KelompokController->views('5')
 3 SYSTEMPATH/CodeIgniter.php(502): CodeIgniter\CodeIgniter->runController(Object(App\Controllers\Admin\KelompokController))
 4 SYSTEMPATH/CodeIgniter.php(361): CodeIgniter\CodeIgniter->handleRequest(null, Object(Config\Cache), false)
 5 FCPATH/index.php(79): CodeIgniter\CodeIgniter->run()
 6 SYSTEMPATH/Commands/Server/rewrite.php(47): require_once('/Volumes/mf480 - Data/Alifya/public/index.php')
ERROR - 2024-07-18 15:28:01 --> mysqli_sql_exception: Unknown column 'kelompok.mitra_pengajar_id' in 'on clause' in /Volumes/mf480 - Data/Alifya/vendor/codeigniter4/framework/system/Database/MySQLi/Connection.php:306
Stack trace:
#0 /Volumes/mf480 - Data/Alifya/vendor/codeigniter4/framework/system/Database/MySQLi/Connection.php(306): mysqli->query('SELECT `kelompo...', 0)
#1 /Volumes/mf480 - Data/Alifya/vendor/codeigniter4/framework/system/Database/BaseConnection.php(693): CodeIgniter\Database\MySQLi\Connection->execute('SELECT `kelompo...')
#2 /Volumes/mf480 - Data/Alifya/vendor/codeigniter4/framework/system/Database/BaseConnection.php(607): CodeIgniter\Database\BaseConnection->simpleQuery('SELECT `kelompo...')
#3 /Volumes/mf480 - Data/Alifya/vendor/codeigniter4/framework/system/Database/BaseBuilder.php(1616): CodeIgniter\Database\BaseConnection->query('SELECT `kelompo...', Array, false)
#4 /Volumes/mf480 - Data/Alifya/vendor/codeigniter4/framework/system/Model.php(872): CodeIgniter\Database\BaseBuilder->get()
#5 /Volumes/mf480 - Data/Alifya/app/Models/Admin/KelompokBelajarModel.php(38): CodeIgniter\Model->__call('get', Array)
#6 /Volumes/mf480 - Data/Alifya/app/Controllers/Admin/KelompokController.php(44): App\Models\Admin\KelompokBelajarModel->getUserWithKelompok('5')
#7 /Volumes/mf480 - Data/Alifya/vendor/codeigniter4/framework/system/CodeIgniter.php(941): App\Controllers\Admin\KelompokController->views('5')
#8 /Volumes/mf480 - Data/Alifya/vendor/codeigniter4/framework/system/CodeIgniter.php(502): CodeIgniter\CodeIgniter->runController(Object(App\Controllers\Admin\KelompokController))
#9 /Volumes/mf480 - Data/Alifya/vendor/codeigniter4/framework/system/CodeIgniter.php(361): CodeIgniter\CodeIgniter->handleRequest(NULL, Object(Config\Cache), false)
#10 /Volumes/mf480 - Data/Alifya/public/index.php(79): CodeIgniter\CodeIgniter->run()
#11 /Volumes/mf480 - Data/Alifya/vendor/codeigniter4/framework/system/Commands/Server/rewrite.php(47): require_once('/Volumes/mf480 ...')
#12 {main}
CRITICAL - 2024-07-18 15:28:01 --> CodeIgniter\Database\Exceptions\DatabaseException: Unknown column 'kelompok.mitra_pengajar_id' in 'on clause'
in SYSTEMPATH/Database/BaseConnection.php on line 647.
 1 SYSTEMPATH/Database/BaseBuilder.php(1616): CodeIgniter\Database\BaseConnection->query('SELECT `kelompok_belajar_table`.`id`, `kelompok_belajar_table`.`kelompok_id`, `kelompok_table`.`kelompok`, `data_murid_table`.`nama_lengkap_anak`
FROM `kelompok_belajar_table`
JOIN `kelompok_table` ON `kelompok_table`.`id` = `kelompok_belajar_table`.`kelompok_id`
JOIN `data_pengajar_table` ON `data_pengajar_table`.`id` = `kelompok`.`mitra_pengajar_id`
JOIN `data_murid_table` ON `data_murid_table`.`id` = `kelompok_belajar_table`.`peserta_didik_id`
ORDER BY `kelompok_table`.`id` desc', [], false)
 2 SYSTEMPATH/Model.php(872): CodeIgniter\Database\BaseBuilder->get()
 3 APPPATH/Models/Admin/KelompokBelajarModel.php(38): CodeIgniter\Model->__call('get', [])
 4 APPPATH/Controllers/Admin/KelompokController.php(44): App\Models\Admin\KelompokBelajarModel->getUserWithKelompok('5')
 5 SYSTEMPATH/CodeIgniter.php(941): App\Controllers\Admin\KelompokController->views('5')
 6 SYSTEMPATH/CodeIgniter.php(502): CodeIgniter\CodeIgniter->runController(Object(App\Controllers\Admin\KelompokController))
 7 SYSTEMPATH/CodeIgniter.php(361): CodeIgniter\CodeIgniter->handleRequest(null, Object(Config\Cache), false)
 8 FCPATH/index.php(79): CodeIgniter\CodeIgniter->run()
 9 SYSTEMPATH/Commands/Server/rewrite.php(47): require_once('/Volumes/mf480 - Data/Alifya/public/index.php')
CRITICAL - 2024-07-18 15:28:01 --> [Caused by] CodeIgniter\Database\Exceptions\DatabaseException: Unknown column 'kelompok.mitra_pengajar_id' in 'on clause'
in SYSTEMPATH/Database/MySQLi/Connection.php on line 311.
 1 SYSTEMPATH/Database/BaseConnection.php(693): CodeIgniter\Database\MySQLi\Connection->execute('SELECT `kelompok_belajar_table`.`id`, `kelompok_belajar_table`.`kelompok_id`, `kelompok_table`.`kelompok`, `data_murid_table`.`nama_lengkap_anak`
FROM `kelompok_belajar_table`
JOIN `kelompok_table` ON `kelompok_table`.`id` = `kelompok_belajar_table`.`kelompok_id`
JOIN `data_pengajar_table` ON `data_pengajar_table`.`id` = `kelompok`.`mitra_pengajar_id`
JOIN `data_murid_table` ON `data_murid_table`.`id` = `kelompok_belajar_table`.`peserta_didik_id`
ORDER BY `kelompok_table`.`id` desc')
 2 SYSTEMPATH/Database/BaseConnection.php(607): CodeIgniter\Database\BaseConnection->simpleQuery('SELECT `kelompok_belajar_table`.`id`, `kelompok_belajar_table`.`kelompok_id`, `kelompok_table`.`kelompok`, `data_murid_table`.`nama_lengkap_anak`
FROM `kelompok_belajar_table`
JOIN `kelompok_table` ON `kelompok_table`.`id` = `kelompok_belajar_table`.`kelompok_id`
JOIN `data_pengajar_table` ON `data_pengajar_table`.`id` = `kelompok`.`mitra_pengajar_id`
JOIN `data_murid_table` ON `data_murid_table`.`id` = `kelompok_belajar_table`.`peserta_didik_id`
ORDER BY `kelompok_table`.`id` desc')
 3 SYSTEMPATH/Database/BaseBuilder.php(1616): CodeIgniter\Database\BaseConnection->query('SELECT `kelompok_belajar_table`.`id`, `kelompok_belajar_table`.`kelompok_id`, `kelompok_table`.`kelompok`, `data_murid_table`.`nama_lengkap_anak`
FROM `kelompok_belajar_table`
JOIN `kelompok_table` ON `kelompok_table`.`id` = `kelompok_belajar_table`.`kelompok_id`
JOIN `data_pengajar_table` ON `data_pengajar_table`.`id` = `kelompok`.`mitra_pengajar_id`
JOIN `data_murid_table` ON `data_murid_table`.`id` = `kelompok_belajar_table`.`peserta_didik_id`
ORDER BY `kelompok_table`.`id` desc', [], false)
 4 SYSTEMPATH/Model.php(872): CodeIgniter\Database\BaseBuilder->get()
 5 APPPATH/Models/Admin/KelompokBelajarModel.php(38): CodeIgniter\Model->__call('get', [])
 6 APPPATH/Controllers/Admin/KelompokController.php(44): App\Models\Admin\KelompokBelajarModel->getUserWithKelompok('5')
 7 SYSTEMPATH/CodeIgniter.php(941): App\Controllers\Admin\KelompokController->views('5')
 8 SYSTEMPATH/CodeIgniter.php(502): CodeIgniter\CodeIgniter->runController(Object(App\Controllers\Admin\KelompokController))
 9 SYSTEMPATH/CodeIgniter.php(361): CodeIgniter\CodeIgniter->handleRequest(null, Object(Config\Cache), false)
10 FCPATH/index.php(79): CodeIgniter\CodeIgniter->run()
11 SYSTEMPATH/Commands/Server/rewrite.php(47): require_once('/Volumes/mf480 - Data/Alifya/public/index.php')
CRITICAL - 2024-07-18 15:28:01 --> [Caused by] mysqli_sql_exception: Unknown column 'kelompok.mitra_pengajar_id' in 'on clause'
in SYSTEMPATH/Database/MySQLi/Connection.php on line 306.
 1 SYSTEMPATH/Database/MySQLi/Connection.php(306): mysqli->query('SELECT `kelompok_belajar_table`.`id`, `kelompok_belajar_table`.`kelompok_id`, `kelompok_table`.`kelompok`, `data_murid_table`.`nama_lengkap_anak`
FROM `kelompok_belajar_table`
JOIN `kelompok_table` ON `kelompok_table`.`id` = `kelompok_belajar_table`.`kelompok_id`
JOIN `data_pengajar_table` ON `data_pengajar_table`.`id` = `kelompok`.`mitra_pengajar_id`
JOIN `data_murid_table` ON `data_murid_table`.`id` = `kelompok_belajar_table`.`peserta_didik_id`
ORDER BY `kelompok_table`.`id` desc', 0)
 2 SYSTEMPATH/Database/BaseConnection.php(693): CodeIgniter\Database\MySQLi\Connection->execute('SELECT `kelompok_belajar_table`.`id`, `kelompok_belajar_table`.`kelompok_id`, `kelompok_table`.`kelompok`, `data_murid_table`.`nama_lengkap_anak`
FROM `kelompok_belajar_table`
JOIN `kelompok_table` ON `kelompok_table`.`id` = `kelompok_belajar_table`.`kelompok_id`
JOIN `data_pengajar_table` ON `data_pengajar_table`.`id` = `kelompok`.`mitra_pengajar_id`
JOIN `data_murid_table` ON `data_murid_table`.`id` = `kelompok_belajar_table`.`peserta_didik_id`
ORDER BY `kelompok_table`.`id` desc')
 3 SYSTEMPATH/Database/BaseConnection.php(607): CodeIgniter\Database\BaseConnection->simpleQuery('SELECT `kelompok_belajar_table`.`id`, `kelompok_belajar_table`.`kelompok_id`, `kelompok_table`.`kelompok`, `data_murid_table`.`nama_lengkap_anak`
FROM `kelompok_belajar_table`
JOIN `kelompok_table` ON `kelompok_table`.`id` = `kelompok_belajar_table`.`kelompok_id`
JOIN `data_pengajar_table` ON `data_pengajar_table`.`id` = `kelompok`.`mitra_pengajar_id`
JOIN `data_murid_table` ON `data_murid_table`.`id` = `kelompok_belajar_table`.`peserta_didik_id`
ORDER BY `kelompok_table`.`id` desc')
 4 SYSTEMPATH/Database/BaseBuilder.php(1616): CodeIgniter\Database\BaseConnection->query('SELECT `kelompok_belajar_table`.`id`, `kelompok_belajar_table`.`kelompok_id`, `kelompok_table`.`kelompok`, `data_murid_table`.`nama_lengkap_anak`
FROM `kelompok_belajar_table`
JOIN `kelompok_table` ON `kelompok_table`.`id` = `kelompok_belajar_table`.`kelompok_id`
JOIN `data_pengajar_table` ON `data_pengajar_table`.`id` = `kelompok`.`mitra_pengajar_id`
JOIN `data_murid_table` ON `data_murid_table`.`id` = `kelompok_belajar_table`.`peserta_didik_id`
ORDER BY `kelompok_table`.`id` desc', [], false)
 5 SYSTEMPATH/Model.php(872): CodeIgniter\Database\BaseBuilder->get()
 6 APPPATH/Models/Admin/KelompokBelajarModel.php(38): CodeIgniter\Model->__call('get', [])
 7 APPPATH/Controllers/Admin/KelompokController.php(44): App\Models\Admin\KelompokBelajarModel->getUserWithKelompok('5')
 8 SYSTEMPATH/CodeIgniter.php(941): App\Controllers\Admin\KelompokController->views('5')
 9 SYSTEMPATH/CodeIgniter.php(502): CodeIgniter\CodeIgniter->runController(Object(App\Controllers\Admin\KelompokController))
10 SYSTEMPATH/CodeIgniter.php(361): CodeIgniter\CodeIgniter->handleRequest(null, Object(Config\Cache), false)
11 FCPATH/index.php(79): CodeIgniter\CodeIgniter->run()
12 SYSTEMPATH/Commands/Server/rewrite.php(47): require_once('/Volumes/mf480 - Data/Alifya/public/index.php')
CRITICAL - 2024-07-18 15:31:47 --> CodeIgniter\View\Exceptions\ViewException: Invalid file: "admin/detail_kelompok_v.php"
in SYSTEMPATH/Exceptions/FrameworkException.php on line 39.
 1 SYSTEMPATH/View/View.php(216): CodeIgniter\Exceptions\FrameworkException::forInvalidFile('admin/detail_kelompok_v.php')
 2 SYSTEMPATH/Common.php(1178): CodeIgniter\View\View->render('admin/detail_kelompok_v', [], true)
 3 APPPATH/Controllers/Admin/KelompokController.php(50): view('admin/detail_kelompok_v', [...])
 4 SYSTEMPATH/CodeIgniter.php(941): App\Controllers\Admin\KelompokController->views('5')
 5 SYSTEMPATH/CodeIgniter.php(502): CodeIgniter\CodeIgniter->runController(Object(App\Controllers\Admin\KelompokController))
 6 SYSTEMPATH/CodeIgniter.php(361): CodeIgniter\CodeIgniter->handleRequest(null, Object(Config\Cache), false)
 7 FCPATH/index.php(79): CodeIgniter\CodeIgniter->run()
 8 SYSTEMPATH/Commands/Server/rewrite.php(47): require_once('/Volumes/mf480 - Data/Alifya/public/index.php')
CRITICAL - 2024-07-18 15:33:54 --> ErrorException: Trying to get property 'foto' of non-object
in APPPATH/Views/admin/detail_kelompok_v.php on line 22.
 1 APPPATH/Views/admin/detail_kelompok_v.php(22): CodeIgniter\Debug\Exceptions->errorHandler(8, 'Trying to get property \'foto\' of non-object', '/Volumes/mf480 - Data/Alifya/app/Views/admin/detail_kelompok_v.php', 22, [...])
 2 SYSTEMPATH/View/View.php(228): include('/Volumes/mf480 - Data/Alifya/app/Views/admin/detail_kelompok_v.php')
 3 SYSTEMPATH/View/View.php(231): CodeIgniter\View\View->CodeIgniter\View\{closure}()
 4 SYSTEMPATH/Common.php(1178): CodeIgniter\View\View->render('admin/detail_kelompok_v', [], true)
 5 APPPATH/Controllers/Admin/KelompokController.php(50): view('admin/detail_kelompok_v', [...])
 6 SYSTEMPATH/CodeIgniter.php(941): App\Controllers\Admin\KelompokController->views('5')
 7 SYSTEMPATH/CodeIgniter.php(502): CodeIgniter\CodeIgniter->runController(Object(App\Controllers\Admin\KelompokController))
 8 SYSTEMPATH/CodeIgniter.php(361): CodeIgniter\CodeIgniter->handleRequest(null, Object(Config\Cache), false)
 9 FCPATH/index.php(79): CodeIgniter\CodeIgniter->run()
10 SYSTEMPATH/Commands/Server/rewrite.php(47): require_once('/Volumes/mf480 - Data/Alifya/public/index.php')
CRITICAL - 2024-07-18 15:35:16 --> ErrorException: Undefined variable: profil
in APPPATH/Views/admin/detail_kelompok_v.php on line 46.
 1 APPPATH/Views/admin/detail_kelompok_v.php(46): CodeIgniter\Debug\Exceptions->errorHandler(8, 'Undefined variable: profil', '/Volumes/mf480 - Data/Alifya/app/Views/admin/detail_kelompok_v.php', 46, [...])
 2 SYSTEMPATH/View/View.php(228): include('/Volumes/mf480 - Data/Alifya/app/Views/admin/detail_kelompok_v.php')
 3 SYSTEMPATH/View/View.php(231): CodeIgniter\View\View->CodeIgniter\View\{closure}()
 4 SYSTEMPATH/Common.php(1178): CodeIgniter\View\View->render('admin/detail_kelompok_v', [], true)
 5 APPPATH/Controllers/Admin/KelompokController.php(50): view('admin/detail_kelompok_v', [...])
 6 SYSTEMPATH/CodeIgniter.php(941): App\Controllers\Admin\KelompokController->views('5')
 7 SYSTEMPATH/CodeIgniter.php(502): CodeIgniter\CodeIgniter->runController(Object(App\Controllers\Admin\KelompokController))
 8 SYSTEMPATH/CodeIgniter.php(361): CodeIgniter\CodeIgniter->handleRequest(null, Object(Config\Cache), false)
 9 FCPATH/index.php(79): CodeIgniter\CodeIgniter->run()
10 SYSTEMPATH/Commands/Server/rewrite.php(47): require_once('/Volumes/mf480 - Data/Alifya/public/index.php')
CRITICAL - 2024-07-18 15:37:13 --> ErrorException: Undefined variable: profil
in APPPATH/Views/admin/detail_kelompok_v.php on line 47.
 1 APPPATH/Views/admin/detail_kelompok_v.php(47): CodeIgniter\Debug\Exceptions->errorHandler(8, 'Undefined variable: profil', '/Volumes/mf480 - Data/Alifya/app/Views/admin/detail_kelompok_v.php', 47, [...])
 2 SYSTEMPATH/View/View.php(228): include('/Volumes/mf480 - Data/Alifya/app/Views/admin/detail_kelompok_v.php')
 3 SYSTEMPATH/View/View.php(231): CodeIgniter\View\View->CodeIgniter\View\{closure}()
 4 SYSTEMPATH/Common.php(1178): CodeIgniter\View\View->render('admin/detail_kelompok_v', [], true)
 5 APPPATH/Controllers/Admin/KelompokController.php(50): view('admin/detail_kelompok_v', [...])
 6 SYSTEMPATH/CodeIgniter.php(941): App\Controllers\Admin\KelompokController->views('5')
 7 SYSTEMPATH/CodeIgniter.php(502): CodeIgniter\CodeIgniter->runController(Object(App\Controllers\Admin\KelompokController))
 8 SYSTEMPATH/CodeIgniter.php(361): CodeIgniter\CodeIgniter->handleRequest(null, Object(Config\Cache), false)
 9 FCPATH/index.php(79): CodeIgniter\CodeIgniter->run()
10 SYSTEMPATH/Commands/Server/rewrite.php(47): require_once('/Volumes/mf480 - Data/Alifya/public/index.php')
CRITICAL - 2024-07-18 15:48:11 --> ErrorException: Undefined property: stdClass::$foto
in APPPATH/Views/admin/detail_kelompok_v.php on line 20.
 1 APPPATH/Views/admin/detail_kelompok_v.php(20): CodeIgniter\Debug\Exceptions->errorHandler(8, 'Undefined property: stdClass::$foto', '/Volumes/mf480 - Data/Alifya/app/Views/admin/detail_kelompok_v.php', 20, [...])
 2 SYSTEMPATH/View/View.php(228): include('/Volumes/mf480 - Data/Alifya/app/Views/admin/detail_kelompok_v.php')
 3 SYSTEMPATH/View/View.php(231): CodeIgniter\View\View->CodeIgniter\View\{closure}()
 4 SYSTEMPATH/Common.php(1178): CodeIgniter\View\View->render('admin/detail_kelompok_v', [], true)
 5 APPPATH/Controllers/Admin/KelompokController.php(52): view('admin/detail_kelompok_v', [...])
 6 SYSTEMPATH/CodeIgniter.php(941): App\Controllers\Admin\KelompokController->views('5')
 7 SYSTEMPATH/CodeIgniter.php(502): CodeIgniter\CodeIgniter->runController(Object(App\Controllers\Admin\KelompokController))
 8 SYSTEMPATH/CodeIgniter.php(361): CodeIgniter\CodeIgniter->handleRequest(null, Object(Config\Cache), false)
 9 FCPATH/index.php(79): CodeIgniter\CodeIgniter->run()
10 SYSTEMPATH/Commands/Server/rewrite.php(47): require_once('/Volumes/mf480 - Data/Alifya/public/index.php')
CRITICAL - 2024-07-18 15:48:45 --> ErrorException: Undefined variable: no
in APPPATH/Views/admin/detail_kelompok_v.php on line 48.
 1 APPPATH/Views/admin/detail_kelompok_v.php(48): CodeIgniter\Debug\Exceptions->errorHandler(8, 'Undefined variable: no', '/Volumes/mf480 - Data/Alifya/app/Views/admin/detail_kelompok_v.php', 48, [...])
 2 SYSTEMPATH/View/View.php(228): include('/Volumes/mf480 - Data/Alifya/app/Views/admin/detail_kelompok_v.php')
 3 SYSTEMPATH/View/View.php(231): CodeIgniter\View\View->CodeIgniter\View\{closure}()
 4 SYSTEMPATH/Common.php(1178): CodeIgniter\View\View->render('admin/detail_kelompok_v', [], true)
 5 APPPATH/Controllers/Admin/KelompokController.php(52): view('admin/detail_kelompok_v', [...])
 6 SYSTEMPATH/CodeIgniter.php(941): App\Controllers\Admin\KelompokController->views('5')
 7 SYSTEMPATH/CodeIgniter.php(502): CodeIgniter\CodeIgniter->runController(Object(App\Controllers\Admin\KelompokController))
 8 SYSTEMPATH/CodeIgniter.php(361): CodeIgniter\CodeIgniter->handleRequest(null, Object(Config\Cache), false)
 9 FCPATH/index.php(79): CodeIgniter\CodeIgniter->run()
10 SYSTEMPATH/Commands/Server/rewrite.php(47): require_once('/Volumes/mf480 - Data/Alifya/public/index.php')
ERROR - 2024-07-18 15:51:27 --> mysqli_sql_exception: Unknown column 'kelompok_table.kelompok' in 'field list' in /Volumes/mf480 - Data/Alifya/vendor/codeigniter4/framework/system/Database/MySQLi/Connection.php:306
Stack trace:
#0 /Volumes/mf480 - Data/Alifya/vendor/codeigniter4/framework/system/Database/MySQLi/Connection.php(306): mysqli->query('SELECT `kelompo...', 0)
#1 /Volumes/mf480 - Data/Alifya/vendor/codeigniter4/framework/system/Database/BaseConnection.php(693): CodeIgniter\Database\MySQLi\Connection->execute('SELECT `kelompo...')
#2 /Volumes/mf480 - Data/Alifya/vendor/codeigniter4/framework/system/Database/BaseConnection.php(607): CodeIgniter\Database\BaseConnection->simpleQuery('SELECT `kelompo...')
#3 /Volumes/mf480 - Data/Alifya/vendor/codeigniter4/framework/system/Database/BaseBuilder.php(1616): CodeIgniter\Database\BaseConnection->query('SELECT `kelompo...', Array, false)
#4 /Volumes/mf480 - Data/Alifya/vendor/codeigniter4/framework/system/Model.php(872): CodeIgniter\Database\BaseBuilder->get()
#5 /Volumes/mf480 - Data/Alifya/app/Models/Admin/KelompokBelajarModel.php(37): CodeIgniter\Model->__call('get', Array)
#6 /Volumes/mf480 - Data/Alifya/app/Controllers/Admin/KelompokController.php(43): App\Models\Admin\KelompokBelajarModel->getUserWithKelompok('5')
#7 /Volumes/mf480 - Data/Alifya/vendor/codeigniter4/framework/system/CodeIgniter.php(941): App\Controllers\Admin\KelompokController->views('5')
#8 /Volumes/mf480 - Data/Alifya/vendor/codeigniter4/framework/system/CodeIgniter.php(502): CodeIgniter\CodeIgniter->runController(Object(App\Controllers\Admin\KelompokController))
#9 /Volumes/mf480 - Data/Alifya/vendor/codeigniter4/framework/system/CodeIgniter.php(361): CodeIgniter\CodeIgniter->handleRequest(NULL, Object(Config\Cache), false)
#10 /Volumes/mf480 - Data/Alifya/public/index.php(79): CodeIgniter\CodeIgniter->run()
#11 /Volumes/mf480 - Data/Alifya/vendor/codeigniter4/framework/system/Commands/Server/rewrite.php(47): require_once('/Volumes/mf480 ...')
#12 {main}
CRITICAL - 2024-07-18 15:51:27 --> CodeIgniter\Database\Exceptions\DatabaseException: Unknown column 'kelompok_table.kelompok' in 'field list'
in SYSTEMPATH/Database/BaseConnection.php on line 647.
 1 SYSTEMPATH/Database/BaseBuilder.php(1616): CodeIgniter\Database\BaseConnection->query('SELECT `kelompok_belajar_table`.`id`, `kelompok_belajar_table`.`kelompok_id`, `kelompok_table`.`kelompok`, `data_murid_table`.`nama_lengkap_anak`, `data_pengajar_table`.`nama_lengkap`, `data_pengajar_table`.`foto`
FROM `kelompok_belajar_table`
JOIN `data_murid_table` ON `data_murid_table`.`id` = `kelompok_belajar_table`.`peserta_didik_id`
WHERE `kelompok_table`.`id` = :kelompok_table.id:
ORDER BY `kelompok_table`.`id` desc', [...], false)
 2 SYSTEMPATH/Model.php(872): CodeIgniter\Database\BaseBuilder->get()
 3 APPPATH/Models/Admin/KelompokBelajarModel.php(37): CodeIgniter\Model->__call('get', [])
 4 APPPATH/Controllers/Admin/KelompokController.php(43): App\Models\Admin\KelompokBelajarModel->getUserWithKelompok('5')
 5 SYSTEMPATH/CodeIgniter.php(941): App\Controllers\Admin\KelompokController->views('5')
 6 SYSTEMPATH/CodeIgniter.php(502): CodeIgniter\CodeIgniter->runController(Object(App\Controllers\Admin\KelompokController))
 7 SYSTEMPATH/CodeIgniter.php(361): CodeIgniter\CodeIgniter->handleRequest(null, Object(Config\Cache), false)
 8 FCPATH/index.php(79): CodeIgniter\CodeIgniter->run()
 9 SYSTEMPATH/Commands/Server/rewrite.php(47): require_once('/Volumes/mf480 - Data/Alifya/public/index.php')
CRITICAL - 2024-07-18 15:51:27 --> [Caused by] CodeIgniter\Database\Exceptions\DatabaseException: Unknown column 'kelompok_table.kelompok' in 'field list'
in SYSTEMPATH/Database/MySQLi/Connection.php on line 311.
 1 SYSTEMPATH/Database/BaseConnection.php(693): CodeIgniter\Database\MySQLi\Connection->execute('SELECT `kelompok_belajar_table`.`id`, `kelompok_belajar_table`.`kelompok_id`, `kelompok_table`.`kelompok`, `data_murid_table`.`nama_lengkap_anak`, `data_pengajar_table`.`nama_lengkap`, `data_pengajar_table`.`foto`
FROM `kelompok_belajar_table`
JOIN `data_murid_table` ON `data_murid_table`.`id` = `kelompok_belajar_table`.`peserta_didik_id`
WHERE `kelompok_table`.`id` = \'5\'
ORDER BY `kelompok_table`.`id` desc')
 2 SYSTEMPATH/Database/BaseConnection.php(607): CodeIgniter\Database\BaseConnection->simpleQuery('SELECT `kelompok_belajar_table`.`id`, `kelompok_belajar_table`.`kelompok_id`, `kelompok_table`.`kelompok`, `data_murid_table`.`nama_lengkap_anak`, `data_pengajar_table`.`nama_lengkap`, `data_pengajar_table`.`foto`
FROM `kelompok_belajar_table`
JOIN `data_murid_table` ON `data_murid_table`.`id` = `kelompok_belajar_table`.`peserta_didik_id`
WHERE `kelompok_table`.`id` = \'5\'
ORDER BY `kelompok_table`.`id` desc')
 3 SYSTEMPATH/Database/BaseBuilder.php(1616): CodeIgniter\Database\BaseConnection->query('SELECT `kelompok_belajar_table`.`id`, `kelompok_belajar_table`.`kelompok_id`, `kelompok_table`.`kelompok`, `data_murid_table`.`nama_lengkap_anak`, `data_pengajar_table`.`nama_lengkap`, `data_pengajar_table`.`foto`
FROM `kelompok_belajar_table`
JOIN `data_murid_table` ON `data_murid_table`.`id` = `kelompok_belajar_table`.`peserta_didik_id`
WHERE `kelompok_table`.`id` = :kelompok_table.id:
ORDER BY `kelompok_table`.`id` desc', [...], false)
 4 SYSTEMPATH/Model.php(872): CodeIgniter\Database\BaseBuilder->get()
 5 APPPATH/Models/Admin/KelompokBelajarModel.php(37): CodeIgniter\Model->__call('get', [])
 6 APPPATH/Controllers/Admin/KelompokController.php(43): App\Models\Admin\KelompokBelajarModel->getUserWithKelompok('5')
 7 SYSTEMPATH/CodeIgniter.php(941): App\Controllers\Admin\KelompokController->views('5')
 8 SYSTEMPATH/CodeIgniter.php(502): CodeIgniter\CodeIgniter->runController(Object(App\Controllers\Admin\KelompokController))
 9 SYSTEMPATH/CodeIgniter.php(361): CodeIgniter\CodeIgniter->handleRequest(null, Object(Config\Cache), false)
10 FCPATH/index.php(79): CodeIgniter\CodeIgniter->run()
11 SYSTEMPATH/Commands/Server/rewrite.php(47): require_once('/Volumes/mf480 - Data/Alifya/public/index.php')
CRITICAL - 2024-07-18 15:51:27 --> [Caused by] mysqli_sql_exception: Unknown column 'kelompok_table.kelompok' in 'field list'
in SYSTEMPATH/Database/MySQLi/Connection.php on line 306.
 1 SYSTEMPATH/Database/MySQLi/Connection.php(306): mysqli->query('SELECT `kelompok_belajar_table`.`id`, `kelompok_belajar_table`.`kelompok_id`, `kelompok_table`.`kelompok`, `data_murid_table`.`nama_lengkap_anak`, `data_pengajar_table`.`nama_lengkap`, `data_pengajar_table`.`foto`
FROM `kelompok_belajar_table`
JOIN `data_murid_table` ON `data_murid_table`.`id` = `kelompok_belajar_table`.`peserta_didik_id`
WHERE `kelompok_table`.`id` = \'5\'
ORDER BY `kelompok_table`.`id` desc', 0)
 2 SYSTEMPATH/Database/BaseConnection.php(693): CodeIgniter\Database\MySQLi\Connection->execute('SELECT `kelompok_belajar_table`.`id`, `kelompok_belajar_table`.`kelompok_id`, `kelompok_table`.`kelompok`, `data_murid_table`.`nama_lengkap_anak`, `data_pengajar_table`.`nama_lengkap`, `data_pengajar_table`.`foto`
FROM `kelompok_belajar_table`
JOIN `data_murid_table` ON `data_murid_table`.`id` = `kelompok_belajar_table`.`peserta_didik_id`
WHERE `kelompok_table`.`id` = \'5\'
ORDER BY `kelompok_table`.`id` desc')
 3 SYSTEMPATH/Database/BaseConnection.php(607): CodeIgniter\Database\BaseConnection->simpleQuery('SELECT `kelompok_belajar_table`.`id`, `kelompok_belajar_table`.`kelompok_id`, `kelompok_table`.`kelompok`, `data_murid_table`.`nama_lengkap_anak`, `data_pengajar_table`.`nama_lengkap`, `data_pengajar_table`.`foto`
FROM `kelompok_belajar_table`
JOIN `data_murid_table` ON `data_murid_table`.`id` = `kelompok_belajar_table`.`peserta_didik_id`
WHERE `kelompok_table`.`id` = \'5\'
ORDER BY `kelompok_table`.`id` desc')
 4 SYSTEMPATH/Database/BaseBuilder.php(1616): CodeIgniter\Database\BaseConnection->query('SELECT `kelompok_belajar_table`.`id`, `kelompok_belajar_table`.`kelompok_id`, `kelompok_table`.`kelompok`, `data_murid_table`.`nama_lengkap_anak`, `data_pengajar_table`.`nama_lengkap`, `data_pengajar_table`.`foto`
FROM `kelompok_belajar_table`
JOIN `data_murid_table` ON `data_murid_table`.`id` = `kelompok_belajar_table`.`peserta_didik_id`
WHERE `kelompok_table`.`id` = :kelompok_table.id:
ORDER BY `kelompok_table`.`id` desc', [...], false)
 5 SYSTEMPATH/Model.php(872): CodeIgniter\Database\BaseBuilder->get()
 6 APPPATH/Models/Admin/KelompokBelajarModel.php(37): CodeIgniter\Model->__call('get', [])
 7 APPPATH/Controllers/Admin/KelompokController.php(43): App\Models\Admin\KelompokBelajarModel->getUserWithKelompok('5')
 8 SYSTEMPATH/CodeIgniter.php(941): App\Controllers\Admin\KelompokController->views('5')
 9 SYSTEMPATH/CodeIgniter.php(502): CodeIgniter\CodeIgniter->runController(Object(App\Controllers\Admin\KelompokController))
10 SYSTEMPATH/CodeIgniter.php(361): CodeIgniter\CodeIgniter->handleRequest(null, Object(Config\Cache), false)
11 FCPATH/index.php(79): CodeIgniter\CodeIgniter->run()
12 SYSTEMPATH/Commands/Server/rewrite.php(47): require_once('/Volumes/mf480 - Data/Alifya/public/index.php')
ERROR - 2024-07-18 15:51:57 --> mysqli_sql_exception: Unknown column 'kelompok_table.id' in 'where clause' in /Volumes/mf480 - Data/Alifya/vendor/codeigniter4/framework/system/Database/MySQLi/Connection.php:306
Stack trace:
#0 /Volumes/mf480 - Data/Alifya/vendor/codeigniter4/framework/system/Database/MySQLi/Connection.php(306): mysqli->query('SELECT `kelompo...', 0)
#1 /Volumes/mf480 - Data/Alifya/vendor/codeigniter4/framework/system/Database/BaseConnection.php(693): CodeIgniter\Database\MySQLi\Connection->execute('SELECT `kelompo...')
#2 /Volumes/mf480 - Data/Alifya/vendor/codeigniter4/framework/system/Database/BaseConnection.php(607): CodeIgniter\Database\BaseConnection->simpleQuery('SELECT `kelompo...')
#3 /Volumes/mf480 - Data/Alifya/vendor/codeigniter4/framework/system/Database/BaseBuilder.php(1616): CodeIgniter\Database\BaseConnection->query('SELECT `kelompo...', Array, false)
#4 /Volumes/mf480 - Data/Alifya/vendor/codeigniter4/framework/system/Model.php(872): CodeIgniter\Database\BaseBuilder->get()
#5 /Volumes/mf480 - Data/Alifya/app/Models/Admin/KelompokBelajarModel.php(37): CodeIgniter\Model->__call('get', Array)
#6 /Volumes/mf480 - Data/Alifya/app/Controllers/Admin/KelompokController.php(43): App\Models\Admin\KelompokBelajarModel->getUserWithKelompok('5')
#7 /Volumes/mf480 - Data/Alifya/vendor/codeigniter4/framework/system/CodeIgniter.php(941): App\Controllers\Admin\KelompokController->views('5')
#8 /Volumes/mf480 - Data/Alifya/vendor/codeigniter4/framework/system/CodeIgniter.php(502): CodeIgniter\CodeIgniter->runController(Object(App\Controllers\Admin\KelompokController))
#9 /Volumes/mf480 - Data/Alifya/vendor/codeigniter4/framework/system/CodeIgniter.php(361): CodeIgniter\CodeIgniter->handleRequest(NULL, Object(Config\Cache), false)
#10 /Volumes/mf480 - Data/Alifya/public/index.php(79): CodeIgniter\CodeIgniter->run()
#11 /Volumes/mf480 - Data/Alifya/vendor/codeigniter4/framework/system/Commands/Server/rewrite.php(47): require_once('/Volumes/mf480 ...')
#12 {main}
CRITICAL - 2024-07-18 15:51:57 --> CodeIgniter\Database\Exceptions\DatabaseException: Unknown column 'kelompok_table.id' in 'where clause'
in SYSTEMPATH/Database/BaseConnection.php on line 647.
 1 SYSTEMPATH/Database/BaseBuilder.php(1616): CodeIgniter\Database\BaseConnection->query('SELECT `kelompok_belajar_table`.`id`, `kelompok_belajar_table`.`kelompok_id`, `data_murid_table`.`nama_lengkap_anak`
FROM `kelompok_belajar_table`
JOIN `data_murid_table` ON `data_murid_table`.`id` = `kelompok_belajar_table`.`peserta_didik_id`
WHERE `kelompok_table`.`id` = :kelompok_table.id:
ORDER BY `kelompok_table`.`id` desc', [...], false)
 2 SYSTEMPATH/Model.php(872): CodeIgniter\Database\BaseBuilder->get()
 3 APPPATH/Models/Admin/KelompokBelajarModel.php(37): CodeIgniter\Model->__call('get', [])
 4 APPPATH/Controllers/Admin/KelompokController.php(43): App\Models\Admin\KelompokBelajarModel->getUserWithKelompok('5')
 5 SYSTEMPATH/CodeIgniter.php(941): App\Controllers\Admin\KelompokController->views('5')
 6 SYSTEMPATH/CodeIgniter.php(502): CodeIgniter\CodeIgniter->runController(Object(App\Controllers\Admin\KelompokController))
 7 SYSTEMPATH/CodeIgniter.php(361): CodeIgniter\CodeIgniter->handleRequest(null, Object(Config\Cache), false)
 8 FCPATH/index.php(79): CodeIgniter\CodeIgniter->run()
 9 SYSTEMPATH/Commands/Server/rewrite.php(47): require_once('/Volumes/mf480 - Data/Alifya/public/index.php')
CRITICAL - 2024-07-18 15:51:57 --> [Caused by] CodeIgniter\Database\Exceptions\DatabaseException: Unknown column 'kelompok_table.id' in 'where clause'
in SYSTEMPATH/Database/MySQLi/Connection.php on line 311.
 1 SYSTEMPATH/Database/BaseConnection.php(693): CodeIgniter\Database\MySQLi\Connection->execute('SELECT `kelompok_belajar_table`.`id`, `kelompok_belajar_table`.`kelompok_id`, `data_murid_table`.`nama_lengkap_anak`
FROM `kelompok_belajar_table`
JOIN `data_murid_table` ON `data_murid_table`.`id` = `kelompok_belajar_table`.`peserta_didik_id`
WHERE `kelompok_table`.`id` = \'5\'
ORDER BY `kelompok_table`.`id` desc')
 2 SYSTEMPATH/Database/BaseConnection.php(607): CodeIgniter\Database\BaseConnection->simpleQuery('SELECT `kelompok_belajar_table`.`id`, `kelompok_belajar_table`.`kelompok_id`, `data_murid_table`.`nama_lengkap_anak`
FROM `kelompok_belajar_table`
JOIN `data_murid_table` ON `data_murid_table`.`id` = `kelompok_belajar_table`.`peserta_didik_id`
WHERE `kelompok_table`.`id` = \'5\'
ORDER BY `kelompok_table`.`id` desc')
 3 SYSTEMPATH/Database/BaseBuilder.php(1616): CodeIgniter\Database\BaseConnection->query('SELECT `kelompok_belajar_table`.`id`, `kelompok_belajar_table`.`kelompok_id`, `data_murid_table`.`nama_lengkap_anak`
FROM `kelompok_belajar_table`
JOIN `data_murid_table` ON `data_murid_table`.`id` = `kelompok_belajar_table`.`peserta_didik_id`
WHERE `kelompok_table`.`id` = :kelompok_table.id:
ORDER BY `kelompok_table`.`id` desc', [...], false)
 4 SYSTEMPATH/Model.php(872): CodeIgniter\Database\BaseBuilder->get()
 5 APPPATH/Models/Admin/KelompokBelajarModel.php(37): CodeIgniter\Model->__call('get', [])
 6 APPPATH/Controllers/Admin/KelompokController.php(43): App\Models\Admin\KelompokBelajarModel->getUserWithKelompok('5')
 7 SYSTEMPATH/CodeIgniter.php(941): App\Controllers\Admin\KelompokController->views('5')
 8 SYSTEMPATH/CodeIgniter.php(502): CodeIgniter\CodeIgniter->runController(Object(App\Controllers\Admin\KelompokController))
 9 SYSTEMPATH/CodeIgniter.php(361): CodeIgniter\CodeIgniter->handleRequest(null, Object(Config\Cache), false)
10 FCPATH/index.php(79): CodeIgniter\CodeIgniter->run()
11 SYSTEMPATH/Commands/Server/rewrite.php(47): require_once('/Volumes/mf480 - Data/Alifya/public/index.php')
CRITICAL - 2024-07-18 15:51:57 --> [Caused by] mysqli_sql_exception: Unknown column 'kelompok_table.id' in 'where clause'
in SYSTEMPATH/Database/MySQLi/Connection.php on line 306.
 1 SYSTEMPATH/Database/MySQLi/Connection.php(306): mysqli->query('SELECT `kelompok_belajar_table`.`id`, `kelompok_belajar_table`.`kelompok_id`, `data_murid_table`.`nama_lengkap_anak`
FROM `kelompok_belajar_table`
JOIN `data_murid_table` ON `data_murid_table`.`id` = `kelompok_belajar_table`.`peserta_didik_id`
WHERE `kelompok_table`.`id` = \'5\'
ORDER BY `kelompok_table`.`id` desc', 0)
 2 SYSTEMPATH/Database/BaseConnection.php(693): CodeIgniter\Database\MySQLi\Connection->execute('SELECT `kelompok_belajar_table`.`id`, `kelompok_belajar_table`.`kelompok_id`, `data_murid_table`.`nama_lengkap_anak`
FROM `kelompok_belajar_table`
JOIN `data_murid_table` ON `data_murid_table`.`id` = `kelompok_belajar_table`.`peserta_didik_id`
WHERE `kelompok_table`.`id` = \'5\'
ORDER BY `kelompok_table`.`id` desc')
 3 SYSTEMPATH/Database/BaseConnection.php(607): CodeIgniter\Database\BaseConnection->simpleQuery('SELECT `kelompok_belajar_table`.`id`, `kelompok_belajar_table`.`kelompok_id`, `data_murid_table`.`nama_lengkap_anak`
FROM `kelompok_belajar_table`
JOIN `data_murid_table` ON `data_murid_table`.`id` = `kelompok_belajar_table`.`peserta_didik_id`
WHERE `kelompok_table`.`id` = \'5\'
ORDER BY `kelompok_table`.`id` desc')
 4 SYSTEMPATH/Database/BaseBuilder.php(1616): CodeIgniter\Database\BaseConnection->query('SELECT `kelompok_belajar_table`.`id`, `kelompok_belajar_table`.`kelompok_id`, `data_murid_table`.`nama_lengkap_anak`
FROM `kelompok_belajar_table`
JOIN `data_murid_table` ON `data_murid_table`.`id` = `kelompok_belajar_table`.`peserta_didik_id`
WHERE `kelompok_table`.`id` = :kelompok_table.id:
ORDER BY `kelompok_table`.`id` desc', [...], false)
 5 SYSTEMPATH/Model.php(872): CodeIgniter\Database\BaseBuilder->get()
 6 APPPATH/Models/Admin/KelompokBelajarModel.php(37): CodeIgniter\Model->__call('get', [])
 7 APPPATH/Controllers/Admin/KelompokController.php(43): App\Models\Admin\KelompokBelajarModel->getUserWithKelompok('5')
 8 SYSTEMPATH/CodeIgniter.php(941): App\Controllers\Admin\KelompokController->views('5')
 9 SYSTEMPATH/CodeIgniter.php(502): CodeIgniter\CodeIgniter->runController(Object(App\Controllers\Admin\KelompokController))
10 SYSTEMPATH/CodeIgniter.php(361): CodeIgniter\CodeIgniter->handleRequest(null, Object(Config\Cache), false)
11 FCPATH/index.php(79): CodeIgniter\CodeIgniter->run()
12 SYSTEMPATH/Commands/Server/rewrite.php(47): require_once('/Volumes/mf480 - Data/Alifya/public/index.php')
ERROR - 2024-07-18 15:52:25 --> mysqli_sql_exception: Unknown column 'kelompok_table.id' in 'order clause' in /Volumes/mf480 - Data/Alifya/vendor/codeigniter4/framework/system/Database/MySQLi/Connection.php:306
Stack trace:
#0 /Volumes/mf480 - Data/Alifya/vendor/codeigniter4/framework/system/Database/MySQLi/Connection.php(306): mysqli->query('SELECT `kelompo...', 0)
#1 /Volumes/mf480 - Data/Alifya/vendor/codeigniter4/framework/system/Database/BaseConnection.php(693): CodeIgniter\Database\MySQLi\Connection->execute('SELECT `kelompo...')
#2 /Volumes/mf480 - Data/Alifya/vendor/codeigniter4/framework/system/Database/BaseConnection.php(607): CodeIgniter\Database\BaseConnection->simpleQuery('SELECT `kelompo...')
#3 /Volumes/mf480 - Data/Alifya/vendor/codeigniter4/framework/system/Database/BaseBuilder.php(1616): CodeIgniter\Database\BaseConnection->query('SELECT `kelompo...', Array, false)
#4 /Volumes/mf480 - Data/Alifya/vendor/codeigniter4/framework/system/Model.php(872): CodeIgniter\Database\BaseBuilder->get()
#5 /Volumes/mf480 - Data/Alifya/app/Models/Admin/KelompokBelajarModel.php(37): CodeIgniter\Model->__call('get', Array)
#6 /Volumes/mf480 - Data/Alifya/app/Controllers/Admin/KelompokController.php(43): App\Models\Admin\KelompokBelajarModel->getUserWithKelompok('5')
#7 /Volumes/mf480 - Data/Alifya/vendor/codeigniter4/framework/system/CodeIgniter.php(941): App\Controllers\Admin\KelompokController->views('5')
#8 /Volumes/mf480 - Data/Alifya/vendor/codeigniter4/framework/system/CodeIgniter.php(502): CodeIgniter\CodeIgniter->runController(Object(App\Controllers\Admin\KelompokController))
#9 /Volumes/mf480 - Data/Alifya/vendor/codeigniter4/framework/system/CodeIgniter.php(361): CodeIgniter\CodeIgniter->handleRequest(NULL, Object(Config\Cache), false)
#10 /Volumes/mf480 - Data/Alifya/public/index.php(79): CodeIgniter\CodeIgniter->run()
#11 /Volumes/mf480 - Data/Alifya/vendor/codeigniter4/framework/system/Commands/Server/rewrite.php(47): require_once('/Volumes/mf480 ...')
#12 {main}
CRITICAL - 2024-07-18 15:52:25 --> CodeIgniter\Database\Exceptions\DatabaseException: Unknown column 'kelompok_table.id' in 'order clause'
in SYSTEMPATH/Database/BaseConnection.php on line 647.
 1 SYSTEMPATH/Database/BaseBuilder.php(1616): CodeIgniter\Database\BaseConnection->query('SELECT `kelompok_belajar_table`.`id`, `kelompok_belajar_table`.`kelompok_id`, `data_murid_table`.`nama_lengkap_anak`
FROM `kelompok_belajar_table`
JOIN `data_murid_table` ON `data_murid_table`.`id` = `kelompok_belajar_table`.`peserta_didik_id`
WHERE `kelompok_belajar_table`.`kelompok_id` = :kelompok_belajar_table.kelompok_id:
ORDER BY `kelompok_table`.`id` desc', [...], false)
 2 SYSTEMPATH/Model.php(872): CodeIgniter\Database\BaseBuilder->get()
 3 APPPATH/Models/Admin/KelompokBelajarModel.php(37): CodeIgniter\Model->__call('get', [])
 4 APPPATH/Controllers/Admin/KelompokController.php(43): App\Models\Admin\KelompokBelajarModel->getUserWithKelompok('5')
 5 SYSTEMPATH/CodeIgniter.php(941): App\Controllers\Admin\KelompokController->views('5')
 6 SYSTEMPATH/CodeIgniter.php(502): CodeIgniter\CodeIgniter->runController(Object(App\Controllers\Admin\KelompokController))
 7 SYSTEMPATH/CodeIgniter.php(361): CodeIgniter\CodeIgniter->handleRequest(null, Object(Config\Cache), false)
 8 FCPATH/index.php(79): CodeIgniter\CodeIgniter->run()
 9 SYSTEMPATH/Commands/Server/rewrite.php(47): require_once('/Volumes/mf480 - Data/Alifya/public/index.php')
CRITICAL - 2024-07-18 15:52:25 --> [Caused by] CodeIgniter\Database\Exceptions\DatabaseException: Unknown column 'kelompok_table.id' in 'order clause'
in SYSTEMPATH/Database/MySQLi/Connection.php on line 311.
 1 SYSTEMPATH/Database/BaseConnection.php(693): CodeIgniter\Database\MySQLi\Connection->execute('SELECT `kelompok_belajar_table`.`id`, `kelompok_belajar_table`.`kelompok_id`, `data_murid_table`.`nama_lengkap_anak`
FROM `kelompok_belajar_table`
JOIN `data_murid_table` ON `data_murid_table`.`id` = `kelompok_belajar_table`.`peserta_didik_id`
WHERE `kelompok_belajar_table`.`kelompok_id` = \'5\'
ORDER BY `kelompok_table`.`id` desc')
 2 SYSTEMPATH/Database/BaseConnection.php(607): CodeIgniter\Database\BaseConnection->simpleQuery('SELECT `kelompok_belajar_table`.`id`, `kelompok_belajar_table`.`kelompok_id`, `data_murid_table`.`nama_lengkap_anak`
FROM `kelompok_belajar_table`
JOIN `data_murid_table` ON `data_murid_table`.`id` = `kelompok_belajar_table`.`peserta_didik_id`
WHERE `kelompok_belajar_table`.`kelompok_id` = \'5\'
ORDER BY `kelompok_table`.`id` desc')
 3 SYSTEMPATH/Database/BaseBuilder.php(1616): CodeIgniter\Database\BaseConnection->query('SELECT `kelompok_belajar_table`.`id`, `kelompok_belajar_table`.`kelompok_id`, `data_murid_table`.`nama_lengkap_anak`
FROM `kelompok_belajar_table`
JOIN `data_murid_table` ON `data_murid_table`.`id` = `kelompok_belajar_table`.`peserta_didik_id`
WHERE `kelompok_belajar_table`.`kelompok_id` = :kelompok_belajar_table.kelompok_id:
ORDER BY `kelompok_table`.`id` desc', [...], false)
 4 SYSTEMPATH/Model.php(872): CodeIgniter\Database\BaseBuilder->get()
 5 APPPATH/Models/Admin/KelompokBelajarModel.php(37): CodeIgniter\Model->__call('get', [])
 6 APPPATH/Controllers/Admin/KelompokController.php(43): App\Models\Admin\KelompokBelajarModel->getUserWithKelompok('5')
 7 SYSTEMPATH/CodeIgniter.php(941): App\Controllers\Admin\KelompokController->views('5')
 8 SYSTEMPATH/CodeIgniter.php(502): CodeIgniter\CodeIgniter->runController(Object(App\Controllers\Admin\KelompokController))
 9 SYSTEMPATH/CodeIgniter.php(361): CodeIgniter\CodeIgniter->handleRequest(null, Object(Config\Cache), false)
10 FCPATH/index.php(79): CodeIgniter\CodeIgniter->run()
11 SYSTEMPATH/Commands/Server/rewrite.php(47): require_once('/Volumes/mf480 - Data/Alifya/public/index.php')
CRITICAL - 2024-07-18 15:52:25 --> [Caused by] mysqli_sql_exception: Unknown column 'kelompok_table.id' in 'order clause'
in SYSTEMPATH/Database/MySQLi/Connection.php on line 306.
 1 SYSTEMPATH/Database/MySQLi/Connection.php(306): mysqli->query('SELECT `kelompok_belajar_table`.`id`, `kelompok_belajar_table`.`kelompok_id`, `data_murid_table`.`nama_lengkap_anak`
FROM `kelompok_belajar_table`
JOIN `data_murid_table` ON `data_murid_table`.`id` = `kelompok_belajar_table`.`peserta_didik_id`
WHERE `kelompok_belajar_table`.`kelompok_id` = \'5\'
ORDER BY `kelompok_table`.`id` desc', 0)
 2 SYSTEMPATH/Database/BaseConnection.php(693): CodeIgniter\Database\MySQLi\Connection->execute('SELECT `kelompok_belajar_table`.`id`, `kelompok_belajar_table`.`kelompok_id`, `data_murid_table`.`nama_lengkap_anak`
FROM `kelompok_belajar_table`
JOIN `data_murid_table` ON `data_murid_table`.`id` = `kelompok_belajar_table`.`peserta_didik_id`
WHERE `kelompok_belajar_table`.`kelompok_id` = \'5\'
ORDER BY `kelompok_table`.`id` desc')
 3 SYSTEMPATH/Database/BaseConnection.php(607): CodeIgniter\Database\BaseConnection->simpleQuery('SELECT `kelompok_belajar_table`.`id`, `kelompok_belajar_table`.`kelompok_id`, `data_murid_table`.`nama_lengkap_anak`
FROM `kelompok_belajar_table`
JOIN `data_murid_table` ON `data_murid_table`.`id` = `kelompok_belajar_table`.`peserta_didik_id`
WHERE `kelompok_belajar_table`.`kelompok_id` = \'5\'
ORDER BY `kelompok_table`.`id` desc')
 4 SYSTEMPATH/Database/BaseBuilder.php(1616): CodeIgniter\Database\BaseConnection->query('SELECT `kelompok_belajar_table`.`id`, `kelompok_belajar_table`.`kelompok_id`, `data_murid_table`.`nama_lengkap_anak`
FROM `kelompok_belajar_table`
JOIN `data_murid_table` ON `data_murid_table`.`id` = `kelompok_belajar_table`.`peserta_didik_id`
WHERE `kelompok_belajar_table`.`kelompok_id` = :kelompok_belajar_table.kelompok_id:
ORDER BY `kelompok_table`.`id` desc', [...], false)
 5 SYSTEMPATH/Model.php(872): CodeIgniter\Database\BaseBuilder->get()
 6 APPPATH/Models/Admin/KelompokBelajarModel.php(37): CodeIgniter\Model->__call('get', [])
 7 APPPATH/Controllers/Admin/KelompokController.php(43): App\Models\Admin\KelompokBelajarModel->getUserWithKelompok('5')
 8 SYSTEMPATH/CodeIgniter.php(941): App\Controllers\Admin\KelompokController->views('5')
 9 SYSTEMPATH/CodeIgniter.php(502): CodeIgniter\CodeIgniter->runController(Object(App\Controllers\Admin\KelompokController))
10 SYSTEMPATH/CodeIgniter.php(361): CodeIgniter\CodeIgniter->handleRequest(null, Object(Config\Cache), false)
11 FCPATH/index.php(79): CodeIgniter\CodeIgniter->run()
12 SYSTEMPATH/Commands/Server/rewrite.php(47): require_once('/Volumes/mf480 - Data/Alifya/public/index.php')
CRITICAL - 2024-07-18 15:57:00 --> ErrorException: Undefined property: stdClass::$peserta_didik_id
in APPPATH/Views/admin/detail_kelompok_v.php on line 50.
 1 APPPATH/Views/admin/detail_kelompok_v.php(50): CodeIgniter\Debug\Exceptions->errorHandler(8, 'Undefined property: stdClass::$peserta_didik_id', '/Volumes/mf480 - Data/Alifya/app/Views/admin/detail_kelompok_v.php', 50, [...])
 2 SYSTEMPATH/View/View.php(228): include('/Volumes/mf480 - Data/Alifya/app/Views/admin/detail_kelompok_v.php')
 3 SYSTEMPATH/View/View.php(231): CodeIgniter\View\View->CodeIgniter\View\{closure}()
 4 SYSTEMPATH/Common.php(1178): CodeIgniter\View\View->render('admin/detail_kelompok_v', [], true)
 5 APPPATH/Controllers/Admin/KelompokController.php(51): view('admin/detail_kelompok_v', [...])
 6 SYSTEMPATH/CodeIgniter.php(941): App\Controllers\Admin\KelompokController->views('5')
 7 SYSTEMPATH/CodeIgniter.php(502): CodeIgniter\CodeIgniter->runController(Object(App\Controllers\Admin\KelompokController))
 8 SYSTEMPATH/CodeIgniter.php(361): CodeIgniter\CodeIgniter->handleRequest(null, Object(Config\Cache), false)
 9 FCPATH/index.php(79): CodeIgniter\CodeIgniter->run()
10 SYSTEMPATH/Commands/Server/rewrite.php(47): require_once('/Volumes/mf480 - Data/Alifya/public/index.php')
CRITICAL - 2024-07-18 15:59:29 --> ErrorException: Undefined variable: title
in APPPATH/Views/layout/template.php on line 8.
 1 APPPATH/Views/layout/template.php(8): CodeIgniter\Debug\Exceptions->errorHandler(8, 'Undefined variable: title', '/Volumes/mf480 - Data/Alifya/app/Views/layout/template.php', 8, [])
 2 SYSTEMPATH/View/View.php(228): include('/Volumes/mf480 - Data/Alifya/app/Views/layout/template.php')
 3 SYSTEMPATH/View/View.php(231): CodeIgniter\View\View->CodeIgniter\View\{closure}()
 4 SYSTEMPATH/View/View.php(244): CodeIgniter\View\View->render('layout/template', [], true)
 5 SYSTEMPATH/Common.php(1178): CodeIgniter\View\View->render('admin/dashboard_v', [], true)
 6 APPPATH/Controllers/Admin/DashboardController.php(12): view('admin/dashboard_v')
 7 SYSTEMPATH/CodeIgniter.php(941): App\Controllers\Admin\DashboardController->index()
 8 SYSTEMPATH/CodeIgniter.php(502): CodeIgniter\CodeIgniter->runController(Object(App\Controllers\Admin\DashboardController))
 9 SYSTEMPATH/CodeIgniter.php(361): CodeIgniter\CodeIgniter->handleRequest(null, Object(Config\Cache), false)
10 FCPATH/index.php(79): CodeIgniter\CodeIgniter->run()
11 SYSTEMPATH/Commands/Server/rewrite.php(47): require_once('/Volumes/mf480 - Data/Alifya/public/index.php')
ERROR - 2024-07-18 16:06:22 --> mysqli_sql_exception: Unknown column 'data_pengajar.status_id' in 'on clause' in /Volumes/mf480 - Data/Alifya/vendor/codeigniter4/framework/system/Database/MySQLi/Connection.php:306
Stack trace:
#0 /Volumes/mf480 - Data/Alifya/vendor/codeigniter4/framework/system/Database/MySQLi/Connection.php(306): mysqli->query('SELECT `kelompo...', 0)
#1 /Volumes/mf480 - Data/Alifya/vendor/codeigniter4/framework/system/Database/BaseConnection.php(693): CodeIgniter\Database\MySQLi\Connection->execute('SELECT `kelompo...')
#2 /Volumes/mf480 - Data/Alifya/vendor/codeigniter4/framework/system/Database/BaseConnection.php(607): CodeIgniter\Database\BaseConnection->simpleQuery('SELECT `kelompo...')
#3 /Volumes/mf480 - Data/Alifya/vendor/codeigniter4/framework/system/Database/BaseBuilder.php(1616): CodeIgniter\Database\BaseConnection->query('SELECT `kelompo...', Array, false)
#4 /Volumes/mf480 - Data/Alifya/vendor/codeigniter4/framework/system/Model.php(872): CodeIgniter\Database\BaseBuilder->get()
#5 /Volumes/mf480 - Data/Alifya/app/Models/Admin/KelompokModel.php(37): CodeIgniter\Model->__call('get', Array)
#6 /Volumes/mf480 - Data/Alifya/app/Controllers/Admin/KelompokController.php(42): App\Models\Admin\KelompokModel->getKelompokWithId('5')
#7 /Volumes/mf480 - Data/Alifya/vendor/codeigniter4/framework/system/CodeIgniter.php(941): App\Controllers\Admin\KelompokController->views('5')
#8 /Volumes/mf480 - Data/Alifya/vendor/codeigniter4/framework/system/CodeIgniter.php(502): CodeIgniter\CodeIgniter->runController(Object(App\Controllers\Admin\KelompokController))
#9 /Volumes/mf480 - Data/Alifya/vendor/codeigniter4/framework/system/CodeIgniter.php(361): CodeIgniter\CodeIgniter->handleRequest(NULL, Object(Config\Cache), false)
#10 /Volumes/mf480 - Data/Alifya/public/index.php(79): CodeIgniter\CodeIgniter->run()
#11 /Volumes/mf480 - Data/Alifya/vendor/codeigniter4/framework/system/Commands/Server/rewrite.php(47): require_once('/Volumes/mf480 ...')
#12 {main}
CRITICAL - 2024-07-18 16:06:22 --> CodeIgniter\Database\Exceptions\DatabaseException: Unknown column 'data_pengajar.status_id' in 'on clause'
in SYSTEMPATH/Database/BaseConnection.php on line 647.
 1 SYSTEMPATH/Database/BaseBuilder.php(1616): CodeIgniter\Database\BaseConnection->query('SELECT `kelompok_table`.`id`, `kelompok_table`.`kelompok`, `kelompok_table`.`mitra_pengajar_id`, `data_pengajar_table`.`nama_lengkap`, `data_pengajar_table`.`foto`, `status_pengajar_table`.`status_pengajar`
FROM `kelompok_table`
JOIN `data_pengajar_table` ON `data_pengajar_table`.`id` = `kelompok_table`.`mitra_pengajar_id`
JOIN `status_pengajar_table` ON `status_pengajar_table`.`id` = `data_pengajar`.`status_id`
WHERE `kelompok_table`.`id` = :kelompok_table.id:
ORDER BY `kelompok_table`.`id` desc', [...], false)
 2 SYSTEMPATH/Model.php(872): CodeIgniter\Database\BaseBuilder->get()
 3 APPPATH/Models/Admin/KelompokModel.php(37): CodeIgniter\Model->__call('get', [])
 4 APPPATH/Controllers/Admin/KelompokController.php(42): App\Models\Admin\KelompokModel->getKelompokWithId('5')
 5 SYSTEMPATH/CodeIgniter.php(941): App\Controllers\Admin\KelompokController->views('5')
 6 SYSTEMPATH/CodeIgniter.php(502): CodeIgniter\CodeIgniter->runController(Object(App\Controllers\Admin\KelompokController))
 7 SYSTEMPATH/CodeIgniter.php(361): CodeIgniter\CodeIgniter->handleRequest(null, Object(Config\Cache), false)
 8 FCPATH/index.php(79): CodeIgniter\CodeIgniter->run()
 9 SYSTEMPATH/Commands/Server/rewrite.php(47): require_once('/Volumes/mf480 - Data/Alifya/public/index.php')
CRITICAL - 2024-07-18 16:06:22 --> [Caused by] CodeIgniter\Database\Exceptions\DatabaseException: Unknown column 'data_pengajar.status_id' in 'on clause'
in SYSTEMPATH/Database/MySQLi/Connection.php on line 311.
 1 SYSTEMPATH/Database/BaseConnection.php(693): CodeIgniter\Database\MySQLi\Connection->execute('SELECT `kelompok_table`.`id`, `kelompok_table`.`kelompok`, `kelompok_table`.`mitra_pengajar_id`, `data_pengajar_table`.`nama_lengkap`, `data_pengajar_table`.`foto`, `status_pengajar_table`.`status_pengajar`
FROM `kelompok_table`
JOIN `data_pengajar_table` ON `data_pengajar_table`.`id` = `kelompok_table`.`mitra_pengajar_id`
JOIN `status_pengajar_table` ON `status_pengajar_table`.`id` = `data_pengajar`.`status_id`
WHERE `kelompok_table`.`id` = \'5\'
ORDER BY `kelompok_table`.`id` desc')
 2 SYSTEMPATH/Database/BaseConnection.php(607): CodeIgniter\Database\BaseConnection->simpleQuery('SELECT `kelompok_table`.`id`, `kelompok_table`.`kelompok`, `kelompok_table`.`mitra_pengajar_id`, `data_pengajar_table`.`nama_lengkap`, `data_pengajar_table`.`foto`, `status_pengajar_table`.`status_pengajar`
FROM `kelompok_table`
JOIN `data_pengajar_table` ON `data_pengajar_table`.`id` = `kelompok_table`.`mitra_pengajar_id`
JOIN `status_pengajar_table` ON `status_pengajar_table`.`id` = `data_pengajar`.`status_id`
WHERE `kelompok_table`.`id` = \'5\'
ORDER BY `kelompok_table`.`id` desc')
 3 SYSTEMPATH/Database/BaseBuilder.php(1616): CodeIgniter\Database\BaseConnection->query('SELECT `kelompok_table`.`id`, `kelompok_table`.`kelompok`, `kelompok_table`.`mitra_pengajar_id`, `data_pengajar_table`.`nama_lengkap`, `data_pengajar_table`.`foto`, `status_pengajar_table`.`status_pengajar`
FROM `kelompok_table`
JOIN `data_pengajar_table` ON `data_pengajar_table`.`id` = `kelompok_table`.`mitra_pengajar_id`
JOIN `status_pengajar_table` ON `status_pengajar_table`.`id` = `data_pengajar`.`status_id`
WHERE `kelompok_table`.`id` = :kelompok_table.id:
ORDER BY `kelompok_table`.`id` desc', [...], false)
 4 SYSTEMPATH/Model.php(872): CodeIgniter\Database\BaseBuilder->get()
 5 APPPATH/Models/Admin/KelompokModel.php(37): CodeIgniter\Model->__call('get', [])
 6 APPPATH/Controllers/Admin/KelompokController.php(42): App\Models\Admin\KelompokModel->getKelompokWithId('5')
 7 SYSTEMPATH/CodeIgniter.php(941): App\Controllers\Admin\KelompokController->views('5')
 8 SYSTEMPATH/CodeIgniter.php(502): CodeIgniter\CodeIgniter->runController(Object(App\Controllers\Admin\KelompokController))
 9 SYSTEMPATH/CodeIgniter.php(361): CodeIgniter\CodeIgniter->handleRequest(null, Object(Config\Cache), false)
10 FCPATH/index.php(79): CodeIgniter\CodeIgniter->run()
11 SYSTEMPATH/Commands/Server/rewrite.php(47): require_once('/Volumes/mf480 - Data/Alifya/public/index.php')
CRITICAL - 2024-07-18 16:06:22 --> [Caused by] mysqli_sql_exception: Unknown column 'data_pengajar.status_id' in 'on clause'
in SYSTEMPATH/Database/MySQLi/Connection.php on line 306.
 1 SYSTEMPATH/Database/MySQLi/Connection.php(306): mysqli->query('SELECT `kelompok_table`.`id`, `kelompok_table`.`kelompok`, `kelompok_table`.`mitra_pengajar_id`, `data_pengajar_table`.`nama_lengkap`, `data_pengajar_table`.`foto`, `status_pengajar_table`.`status_pengajar`
FROM `kelompok_table`
JOIN `data_pengajar_table` ON `data_pengajar_table`.`id` = `kelompok_table`.`mitra_pengajar_id`
JOIN `status_pengajar_table` ON `status_pengajar_table`.`id` = `data_pengajar`.`status_id`
WHERE `kelompok_table`.`id` = \'5\'
ORDER BY `kelompok_table`.`id` desc', 0)
 2 SYSTEMPATH/Database/BaseConnection.php(693): CodeIgniter\Database\MySQLi\Connection->execute('SELECT `kelompok_table`.`id`, `kelompok_table`.`kelompok`, `kelompok_table`.`mitra_pengajar_id`, `data_pengajar_table`.`nama_lengkap`, `data_pengajar_table`.`foto`, `status_pengajar_table`.`status_pengajar`
FROM `kelompok_table`
JOIN `data_pengajar_table` ON `data_pengajar_table`.`id` = `kelompok_table`.`mitra_pengajar_id`
JOIN `status_pengajar_table` ON `status_pengajar_table`.`id` = `data_pengajar`.`status_id`
WHERE `kelompok_table`.`id` = \'5\'
ORDER BY `kelompok_table`.`id` desc')
 3 SYSTEMPATH/Database/BaseConnection.php(607): CodeIgniter\Database\BaseConnection->simpleQuery('SELECT `kelompok_table`.`id`, `kelompok_table`.`kelompok`, `kelompok_table`.`mitra_pengajar_id`, `data_pengajar_table`.`nama_lengkap`, `data_pengajar_table`.`foto`, `status_pengajar_table`.`status_pengajar`
FROM `kelompok_table`
JOIN `data_pengajar_table` ON `data_pengajar_table`.`id` = `kelompok_table`.`mitra_pengajar_id`
JOIN `status_pengajar_table` ON `status_pengajar_table`.`id` = `data_pengajar`.`status_id`
WHERE `kelompok_table`.`id` = \'5\'
ORDER BY `kelompok_table`.`id` desc')
 4 SYSTEMPATH/Database/BaseBuilder.php(1616): CodeIgniter\Database\BaseConnection->query('SELECT `kelompok_table`.`id`, `kelompok_table`.`kelompok`, `kelompok_table`.`mitra_pengajar_id`, `data_pengajar_table`.`nama_lengkap`, `data_pengajar_table`.`foto`, `status_pengajar_table`.`status_pengajar`
FROM `kelompok_table`
JOIN `data_pengajar_table` ON `data_pengajar_table`.`id` = `kelompok_table`.`mitra_pengajar_id`
JOIN `status_pengajar_table` ON `status_pengajar_table`.`id` = `data_pengajar`.`status_id`
WHERE `kelompok_table`.`id` = :kelompok_table.id:
ORDER BY `kelompok_table`.`id` desc', [...], false)
 5 SYSTEMPATH/Model.php(872): CodeIgniter\Database\BaseBuilder->get()
 6 APPPATH/Models/Admin/KelompokModel.php(37): CodeIgniter\Model->__call('get', [])
 7 APPPATH/Controllers/Admin/KelompokController.php(42): App\Models\Admin\KelompokModel->getKelompokWithId('5')
 8 SYSTEMPATH/CodeIgniter.php(941): App\Controllers\Admin\KelompokController->views('5')
 9 SYSTEMPATH/CodeIgniter.php(502): CodeIgniter\CodeIgniter->runController(Object(App\Controllers\Admin\KelompokController))
10 SYSTEMPATH/CodeIgniter.php(361): CodeIgniter\CodeIgniter->handleRequest(null, Object(Config\Cache), false)
11 FCPATH/index.php(79): CodeIgniter\CodeIgniter->run()
12 SYSTEMPATH/Commands/Server/rewrite.php(47): require_once('/Volumes/mf480 - Data/Alifya/public/index.php')
CRITICAL - 2024-07-18 16:13:09 --> ErrorException: Trying to get property 'foto' of non-object
in APPPATH/Views/admin/detail_kelompok_v.php on line 20.
 1 APPPATH/Views/admin/detail_kelompok_v.php(20): CodeIgniter\Debug\Exceptions->errorHandler(8, 'Trying to get property \'foto\' of non-object', '/Volumes/mf480 - Data/Alifya/app/Views/admin/detail_kelompok_v.php', 20, [...])
 2 SYSTEMPATH/View/View.php(228): include('/Volumes/mf480 - Data/Alifya/app/Views/admin/detail_kelompok_v.php')
 3 SYSTEMPATH/View/View.php(231): CodeIgniter\View\View->CodeIgniter\View\{closure}()
 4 SYSTEMPATH/Common.php(1178): CodeIgniter\View\View->render('admin/detail_kelompok_v', [], true)
 5 APPPATH/Controllers/Admin/KelompokController.php(51): view('admin/detail_kelompok_v', [...])
 6 SYSTEMPATH/CodeIgniter.php(941): App\Controllers\Admin\KelompokController->views('6')
 7 SYSTEMPATH/CodeIgniter.php(502): CodeIgniter\CodeIgniter->runController(Object(App\Controllers\Admin\KelompokController))
 8 SYSTEMPATH/CodeIgniter.php(361): CodeIgniter\CodeIgniter->handleRequest(null, Object(Config\Cache), false)
 9 FCPATH/index.php(79): CodeIgniter\CodeIgniter->run()
10 SYSTEMPATH/Commands/Server/rewrite.php(47): require_once('/Volumes/mf480 - Data/Alifya/public/index.php')
INFO - 2024-07-18 16:14:29 --> Session: Class initialized using 'CodeIgniter\Session\Handlers\FileHandler' driver.
INFO - 2024-07-18 16:18:02 --> Session: Class initialized using 'CodeIgniter\Session\Handlers\FileHandler' driver.
INFO - 2024-07-18 16:39:54 --> Session: Class initialized using 'CodeIgniter\Session\Handlers\FileHandler' driver.
INFO - 2024-07-18 16:39:56 --> Session: Class initialized using 'CodeIgniter\Session\Handlers\FileHandler' driver.
INFO - 2024-07-18 16:40:05 --> Session: Class initialized using 'CodeIgniter\Session\Handlers\FileHandler' driver.
INFO - 2024-07-18 16:40:10 --> Session: Class initialized using 'CodeIgniter\Session\Handlers\FileHandler' driver.
INFO - 2024-07-18 16:40:12 --> Session: Class initialized using 'CodeIgniter\Session\Handlers\FileHandler' driver.
INFO - 2024-07-18 16:40:13 --> Session: Class initialized using 'CodeIgniter\Session\Handlers\FileHandler' driver.
INFO - 2024-07-18 16:40:14 --> Session: Class initialized using 'CodeIgniter\Session\Handlers\FileHandler' driver.
INFO - 2024-07-18 16:40:18 --> Session: Class initialized using 'CodeIgniter\Session\Handlers\FileHandler' driver.
INFO - 2024-07-18 16:40:47 --> Session: Class initialized using 'CodeIgniter\Session\Handlers\FileHandler' driver.
INFO - 2024-07-18 16:41:12 --> Session: Class initialized using 'CodeIgniter\Session\Handlers\FileHandler' driver.
INFO - 2024-07-18 16:41:13 --> Session: Class initialized using 'CodeIgniter\Session\Handlers\FileHandler' driver.
INFO - 2024-07-18 16:41:27 --> Session: Class initialized using 'CodeIgniter\Session\Handlers\FileHandler' driver.
INFO - 2024-07-18 16:44:11 --> Session: Class initialized using 'CodeIgniter\Session\Handlers\FileHandler' driver.
CRITICAL - 2024-07-18 17:11:31 --> ErrorException: Undefined variable: role_management
in APPPATH/Views/admin/harga_v.php on line 48.
 1 APPPATH/Views/admin/harga_v.php(48): CodeIgniter\Debug\Exceptions->errorHandler(8, 'Undefined variable: role_management', '/Volumes/mf480 - Data/Alifya/app/Views/admin/harga_v.php', 48, [...])
 2 SYSTEMPATH/View/View.php(228): include('/Volumes/mf480 - Data/Alifya/app/Views/admin/harga_v.php')
 3 SYSTEMPATH/View/View.php(231): CodeIgniter\View\View->CodeIgniter\View\{closure}()
 4 SYSTEMPATH/Common.php(1178): CodeIgniter\View\View->render('admin/harga_v', [], true)
 5 APPPATH/Controllers/Admin/HargaController.php(28): view('admin/harga_v', [...])
 6 SYSTEMPATH/CodeIgniter.php(941): App\Controllers\Admin\HargaController->index()
 7 SYSTEMPATH/CodeIgniter.php(502): CodeIgniter\CodeIgniter->runController(Object(App\Controllers\Admin\HargaController))
 8 SYSTEMPATH/CodeIgniter.php(361): CodeIgniter\CodeIgniter->handleRequest(null, Object(Config\Cache), false)
 9 FCPATH/index.php(79): CodeIgniter\CodeIgniter->run()
10 SYSTEMPATH/Commands/Server/rewrite.php(47): require_once('/Volumes/mf480 - Data/Alifya/public/index.php')
CRITICAL - 2024-07-18 17:13:07 --> ErrorException: Undefined variable: harga
in APPPATH/Views/admin/harga_v.php on line 48.
 1 APPPATH/Views/admin/harga_v.php(48): CodeIgniter\Debug\Exceptions->errorHandler(8, 'Undefined variable: harga', '/Volumes/mf480 - Data/Alifya/app/Views/admin/harga_v.php', 48, [...])
 2 SYSTEMPATH/View/View.php(228): include('/Volumes/mf480 - Data/Alifya/app/Views/admin/harga_v.php')
 3 SYSTEMPATH/View/View.php(231): CodeIgniter\View\View->CodeIgniter\View\{closure}()
 4 SYSTEMPATH/Common.php(1178): CodeIgniter\View\View->render('admin/harga_v', [], true)
 5 APPPATH/Controllers/Admin/HargaController.php(28): view('admin/harga_v', [...])
 6 SYSTEMPATH/CodeIgniter.php(941): App\Controllers\Admin\HargaController->index()
 7 SYSTEMPATH/CodeIgniter.php(502): CodeIgniter\CodeIgniter->runController(Object(App\Controllers\Admin\HargaController))
 8 SYSTEMPATH/CodeIgniter.php(361): CodeIgniter\CodeIgniter->handleRequest(null, Object(Config\Cache), false)
 9 FCPATH/index.php(79): CodeIgniter\CodeIgniter->run()
10 SYSTEMPATH/Commands/Server/rewrite.php(47): require_once('/Volumes/mf480 - Data/Alifya/public/index.php')
CRITICAL - 2024-07-18 17:13:29 --> ErrorException: Invalid argument supplied for foreach()
in APPPATH/Views/admin/harga_v.php on line 48.
 1 APPPATH/Views/admin/harga_v.php(48): CodeIgniter\Debug\Exceptions->errorHandler(2, 'Invalid argument supplied for foreach()', '/Volumes/mf480 - Data/Alifya/app/Views/admin/harga_v.php', 48, [...])
 2 SYSTEMPATH/View/View.php(228): include('/Volumes/mf480 - Data/Alifya/app/Views/admin/harga_v.php')
 3 SYSTEMPATH/View/View.php(231): CodeIgniter\View\View->CodeIgniter\View\{closure}()
 4 SYSTEMPATH/Common.php(1178): CodeIgniter\View\View->render('admin/harga_v', [], true)
 5 APPPATH/Controllers/Admin/HargaController.php(28): view('admin/harga_v', [...])
 6 SYSTEMPATH/CodeIgniter.php(941): App\Controllers\Admin\HargaController->index()
 7 SYSTEMPATH/CodeIgniter.php(502): CodeIgniter\CodeIgniter->runController(Object(App\Controllers\Admin\HargaController))
 8 SYSTEMPATH/CodeIgniter.php(361): CodeIgniter\CodeIgniter->handleRequest(null, Object(Config\Cache), false)
 9 FCPATH/index.php(79): CodeIgniter\CodeIgniter->run()
10 SYSTEMPATH/Commands/Server/rewrite.php(47): require_once('/Volumes/mf480 - Data/Alifya/public/index.php')
CRITICAL - 2024-07-18 17:14:01 --> ErrorException: Trying to get property 'harga' of non-object
in APPPATH/Views/admin/harga_v.php on line 49.
 1 APPPATH/Views/admin/harga_v.php(49): CodeIgniter\Debug\Exceptions->errorHandler(8, 'Trying to get property \'harga\' of non-object', '/Volumes/mf480 - Data/Alifya/app/Views/admin/harga_v.php', 49, [...])
 2 SYSTEMPATH/View/View.php(228): include('/Volumes/mf480 - Data/Alifya/app/Views/admin/harga_v.php')
 3 SYSTEMPATH/View/View.php(231): CodeIgniter\View\View->CodeIgniter\View\{closure}()
 4 SYSTEMPATH/Common.php(1178): CodeIgniter\View\View->render('admin/harga_v', [], true)
 5 APPPATH/Controllers/Admin/HargaController.php(28): view('admin/harga_v', [...])
 6 SYSTEMPATH/CodeIgniter.php(941): App\Controllers\Admin\HargaController->index()
 7 SYSTEMPATH/CodeIgniter.php(502): CodeIgniter\CodeIgniter->runController(Object(App\Controllers\Admin\HargaController))
 8 SYSTEMPATH/CodeIgniter.php(361): CodeIgniter\CodeIgniter->handleRequest(null, Object(Config\Cache), false)
 9 FCPATH/index.php(79): CodeIgniter\CodeIgniter->run()
10 SYSTEMPATH/Commands/Server/rewrite.php(47): require_once('/Volumes/mf480 - Data/Alifya/public/index.php')
CRITICAL - 2024-07-18 17:14:42 --> Error: Call to undefined method CodeIgniter\Database\MySQLi\Result::getRowsObject()
in APPPATH/Models/Admin/HargaModel.php on line 23.
 1 APPPATH/Controllers/Admin/HargaController.php(25): App\Models\Admin\HargaModel->getHarga()
 2 SYSTEMPATH/CodeIgniter.php(941): App\Controllers\Admin\HargaController->index()
 3 SYSTEMPATH/CodeIgniter.php(502): CodeIgniter\CodeIgniter->runController(Object(App\Controllers\Admin\HargaController))
 4 SYSTEMPATH/CodeIgniter.php(361): CodeIgniter\CodeIgniter->handleRequest(null, Object(Config\Cache), false)
 5 FCPATH/index.php(79): CodeIgniter\CodeIgniter->run()
 6 SYSTEMPATH/Commands/Server/rewrite.php(47): require_once('/Volumes/mf480 - Data/Alifya/public/index.php')
CRITICAL - 2024-07-18 17:14:49 --> ErrorException: Trying to get property 'harga' of non-object
in APPPATH/Views/admin/harga_v.php on line 49.
 1 APPPATH/Views/admin/harga_v.php(49): CodeIgniter\Debug\Exceptions->errorHandler(8, 'Trying to get property \'harga\' of non-object', '/Volumes/mf480 - Data/Alifya/app/Views/admin/harga_v.php', 49, [...])
 2 SYSTEMPATH/View/View.php(228): include('/Volumes/mf480 - Data/Alifya/app/Views/admin/harga_v.php')
 3 SYSTEMPATH/View/View.php(231): CodeIgniter\View\View->CodeIgniter\View\{closure}()
 4 SYSTEMPATH/Common.php(1178): CodeIgniter\View\View->render('admin/harga_v', [], true)
 5 APPPATH/Controllers/Admin/HargaController.php(28): view('admin/harga_v', [...])
 6 SYSTEMPATH/CodeIgniter.php(941): App\Controllers\Admin\HargaController->index()
 7 SYSTEMPATH/CodeIgniter.php(502): CodeIgniter\CodeIgniter->runController(Object(App\Controllers\Admin\HargaController))
 8 SYSTEMPATH/CodeIgniter.php(361): CodeIgniter\CodeIgniter->handleRequest(null, Object(Config\Cache), false)
 9 FCPATH/index.php(79): CodeIgniter\CodeIgniter->run()
10 SYSTEMPATH/Commands/Server/rewrite.php(47): require_once('/Volumes/mf480 - Data/Alifya/public/index.php')
CRITICAL - 2024-07-18 17:15:23 --> ErrorException: Trying to get property 'harga' of non-object
in APPPATH/Views/admin/harga_v.php on line 49.
 1 APPPATH/Views/admin/harga_v.php(49): CodeIgniter\Debug\Exceptions->errorHandler(8, 'Trying to get property \'harga\' of non-object', '/Volumes/mf480 - Data/Alifya/app/Views/admin/harga_v.php', 49, [...])
 2 SYSTEMPATH/View/View.php(228): include('/Volumes/mf480 - Data/Alifya/app/Views/admin/harga_v.php')
 3 SYSTEMPATH/View/View.php(231): CodeIgniter\View\View->CodeIgniter\View\{closure}()
 4 SYSTEMPATH/Common.php(1178): CodeIgniter\View\View->render('admin/harga_v', [], true)
 5 APPPATH/Controllers/Admin/HargaController.php(28): view('admin/harga_v', [...])
 6 SYSTEMPATH/CodeIgniter.php(941): App\Controllers\Admin\HargaController->index()
 7 SYSTEMPATH/CodeIgniter.php(502): CodeIgniter\CodeIgniter->runController(Object(App\Controllers\Admin\HargaController))
 8 SYSTEMPATH/CodeIgniter.php(361): CodeIgniter\CodeIgniter->handleRequest(null, Object(Config\Cache), false)
 9 FCPATH/index.php(79): CodeIgniter\CodeIgniter->run()
10 SYSTEMPATH/Commands/Server/rewrite.php(47): require_once('/Volumes/mf480 - Data/Alifya/public/index.php')
CRITICAL - 2024-07-18 17:16:39 --> ErrorException: Trying to get property 'harga' of non-object
in APPPATH/Views/admin/harga_v.php on line 49.
 1 APPPATH/Views/admin/harga_v.php(49): CodeIgniter\Debug\Exceptions->errorHandler(8, 'Trying to get property \'harga\' of non-object', '/Volumes/mf480 - Data/Alifya/app/Views/admin/harga_v.php', 49, [...])
 2 SYSTEMPATH/View/View.php(228): include('/Volumes/mf480 - Data/Alifya/app/Views/admin/harga_v.php')
 3 SYSTEMPATH/View/View.php(231): CodeIgniter\View\View->CodeIgniter\View\{closure}()
 4 SYSTEMPATH/Common.php(1178): CodeIgniter\View\View->render('admin/harga_v', [], true)
 5 APPPATH/Controllers/Admin/HargaController.php(30): view('admin/harga_v', [...])
 6 SYSTEMPATH/CodeIgniter.php(941): App\Controllers\Admin\HargaController->index()
 7 SYSTEMPATH/CodeIgniter.php(502): CodeIgniter\CodeIgniter->runController(Object(App\Controllers\Admin\HargaController))
 8 SYSTEMPATH/CodeIgniter.php(361): CodeIgniter\CodeIgniter->handleRequest(null, Object(Config\Cache), false)
 9 FCPATH/index.php(79): CodeIgniter\CodeIgniter->run()
10 SYSTEMPATH/Commands/Server/rewrite.php(47): require_once('/Volumes/mf480 - Data/Alifya/public/index.php')
CRITICAL - 2024-07-18 17:17:03 --> ErrorException: Trying to get property 'id' of non-object
in APPPATH/Views/admin/harga_v.php on line 51.
 1 APPPATH/Views/admin/harga_v.php(51): CodeIgniter\Debug\Exceptions->errorHandler(8, 'Trying to get property \'id\' of non-object', '/Volumes/mf480 - Data/Alifya/app/Views/admin/harga_v.php', 51, [...])
 2 SYSTEMPATH/View/View.php(228): include('/Volumes/mf480 - Data/Alifya/app/Views/admin/harga_v.php')
 3 SYSTEMPATH/View/View.php(231): CodeIgniter\View\View->CodeIgniter\View\{closure}()
 4 SYSTEMPATH/Common.php(1178): CodeIgniter\View\View->render('admin/harga_v', [], true)
 5 APPPATH/Controllers/Admin/HargaController.php(30): view('admin/harga_v', [...])
 6 SYSTEMPATH/CodeIgniter.php(941): App\Controllers\Admin\HargaController->index()
 7 SYSTEMPATH/CodeIgniter.php(502): CodeIgniter\CodeIgniter->runController(Object(App\Controllers\Admin\HargaController))
 8 SYSTEMPATH/CodeIgniter.php(361): CodeIgniter\CodeIgniter->handleRequest(null, Object(Config\Cache), false)
 9 FCPATH/index.php(79): CodeIgniter\CodeIgniter->run()
10 SYSTEMPATH/Commands/Server/rewrite.php(47): require_once('/Volumes/mf480 - Data/Alifya/public/index.php')
CRITICAL - 2024-07-18 17:21:09 --> ErrorException: Trying to get property 'harga' of non-object
in APPPATH/Views/admin/harga_v.php on line 49.
 1 APPPATH/Views/admin/harga_v.php(49): CodeIgniter\Debug\Exceptions->errorHandler(8, 'Trying to get property \'harga\' of non-object', '/Volumes/mf480 - Data/Alifya/app/Views/admin/harga_v.php', 49, [...])
 2 SYSTEMPATH/View/View.php(228): include('/Volumes/mf480 - Data/Alifya/app/Views/admin/harga_v.php')
 3 SYSTEMPATH/View/View.php(231): CodeIgniter\View\View->CodeIgniter\View\{closure}()
 4 SYSTEMPATH/Common.php(1178): CodeIgniter\View\View->render('admin/harga_v', [], true)
 5 APPPATH/Controllers/Admin/HargaController.php(30): view('admin/harga_v', [...])
 6 SYSTEMPATH/CodeIgniter.php(941): App\Controllers\Admin\HargaController->index()
 7 SYSTEMPATH/CodeIgniter.php(502): CodeIgniter\CodeIgniter->runController(Object(App\Controllers\Admin\HargaController))
 8 SYSTEMPATH/CodeIgniter.php(361): CodeIgniter\CodeIgniter->handleRequest(null, Object(Config\Cache), false)
 9 FCPATH/index.php(79): CodeIgniter\CodeIgniter->run()
10 SYSTEMPATH/Commands/Server/rewrite.php(47): require_once('/Volumes/mf480 - Data/Alifya/public/index.php')
CRITICAL - 2024-07-18 17:21:55 --> ErrorException: Trying to get property 'harga' of non-object
in APPPATH/Views/admin/harga_v.php on line 49.
 1 APPPATH/Views/admin/harga_v.php(49): CodeIgniter\Debug\Exceptions->errorHandler(8, 'Trying to get property \'harga\' of non-object', '/Volumes/mf480 - Data/Alifya/app/Views/admin/harga_v.php', 49, [...])
 2 SYSTEMPATH/View/View.php(228): include('/Volumes/mf480 - Data/Alifya/app/Views/admin/harga_v.php')
 3 SYSTEMPATH/View/View.php(231): CodeIgniter\View\View->CodeIgniter\View\{closure}()
 4 SYSTEMPATH/Common.php(1178): CodeIgniter\View\View->render('admin/harga_v', [], true)
 5 APPPATH/Controllers/Admin/HargaController.php(30): view('admin/harga_v', [...])
 6 SYSTEMPATH/CodeIgniter.php(941): App\Controllers\Admin\HargaController->index()
 7 SYSTEMPATH/CodeIgniter.php(502): CodeIgniter\CodeIgniter->runController(Object(App\Controllers\Admin\HargaController))
 8 SYSTEMPATH/CodeIgniter.php(361): CodeIgniter\CodeIgniter->handleRequest(null, Object(Config\Cache), false)
 9 FCPATH/index.php(79): CodeIgniter\CodeIgniter->run()
10 SYSTEMPATH/Commands/Server/rewrite.php(47): require_once('/Volumes/mf480 - Data/Alifya/public/index.php')
